[ 2016-07-28T19:30:14+08:00 ] ::1 /thinkphp/Exbook.php/home/book/read
INFO: [ app_init ] --START--
INFO: [ app_init ] --END-- [ RunTime:0.011757s ]
ERR: 无法加载控制器:book

[ 2016-07-28T19:30:47+08:00 ] ::1 /thinkphp/Exbook.php/Home/book/read
INFO: [ app_init ] --START--
INFO: [ app_init ] --END-- [ RunTime:0.001003s ]

[ 2016-07-28T19:31:43+08:00 ] ::1 /thinkphp/Exbook.php/Home/book/read
INFO: [ app_init ] --START--
INFO: [ app_init ] --END-- [ RunTime:0.001583s ]

[ 2016-07-28T19:32:29+08:00 ] ::1 /thinkphp/Exbook.php/Home/book/read
INFO: [ app_init ] --START--
INFO: [ app_init ] --END-- [ RunTime:0.001056s ]

[ 2016-07-28T19:33:02+08:00 ] ::1 /thinkphp/Exbook.php/Home/book/read/page/2
INFO: [ app_init ] --START--
INFO: [ app_init ] --END-- [ RunTime:0.001236s ]

[ 2016-07-28T19:35:41+08:00 ] ::1 /thinkphp/Exbook.php/Home/book/read/page/2
INFO: [ app_init ] --START--
INFO: [ app_init ] --END-- [ RunTime:0.001122s ]

[ 2016-07-28T19:40:53+08:00 ] ::1 /thinkphp/Exbook.php/Home/book/read/page/2
INFO: [ app_init ] --START--
INFO: [ app_init ] --END-- [ RunTime:0.001441s ]

[ 2016-07-28T19:40:55+08:00 ] ::1 /thinkphp/Exbook.php/Home/book/read/page/2
INFO: [ app_init ] --START--
INFO: [ app_init ] --END-- [ RunTime:0.000999s ]

[ 2016-07-28T19:41:08+08:00 ] ::1 /thinkphp/Exbook.php/Home/book/read
INFO: [ app_init ] --START--
INFO: [ app_init ] --END-- [ RunTime:0.001129s ]

[ 2016-07-28T19:41:31+08:00 ] ::1 /thinkphp/Exbook.php/Home/book/read
INFO: [ app_init ] --START--
INFO: [ app_init ] --END-- [ RunTime:0.001061s ]

[ 2016-07-28T19:41:33+08:00 ] ::1 /thinkphp/Exbook.php/Home/book/read
INFO: [ app_init ] --START--
INFO: [ app_init ] --END-- [ RunTime:0.001600s ]

[ 2016-07-28T19:42:44+08:00 ] ::1 /thinkphp/Exbook.php/Home/book/read
INFO: [ app_init ] --START--
INFO: [ app_init ] --END-- [ RunTime:0.001216s ]

[ 2016-07-28T19:46:25+08:00 ] ::1 /thinkphp/Exbook.php/Home/book/read
INFO: [ app_init ] --START--
INFO: [ app_init ] --END-- [ RunTime:0.001053s ]

[ 2016-07-28T19:47:09+08:00 ] ::1 /thinkphp/Exbook.php/Home/book/read
INFO: [ app_init ] --START--
INFO: [ app_init ] --END-- [ RunTime:0.001014s ]

[ 2016-07-28T19:51:15+08:00 ] ::1 /thinkphp/Exbook.php/Home/book/read
INFO: [ app_init ] --START--
INFO: [ app_init ] --END-- [ RunTime:0.002618s ]

[ 2016-07-28T19:51:34+08:00 ] ::1 /thinkphp/Exbook.php/Home/book/read
INFO: [ app_init ] --START--
INFO: [ app_init ] --END-- [ RunTime:0.001080s ]

[ 2016-07-28T19:52:53+08:00 ] ::1 /thinkphp/Exbook.php/Home/book/read
INFO: [ app_init ] --START--
INFO: [ app_init ] --END-- [ RunTime:0.001916s ]

[ 2016-07-28T19:53:09+08:00 ] ::1 /thinkphp/Exbook.php/Home/book/read/tradetype/%E5%80%9F
INFO: [ app_init ] --START--
INFO: [ app_init ] --END-- [ RunTime:0.001065s ]

[ 2016-07-28T19:53:34+08:00 ] ::1 /thinkphp/Exbook.php/Home/book/read/tradetype/%E8%BF%98
INFO: [ app_init ] --START--
INFO: [ app_init ] --END-- [ RunTime:0.001119s ]

[ 2016-07-28T19:53:39+08:00 ] ::1 /thinkphp/Exbook.php/Home/book/read/tradetype/%E5%8D%96
INFO: [ app_init ] --START--
INFO: [ app_init ] --END-- [ RunTime:0.001176s ]

[ 2016-07-28T19:54:26+08:00 ] ::1 /thinkphp/Exbook.php/Home/book/read/tradetype/
INFO: [ app_init ] --START--
INFO: [ app_init ] --END-- [ RunTime:0.002476s ]

[ 2016-07-28T19:54:32+08:00 ] ::1 /thinkphp/Exbook.php/Home/book/read/
INFO: [ app_init ] --START--
INFO: [ app_init ] --END-- [ RunTime:0.001073s ]

[ 2016-07-28T20:14:05+08:00 ] ::1 /thinkphp/Exbook.php/Home/book/read/
INFO: [ app_init ] --START--
INFO: [ app_init ] --END-- [ RunTime:0.002021s ]

[ 2016-07-28T20:14:23+08:00 ] ::1 /thinkphp/Exbook.php/Home/book/read/
INFO: [ app_init ] --START--
INFO: [ app_init ] --END-- [ RunTime:0.001138s ]

[ 2016-07-28T20:16:09+08:00 ] ::1 /thinkphp/Exbook.php/Home/book/read/
INFO: [ app_init ] --START--
INFO: [ app_init ] --END-- [ RunTime:0.001030s ]

[ 2016-07-28T20:24:34+08:00 ] ::1 /thinkphp/Exbook.php/Home/book/read/bid/1
INFO: [ app_init ] --START--
INFO: [ app_init ] --END-- [ RunTime:0.001134s ]

[ 2016-07-28T20:24:49+08:00 ] ::1 /thinkphp/Exbook.php/Home/book/read/bid/1
INFO: [ app_init ] --START--
INFO: [ app_init ] --END-- [ RunTime:0.001871s ]

[ 2016-07-28T20:25:57+08:00 ] ::1 /thinkphp/Exbook.php/Home/book/read/bname/itbigdata
INFO: [ app_init ] --START--
INFO: [ app_init ] --END-- [ RunTime:0.001138s ]

[ 2016-07-28T20:26:40+08:00 ] ::1 /thinkphp/Exbook.php/Home/book/read/bname/itbigdata
INFO: [ app_init ] --START--
INFO: [ app_init ] --END-- [ RunTime:0.001101s ]

[ 2016-07-28T20:26:41+08:00 ] ::1 /thinkphp/Exbook.php/Home/book/read/bname/itbigdata
INFO: [ app_init ] --START--
INFO: [ app_init ] --END-- [ RunTime:0.001028s ]

[ 2016-07-28T20:27:59+08:00 ] ::1 /thinkphp/Exbook.php/Home/book/read/bname/itbigdata
INFO: [ app_init ] --START--
INFO: [ app_init ] --END-- [ RunTime:0.001227s ]

[ 2016-07-28T20:28:01+08:00 ] ::1 /thinkphp/Exbook.php/Home/book/read/bname/itbigdata
INFO: [ app_init ] --START--
INFO: [ app_init ] --END-- [ RunTime:0.001034s ]

[ 2016-07-28T20:28:28+08:00 ] ::1 /thinkphp/Exbook.php/Home/book/read/bname/itbigdata
INFO: [ app_init ] --START--
INFO: [ app_init ] --END-- [ RunTime:0.001563s ]

[ 2016-07-28T20:28:29+08:00 ] ::1 /thinkphp/Exbook.php/Home/book/read/bname/itbigdata
INFO: [ app_init ] --START--
INFO: [ app_init ] --END-- [ RunTime:0.001067s ]

[ 2016-07-28T20:28:30+08:00 ] ::1 /thinkphp/Exbook.php/Home/book/read/bname/itbigdata
INFO: [ app_init ] --START--
INFO: [ app_init ] --END-- [ RunTime:0.001018s ]

[ 2016-07-28T20:29:46+08:00 ] ::1 /thinkphp/Exbook.php/Home/book/read/bname/itbigdata
INFO: [ app_init ] --START--
INFO: [ app_init ] --END-- [ RunTime:0.000999s ]

[ 2016-07-28T20:29:47+08:00 ] ::1 /thinkphp/Exbook.php/Home/book/read/bname/itbigdata
INFO: [ app_init ] --START--
INFO: [ app_init ] --END-- [ RunTime:0.001965s ]

[ 2016-07-28T20:56:51+08:00 ] ::1 /thinkphp/Exbook.php/Home/book/read/classify/%E6%95%99%E6%9D%90%EF%BC%9B%E6%95%B0%E5%AD%A6
INFO: [ app_init ] --START--
INFO: [ app_init ] --END-- [ RunTime:0.000991s ]

