[ 2016-06-10T16:44:59+08:00 ] ::1 /thinkphp/exbook.php/Home/User/register
INFO: [ app_init ] --START--
INFO: [ app_init ] --END-- [ RunTime:0.002703s ]

[ 2016-06-10T16:45:52+08:00 ] ::1 /thinkphp/exbook.php/Home/User/register
INFO: [ app_init ] --START--
INFO: [ app_init ] --END-- [ RunTime:0.001026s ]

[ 2016-06-10T16:49:01+08:00 ] ::1 /thinkphp/exbook.php/Home/
INFO: [ app_init ] --START--
INFO: [ app_init ] --END-- [ RunTime:0.002575s ]

[ 2016-06-10T16:49:08+08:00 ] ::1 /thinkphp/exbook.php/Home/Index/upload
INFO: [ app_init ] --START--
INFO: [ app_init ] --END-- [ RunTime:0.001050s ]

[ 2016-06-10T16:50:47+08:00 ] ::1 /thinkphp/exbook.php/Home/Index/upload
INFO: [ app_init ] --START--
INFO: [ app_init ] --END-- [ RunTime:0.001748s ]

[ 2016-06-10T16:51:40+08:00 ] ::1 /thinkphp/exbook.php/Home/User/login
INFO: [ app_init ] --START--
INFO: [ app_init ] --END-- [ RunTime:0.001593s ]

[ 2016-06-10T16:51:50+08:00 ] ::1 /thinkphp/exbook.php/Home/User/login?tell=15002955935&pwd=lxb
INFO: [ app_init ] --START--
INFO: [ app_init ] --END-- [ RunTime:0.001181s ]

[ 2016-06-10T16:52:11+08:00 ] ::1 /thinkphp/exbook.php/Home/User/registerhtml
INFO: [ app_init ] --START--
INFO: [ app_init ] --END-- [ RunTime:0.001184s ]

[ 2016-06-10T16:52:17+08:00 ] ::1 /thinkphp/exbook.php/Home/User/register
INFO: [ app_init ] --START--
INFO: [ app_init ] --END-- [ RunTime:0.001018s ]

[ 2016-06-10T17:09:15+08:00 ] ::1 /thinkphp/exbook.php/Home/User/register
INFO: [ app_init ] --START--
INFO: [ app_init ] --END-- [ RunTime:0.001030s ]

[ 2016-06-10T17:17:41+08:00 ] ::1 /thinkphp/exbook.php/Home/User/registerhtml
INFO: [ app_init ] --START--
INFO: [ app_init ] --END-- [ RunTime:0.001566s ]

[ 2016-06-10T17:17:56+08:00 ] ::1 /thinkphp/exbook.php/Home/User/register
INFO: [ app_init ] --START--
INFO: [ app_init ] --END-- [ RunTime:0.001610s ]

[ 2016-06-10T17:32:15+08:00 ] ::1 /thinkphp/exbook.php/Home/User/register
INFO: [ app_init ] --START--
INFO: [ app_init ] --END-- [ RunTime:0.001005s ]

