[ 2016-08-02T09:35:41+08:00 ] ::1 /thinkphp/Exbook.php/Home/user/login/tell/18717344478/pwd/lxb
INFO: [ app_init ] --START--
INFO: [ app_init ] --END-- [ RunTime:0.001121s ]

[ 2016-08-02T09:35:44+08:00 ] ::1 /thinkphp/Exbook.php/Home/book/add/isbn/106170
INFO: [ app_init ] --START--
INFO: [ app_init ] --END-- [ RunTime:0.001028s ]
ERR: Think\Model:filed方法不存在！

[ 2016-08-02T09:37:11+08:00 ] ::1 /thinkphp/Exbook.php/Home/book/add/isbn/106170
INFO: [ app_init ] --START--
INFO: [ app_init ] --END-- [ RunTime:0.001234s ]

[ 2016-08-02T09:38:16+08:00 ] ::1 /thinkphp/Exbook.php/Home/book/add/isbn/106170
INFO: [ app_init ] --START--
INFO: [ app_init ] --END-- [ RunTime:0.002312s ]
ERR: Think\Model:filed方法不存在！

[ 2016-08-02T09:40:06+08:00 ] ::1 /thinkphp/Exbook.php/Home/book/add/isbn/106170
INFO: [ app_init ] --START--
INFO: [ app_init ] --END-- [ RunTime:0.001062s ]

[ 2016-08-02T09:44:05+08:00 ] ::1 /thinkphp/Exbook.php/Home/book/add/isbn/106170
INFO: [ app_init ] --START--
INFO: [ app_init ] --END-- [ RunTime:0.000945s ]

[ 2016-08-02T09:56:06+08:00 ] ::1 /thinkphp/Exbook.php/Home/book/add/isbn/106170
INFO: [ app_init ] --START--
INFO: [ app_init ] --END-- [ RunTime:0.000937s ]

[ 2016-08-02T09:56:17+08:00 ] ::1 /thinkphp/Exbook.php/Home/book/add/isbn/000
INFO: [ app_init ] --START--
INFO: [ app_init ] --END-- [ RunTime:0.001503s ]

[ 2016-08-02T10:07:46+08:00 ] ::1 /thinkphp/Exbook.php/Home/book/add/isbn/000
INFO: [ app_init ] --START--
INFO: [ app_init ] --END-- [ RunTime:0.001093s ]

[ 2016-08-02T10:09:49+08:00 ] ::1 /thinkphp/Exbook.php/Home/book/add/isbn/000
INFO: [ app_init ] --START--
INFO: [ app_init ] --END-- [ RunTime:0.001054s ]

[ 2016-08-02T10:09:58+08:00 ] ::1 /thinkphp/Exbook.php/Home/book/add/isbn/001
INFO: [ app_init ] --START--
INFO: [ app_init ] --END-- [ RunTime:0.001065s ]

[ 2016-08-02T16:01:33+08:00 ] ::1 /thinkphp/Exbook.php/Home/book/add/isbn/001
INFO: [ app_init ] --START--
INFO: [ app_init ] --END-- [ RunTime:0.001054s ]

[ 2016-08-02T16:02:38+08:00 ] ::1 /thinkphp/Exbook.php/Home/book/add/isbn/001
INFO: [ app_init ] --START--
INFO: [ app_init ] --END-- [ RunTime:0.001033s ]

[ 2016-08-02T16:03:55+08:00 ] ::1 /thinkphp/Exbook.php/Home/book/add/isbn/001
INFO: [ app_init ] --START--
INFO: [ app_init ] --END-- [ RunTime:0.001909s ]

[ 2016-08-02T16:05:46+08:00 ] ::1 /thinkphp/Exbook.php/Home/user/login/tell/18717344478/pwd/lxb
INFO: [ app_init ] --START--
INFO: [ app_init ] --END-- [ RunTime:0.001039s ]

[ 2016-08-02T16:05:48+08:00 ] ::1 /thinkphp/Exbook.php/Home/user/login/tell/18717344478/pwd/lxb
INFO: [ app_init ] --START--
INFO: [ app_init ] --END-- [ RunTime:0.001254s ]

[ 2016-08-02T16:06:00+08:00 ] ::1 /thinkphp/Exbook.php/Home/user/unlogin/tell/18717344478/pwd/lxb
INFO: [ app_init ] --START--
INFO: [ app_init ] --END-- [ RunTime:0.001022s ]

[ 2016-08-02T16:06:03+08:00 ] ::1 /thinkphp/Exbook.php/Home/user/unlogin/tell/18717344478/pwd/lxb
INFO: [ app_init ] --START--
INFO: [ app_init ] --END-- [ RunTime:0.001041s ]

[ 2016-08-02T16:06:05+08:00 ] ::1 /thinkphp/Exbook.php/Home/user/unlogin/tell/18717344478/pwd/lxb
INFO: [ app_init ] --START--
INFO: [ app_init ] --END-- [ RunTime:0.001659s ]

[ 2016-08-02T16:06:06+08:00 ] ::1 /thinkphp/Exbook.php/Home/user/unlogin/tell/18717344478/pwd/lxb
INFO: [ app_init ] --START--
INFO: [ app_init ] --END-- [ RunTime:0.001031s ]

[ 2016-08-02T16:06:07+08:00 ] ::1 /thinkphp/Exbook.php/Home/user/unlogin/tell/18717344478/pwd/lxb
INFO: [ app_init ] --START--
INFO: [ app_init ] --END-- [ RunTime:0.001001s ]

[ 2016-08-02T16:06:08+08:00 ] ::1 /thinkphp/Exbook.php/Home/user/unlogin/tell/18717344478/pwd/lxb
INFO: [ app_init ] --START--
INFO: [ app_init ] --END-- [ RunTime:0.001013s ]

[ 2016-08-02T16:06:09+08:00 ] ::1 /thinkphp/Exbook.php/Home/user/unlogin/tell/18717344478/pwd/lxb
INFO: [ app_init ] --START--
INFO: [ app_init ] --END-- [ RunTime:0.001052s ]

[ 2016-08-02T16:06:09+08:00 ] ::1 /thinkphp/Exbook.php/Home/user/unlogin/tell/18717344478/pwd/lxb
INFO: [ app_init ] --START--
INFO: [ app_init ] --END-- [ RunTime:0.001022s ]

[ 2016-08-02T16:06:14+08:00 ] ::1 /thinkphp/Exbook.php/Home/book/add/isbn/001
INFO: [ app_init ] --START--
INFO: [ app_init ] --END-- [ RunTime:0.001023s ]

[ 2016-08-02T16:06:16+08:00 ] ::1 /thinkphp/Exbook.php/Home/book/add/isbn/001
INFO: [ app_init ] --START--
INFO: [ app_init ] --END-- [ RunTime:0.001523s ]

[ 2016-08-02T16:07:07+08:00 ] ::1 /thinkphp/Exbook.php/Home/user/unlogin/tell/18717344478/pwd/lxb
INFO: [ app_init ] --START--
INFO: [ app_init ] --END-- [ RunTime:0.001230s ]

[ 2016-08-02T16:07:10+08:00 ] ::1 /thinkphp/Exbook.php/Home/book/add/isbn/001
INFO: [ app_init ] --START--
INFO: [ app_init ] --END-- [ RunTime:0.001029s ]

[ 2016-08-02T16:07:11+08:00 ] ::1 /thinkphp/Exbook.php/Home/book/add/isbn/001
INFO: [ app_init ] --START--
INFO: [ app_init ] --END-- [ RunTime:0.001016s ]

[ 2016-08-02T16:09:37+08:00 ] ::1 /thinkphp/Exbook.php/Home/user/login/tell/18717344478/pwd/lxb
INFO: [ app_init ] --START--
INFO: [ app_init ] --END-- [ RunTime:0.001379s ]

[ 2016-08-02T16:10:25+08:00 ] ::1 /thinkphp/Exbook.php/Home/user/login/tell/18717344478/pwd/lxb
INFO: [ app_init ] --START--
INFO: [ app_init ] --END-- [ RunTime:0.001638s ]

[ 2016-08-02T16:10:32+08:00 ] ::1 /thinkphp/Exbook.php/Home/user/login/tell/18717344478/pwd/lxb
INFO: [ app_init ] --START--
INFO: [ app_init ] --END-- [ RunTime:0.001077s ]

[ 2016-08-02T16:10:32+08:00 ] ::1 /thinkphp/Exbook.php/Home/user/login/tell/18717344478/pwd/lxb
INFO: [ app_init ] --START--
INFO: [ app_init ] --END-- [ RunTime:0.001100s ]

[ 2016-08-02T16:10:33+08:00 ] ::1 /thinkphp/Exbook.php/Home/user/login/tell/18717344478/pwd/lxb
INFO: [ app_init ] --START--
INFO: [ app_init ] --END-- [ RunTime:0.001643s ]

[ 2016-08-02T16:12:52+08:00 ] ::1 /thinkphp/Exbook.php/Home/user/login/tell/18717344478/pwd/lxb
INFO: [ app_init ] --START--
INFO: [ app_init ] --END-- [ RunTime:0.001253s ]

[ 2016-08-02T16:13:04+08:00 ] ::1 /thinkphp/Exbook.php/Home/user/login/tell/18717344478/pwd/lxb
INFO: [ app_init ] --START--
INFO: [ app_init ] --END-- [ RunTime:0.002199s ]

[ 2016-08-02T16:13:06+08:00 ] ::1 /thinkphp/Exbook.php/Home/user/login/tell/18717344478/pwd/lxb
INFO: [ app_init ] --START--
INFO: [ app_init ] --END-- [ RunTime:0.001118s ]

[ 2016-08-02T16:13:07+08:00 ] ::1 /thinkphp/Exbook.php/Home/user/login/tell/18717344478/pwd/lxb
INFO: [ app_init ] --START--
INFO: [ app_init ] --END-- [ RunTime:0.001071s ]

[ 2016-08-02T16:13:07+08:00 ] ::1 /thinkphp/Exbook.php/Home/user/login/tell/18717344478/pwd/lxb
INFO: [ app_init ] --START--
INFO: [ app_init ] --END-- [ RunTime:0.001145s ]

[ 2016-08-02T16:13:08+08:00 ] ::1 /thinkphp/Exbook.php/Home/user/login/tell/18717344478/pwd/lxb
INFO: [ app_init ] --START--
INFO: [ app_init ] --END-- [ RunTime:0.001088s ]

[ 2016-08-02T16:13:08+08:00 ] ::1 /thinkphp/Exbook.php/Home/user/login/tell/18717344478/pwd/lxb
INFO: [ app_init ] --START--
INFO: [ app_init ] --END-- [ RunTime:0.001117s ]

[ 2016-08-02T16:13:09+08:00 ] ::1 /thinkphp/Exbook.php/Home/user/login/tell/18717344478/pwd/lxb
INFO: [ app_init ] --START--
INFO: [ app_init ] --END-- [ RunTime:0.001061s ]

[ 2016-08-02T16:13:09+08:00 ] ::1 /thinkphp/Exbook.php/Home/user/login/tell/18717344478/pwd/lxb
INFO: [ app_init ] --START--
INFO: [ app_init ] --END-- [ RunTime:0.001135s ]

[ 2016-08-02T16:13:56+08:00 ] ::1 /thinkphp/Exbook.php/Home/user/login/tell/18717344478/pwd/lxb
INFO: [ app_init ] --START--
INFO: [ app_init ] --END-- [ RunTime:0.001164s ]

[ 2016-08-02T16:13:57+08:00 ] ::1 /thinkphp/Exbook.php/Home/user/login/tell/18717344478/pwd/lxb
INFO: [ app_init ] --START--
INFO: [ app_init ] --END-- [ RunTime:0.001098s ]

[ 2016-08-02T16:13:58+08:00 ] ::1 /thinkphp/Exbook.php/Home/user/login/tell/18717344478/pwd/lxb
INFO: [ app_init ] --START--
INFO: [ app_init ] --END-- [ RunTime:0.001125s ]

[ 2016-08-02T16:14:55+08:00 ] ::1 /thinkphp/Exbook.php/Home/user/login/tell/18717344478/pwd/lxb
INFO: [ app_init ] --START--
INFO: [ app_init ] --END-- [ RunTime:0.001086s ]

[ 2016-08-02T16:15:43+08:00 ] ::1 /thinkphp/Exbook.php/Home/user/login/tell/18717344478/pwd/lxb
INFO: [ app_init ] --START--
INFO: [ app_init ] --END-- [ RunTime:0.001376s ]

[ 2016-08-02T16:15:45+08:00 ] ::1 /thinkphp/Exbook.php/Home/user/login/tell/18717344478/pwd/lxb
INFO: [ app_init ] --START--
INFO: [ app_init ] --END-- [ RunTime:0.001092s ]

[ 2016-08-02T16:20:49+08:00 ] ::1 /thinkphp/Exbook.php/Home/user/login/tell/18717344478/pwd/lxb
INFO: [ app_init ] --START--
INFO: [ app_init ] --END-- [ RunTime:0.001162s ]

[ 2016-08-02T16:20:50+08:00 ] ::1 /thinkphp/Exbook.php/Home/user/login/tell/18717344478/pwd/lxb
INFO: [ app_init ] --START--
INFO: [ app_init ] --END-- [ RunTime:0.001069s ]

[ 2016-08-02T16:20:51+08:00 ] ::1 /thinkphp/Exbook.php/Home/user/login/tell/18717344478/pwd/lxb
INFO: [ app_init ] --START--
INFO: [ app_init ] --END-- [ RunTime:0.001077s ]

[ 2016-08-02T16:20:51+08:00 ] ::1 /thinkphp/Exbook.php/Home/user/login/tell/18717344478/pwd/lxb
INFO: [ app_init ] --START--
INFO: [ app_init ] --END-- [ RunTime:0.001089s ]

[ 2016-08-02T16:20:52+08:00 ] ::1 /thinkphp/Exbook.php/Home/user/login/tell/18717344478/pwd/lxb
INFO: [ app_init ] --START--
INFO: [ app_init ] --END-- [ RunTime:0.001069s ]

[ 2016-08-02T16:24:47+08:00 ] ::1 /thinkphp/Exbook.php/Home/user/login/tell/18717344478/pwd/lxb
INFO: [ app_init ] --START--
INFO: [ app_init ] --END-- [ RunTime:0.001199s ]

[ 2016-08-02T16:24:51+08:00 ] ::1 /thinkphp/Exbook.php/Home/user/login/tell/18717344478/pwd/lxb
INFO: [ app_init ] --START--
INFO: [ app_init ] --END-- [ RunTime:0.002756s ]

[ 2016-08-02T16:24:52+08:00 ] ::1 /thinkphp/Exbook.php/Home/user/login/tell/18717344478/pwd/lxb
INFO: [ app_init ] --START--
INFO: [ app_init ] --END-- [ RunTime:0.001241s ]

[ 2016-08-02T16:25:28+08:00 ] ::1 /thinkphp/Exbook.php/Home/user/login/tell/18717344478/pwd/lxb
INFO: [ app_init ] --START--
INFO: [ app_init ] --END-- [ RunTime:0.001403s ]

[ 2016-08-02T16:25:31+08:00 ] ::1 /thinkphp/Exbook.php/Home/user/login/tell/18717344478/pwd/lxb
INFO: [ app_init ] --START--
INFO: [ app_init ] --END-- [ RunTime:0.001254s ]

[ 2016-08-02T16:25:32+08:00 ] ::1 /thinkphp/Exbook.php/Home/user/login/tell/18717344478/pwd/lxb
INFO: [ app_init ] --START--
INFO: [ app_init ] --END-- [ RunTime:0.001155s ]

[ 2016-08-02T16:25:33+08:00 ] ::1 /thinkphp/Exbook.php/Home/user/login/tell/18717344478/pwd/lxb
INFO: [ app_init ] --START--
INFO: [ app_init ] --END-- [ RunTime:0.001134s ]

[ 2016-08-02T16:26:44+08:00 ] ::1 /thinkphp/Exbook.php/Home/user/login/tell/18717344478/pwd/lxb
INFO: [ app_init ] --START--
INFO: [ app_init ] --END-- [ RunTime:0.001268s ]

[ 2016-08-02T16:26:55+08:00 ] ::1 /thinkphp/Exbook.php/Home/book/add/isbn/001
INFO: [ app_init ] --START--
INFO: [ app_init ] --END-- [ RunTime:0.002387s ]

[ 2016-08-02T16:27:04+08:00 ] ::1 /thinkphp/Exbook.php/Home/user/login/tell/18717344478/pwd/lxb
INFO: [ app_init ] --START--
INFO: [ app_init ] --END-- [ RunTime:0.001103s ]

[ 2016-08-02T16:27:46+08:00 ] ::1 /thinkphp/Exbook.php/Home/user/login/tell/18717344478/pwd/lxb
INFO: [ app_init ] --START--
INFO: [ app_init ] --END-- [ RunTime:0.001206s ]

[ 2016-08-02T16:28:11+08:00 ] ::1 /thinkphp/Exbook.php/Home/user/login/tell/18717344478/pwd/lxb
INFO: [ app_init ] --START--
INFO: [ app_init ] --END-- [ RunTime:0.001099s ]

[ 2016-08-02T16:28:24+08:00 ] ::1 /thinkphp/Exbook.php/Home/user/login/tell/18717344478/pwd/lxb
INFO: [ app_init ] --START--
INFO: [ app_init ] --END-- [ RunTime:0.001099s ]

[ 2016-08-02T16:28:25+08:00 ] ::1 /thinkphp/Exbook.php/Home/user/login/tell/18717344478/pwd/lxb
INFO: [ app_init ] --START--
INFO: [ app_init ] --END-- [ RunTime:0.001090s ]

[ 2016-08-02T16:28:26+08:00 ] ::1 /thinkphp/Exbook.php/Home/user/login/tell/18717344478/pwd/lxb
INFO: [ app_init ] --START--
INFO: [ app_init ] --END-- [ RunTime:0.001180s ]

[ 2016-08-02T16:28:27+08:00 ] ::1 /thinkphp/Exbook.php/Home/user/login/tell/18717344478/pwd/lxb
INFO: [ app_init ] --START--
INFO: [ app_init ] --END-- [ RunTime:0.002071s ]

[ 2016-08-02T16:28:28+08:00 ] ::1 /thinkphp/Exbook.php/Home/user/login/tell/18717344478/pwd/lxb
INFO: [ app_init ] --START--
INFO: [ app_init ] --END-- [ RunTime:0.001894s ]

[ 2016-08-02T16:30:29+08:00 ] ::1 /thinkphp/Exbook.php/Home/user/login/tell/18717344478/pwd/lxb
INFO: [ app_init ] --START--
INFO: [ app_init ] --END-- [ RunTime:0.001119s ]

[ 2016-08-02T16:30:33+08:00 ] ::1 /thinkphp/Exbook.php/Home/book/add/isbn/001
INFO: [ app_init ] --START--
INFO: [ app_init ] --END-- [ RunTime:0.002219s ]

