[ 2016-07-06T09:26:44+08:00 ] ::1 /thinkphp/exbook.php/Home/
INFO: [ app_init ] --START--
INFO: [ app_init ] --END-- [ RunTime:0.016662s ]

[ 2016-07-06T09:28:19+08:00 ] ::1 /thinkphp/Exbook.php/Home/index/page
INFO: [ app_init ] --START--
INFO: [ app_init ] --END-- [ RunTime:0.000845s ]

[ 2016-07-06T09:28:36+08:00 ] ::1 /thinkphp/Exbook.php/Home/index/page/page/1
INFO: [ app_init ] --START--
INFO: [ app_init ] --END-- [ RunTime:0.000780s ]

[ 2016-07-06T09:28:38+08:00 ] ::1 /thinkphp/Exbook.php/Home/index/page/page/1
INFO: [ app_init ] --START--
INFO: [ app_init ] --END-- [ RunTime:0.000825s ]

[ 2016-07-06T09:28:40+08:00 ] ::1 /thinkphp/Exbook.php/Home/index/page/page/0
INFO: [ app_init ] --START--
INFO: [ app_init ] --END-- [ RunTime:0.000794s ]

[ 2016-07-06T09:28:45+08:00 ] ::1 /thinkphp/Exbook.php/Home/index/page/page/-1
INFO: [ app_init ] --START--
INFO: [ app_init ] --END-- [ RunTime:0.001667s ]

[ 2016-07-06T09:28:53+08:00 ] ::1 /thinkphp/Exbook.php/Home/index/page/page/0
INFO: [ app_init ] --START--
INFO: [ app_init ] --END-- [ RunTime:0.001061s ]

[ 2016-07-06T09:28:59+08:00 ] ::1 /thinkphp/Exbook.php/Home/index/page/page/1
INFO: [ app_init ] --START--
INFO: [ app_init ] --END-- [ RunTime:0.000780s ]

[ 2016-07-06T09:29:02+08:00 ] ::1 /thinkphp/Exbook.php/Home/index/page/page/2
INFO: [ app_init ] --START--
INFO: [ app_init ] --END-- [ RunTime:0.000884s ]

[ 2016-07-06T09:29:04+08:00 ] ::1 /thinkphp/Exbook.php/Home/index/page/page/3
INFO: [ app_init ] --START--
INFO: [ app_init ] --END-- [ RunTime:0.000785s ]

[ 2016-07-06T09:29:05+08:00 ] ::1 /thinkphp/Exbook.php/Home/index/page/page/4
INFO: [ app_init ] --START--
INFO: [ app_init ] --END-- [ RunTime:0.000796s ]

[ 2016-07-06T09:29:06+08:00 ] ::1 /thinkphp/Exbook.php/Home/index/page/page/5
INFO: [ app_init ] --START--
INFO: [ app_init ] --END-- [ RunTime:0.000783s ]

[ 2016-07-06T09:30:04+08:00 ] ::1 /thinkphp/Exbook.php/Home/index/page/page/5
INFO: [ app_init ] --START--
INFO: [ app_init ] --END-- [ RunTime:0.001129s ]

[ 2016-07-06T09:31:28+08:00 ] ::1 /thinkphp/Exbook.php/Home/index/page/page/5
INFO: [ app_init ] --START--
INFO: [ app_init ] --END-- [ RunTime:0.000663s ]

[ 2016-07-06T09:32:36+08:00 ] ::1 /thinkphp/Exbook.php/Home/index/page/page/5
INFO: [ app_init ] --START--
INFO: [ app_init ] --END-- [ RunTime:0.001496s ]

[ 2016-07-06T09:32:38+08:00 ] ::1 /thinkphp/Exbook.php/Home/index/page/page/5
INFO: [ app_init ] --START--
INFO: [ app_init ] --END-- [ RunTime:0.001013s ]

[ 2016-07-06T09:33:04+08:00 ] ::1 /thinkphp/Exbook.php/Home/index/page/page/5
INFO: [ app_init ] --START--
INFO: [ app_init ] --END-- [ RunTime:0.001260s ]

[ 2016-07-06T09:33:10+08:00 ] ::1 /thinkphp/Exbook.php/Home/index/page/page/5
INFO: [ app_init ] --START--
INFO: [ app_init ] --END-- [ RunTime:0.000776s ]

[ 2016-07-06T09:33:12+08:00 ] ::1 /thinkphp/Exbook.php/Home/index/page/page/5
INFO: [ app_init ] --START--
INFO: [ app_init ] --END-- [ RunTime:0.000780s ]

[ 2016-07-06T09:33:12+08:00 ] ::1 /thinkphp/Exbook.php/Home/index/page/page/5
INFO: [ app_init ] --START--
INFO: [ app_init ] --END-- [ RunTime:0.000962s ]

[ 2016-07-06T09:39:08+08:00 ] ::1 /thinkphp/Exbook.php/Home/index/page/page/5
INFO: [ app_init ] --START--
INFO: [ app_init ] --END-- [ RunTime:0.001521s ]

[ 2016-07-06T09:39:34+08:00 ] ::1 /thinkphp/Exbook.php/Home/index/page/page/5
INFO: [ app_init ] --START--
INFO: [ app_init ] --END-- [ RunTime:0.000842s ]

[ 2016-07-06T09:40:45+08:00 ] ::1 /thinkphp/Exbook.php/Home/index/page/page/5
INFO: [ app_init ] --START--
INFO: [ app_init ] --END-- [ RunTime:0.001352s ]

[ 2016-07-06T09:44:58+08:00 ] ::1 /thinkphp/Exbook.php/Home/index/page/page/5
INFO: [ app_init ] --START--
INFO: [ app_init ] --END-- [ RunTime:0.004123s ]

[ 2016-07-06T09:45:34+08:00 ] ::1 /thinkphp/Exbook.php/Home/index/page/page/5
INFO: [ app_init ] --START--
INFO: [ app_init ] --END-- [ RunTime:0.001664s ]

[ 2016-07-06T09:46:37+08:00 ] ::1 /thinkphp/Exbook.php/Home/index/page/page/5
INFO: [ app_init ] --START--
INFO: [ app_init ] --END-- [ RunTime:0.001255s ]

[ 2016-07-06T09:47:50+08:00 ] ::1 /thinkphp/Exbook.php/Home/index/page/page/5
INFO: [ app_init ] --START--
INFO: [ app_init ] --END-- [ RunTime:0.006878s ]

[ 2016-07-06T09:48:31+08:00 ] ::1 /thinkphp/Exbook.php/Home/index/page/page/5
INFO: [ app_init ] --START--
INFO: [ app_init ] --END-- [ RunTime:0.000787s ]

