[ 2016-06-19T15:39:35+08:00 ] ::1 /thinkphp/exbook.php/Home/index.php/index/page
INFO: [ app_init ] --START--
INFO: [ app_init ] --END-- [ RunTime:0.001492s ]
ERR: 无法加载控制器:index.php

[ 2016-06-19T15:39:53+08:00 ] ::1 /thinkphp/exbook.php/Home/index/page
INFO: [ app_init ] --START--
INFO: [ app_init ] --END-- [ RunTime:0.000941s ]

[ 2016-06-19T17:18:35+08:00 ] ::1 /thinkphp/exbook.php/Home/index/page/page/1
INFO: [ app_init ] --START--
INFO: [ app_init ] --END-- [ RunTime:0.001264s ]

[ 2016-06-19T17:18:40+08:00 ] ::1 /thinkphp/exbook.php/Home/index/page/page/3
INFO: [ app_init ] --START--
INFO: [ app_init ] --END-- [ RunTime:0.000795s ]

[ 2016-06-19T17:18:43+08:00 ] ::1 /thinkphp/exbook.php/Home/index/page/page/4
INFO: [ app_init ] --START--
INFO: [ app_init ] --END-- [ RunTime:0.001219s ]

[ 2016-06-19T17:18:43+08:00 ] ::1 /thinkphp/exbook.php/Home/index/page/page/5
INFO: [ app_init ] --START--
INFO: [ app_init ] --END-- [ RunTime:0.001370s ]

[ 2016-06-19T17:18:44+08:00 ] ::1 /thinkphp/exbook.php/Home/index/page/page/6
INFO: [ app_init ] --START--
INFO: [ app_init ] --END-- [ RunTime:0.000851s ]

[ 2016-06-19T17:18:45+08:00 ] ::1 /thinkphp/exbook.php/Home/index/page/page/7
INFO: [ app_init ] --START--
INFO: [ app_init ] --END-- [ RunTime:0.001385s ]

[ 2016-06-19T17:18:45+08:00 ] ::1 /thinkphp/exbook.php/Home/index/page/page/7
INFO: [ app_init ] --START--
INFO: [ app_init ] --END-- [ RunTime:0.000934s ]

[ 2016-06-19T17:18:45+08:00 ] ::1 /thinkphp/exbook.php/Home/index/page/page/8
INFO: [ app_init ] --START--
INFO: [ app_init ] --END-- [ RunTime:0.001553s ]

[ 2016-06-19T17:18:46+08:00 ] ::1 /thinkphp/exbook.php/Home/index/page/page/9
INFO: [ app_init ] --START--
INFO: [ app_init ] --END-- [ RunTime:0.000813s ]

[ 2016-06-19T17:18:47+08:00 ] ::1 /thinkphp/exbook.php/Home/index/page/page/10
INFO: [ app_init ] --START--
INFO: [ app_init ] --END-- [ RunTime:0.001805s ]

[ 2016-06-19T17:18:49+08:00 ] ::1 /thinkphp/exbook.php/Home/index/page/page/11
INFO: [ app_init ] --START--
INFO: [ app_init ] --END-- [ RunTime:0.000846s ]

[ 2016-06-19T17:18:49+08:00 ] ::1 /thinkphp/exbook.php/Home/index/page/page/12
INFO: [ app_init ] --START--
INFO: [ app_init ] --END-- [ RunTime:0.001143s ]

[ 2016-06-19T17:18:50+08:00 ] ::1 /thinkphp/exbook.php/Home/index/page/page/13
INFO: [ app_init ] --START--
INFO: [ app_init ] --END-- [ RunTime:0.000806s ]

[ 2016-06-19T17:18:51+08:00 ] ::1 /thinkphp/exbook.php/Home/index/page/page/14
INFO: [ app_init ] --START--
INFO: [ app_init ] --END-- [ RunTime:0.000968s ]

[ 2016-06-19T17:18:52+08:00 ] ::1 /thinkphp/exbook.php/Home/index/page/page/15
INFO: [ app_init ] --START--
INFO: [ app_init ] --END-- [ RunTime:0.000822s ]

[ 2016-06-19T17:18:52+08:00 ] ::1 /thinkphp/exbook.php/Home/index/page/page/16
INFO: [ app_init ] --START--
INFO: [ app_init ] --END-- [ RunTime:0.000836s ]

[ 2016-06-19T17:18:53+08:00 ] ::1 /thinkphp/exbook.php/Home/index/page/page/17
INFO: [ app_init ] --START--
INFO: [ app_init ] --END-- [ RunTime:0.001122s ]

[ 2016-06-19T17:18:54+08:00 ] ::1 /thinkphp/exbook.php/Home/index/page/page/18
INFO: [ app_init ] --START--
INFO: [ app_init ] --END-- [ RunTime:0.000822s ]

[ 2016-06-19T17:18:54+08:00 ] ::1 /thinkphp/exbook.php/Home/index/page/page/19
INFO: [ app_init ] --START--
INFO: [ app_init ] --END-- [ RunTime:0.000802s ]

[ 2016-06-19T17:18:55+08:00 ] ::1 /thinkphp/exbook.php/Home/index/page/page/20
INFO: [ app_init ] --START--
INFO: [ app_init ] --END-- [ RunTime:0.000787s ]

[ 2016-06-19T17:18:56+08:00 ] ::1 /thinkphp/exbook.php/Home/index/page/page/21
INFO: [ app_init ] --START--
INFO: [ app_init ] --END-- [ RunTime:0.000878s ]

[ 2016-06-19T17:18:57+08:00 ] ::1 /thinkphp/exbook.php/Home/index/page/page/22
INFO: [ app_init ] --START--
INFO: [ app_init ] --END-- [ RunTime:0.001213s ]

[ 2016-06-19T17:18:59+08:00 ] ::1 /thinkphp/exbook.php/Home/index/page/page/23
INFO: [ app_init ] --START--
INFO: [ app_init ] --END-- [ RunTime:0.001442s ]

[ 2016-06-19T17:19:00+08:00 ] ::1 /thinkphp/exbook.php/Home/index/page/page/24
INFO: [ app_init ] --START--
INFO: [ app_init ] --END-- [ RunTime:0.000869s ]

[ 2016-06-19T17:19:01+08:00 ] ::1 /thinkphp/exbook.php/Home/index/page/page/267
INFO: [ app_init ] --START--
INFO: [ app_init ] --END-- [ RunTime:0.000781s ]

[ 2016-06-19T17:19:05+08:00 ] ::1 /thinkphp/exbook.php/Home/index/page/page/266
INFO: [ app_init ] --START--
INFO: [ app_init ] --END-- [ RunTime:0.001274s ]

[ 2016-06-19T17:20:27+08:00 ] ::1 /thinkphp/exbook.php/Home/index/page/page/265
INFO: [ app_init ] --START--
INFO: [ app_init ] --END-- [ RunTime:0.000814s ]

