[ 2016-06-15T11:16:49+08:00 ] ::1 /thinkphp/exbook.php?Home/index/page/page/2
INFO: [ app_init ] --START--
INFO: [ app_init ] --END-- [ RunTime:0.009480s ]

[ 2016-06-15T11:17:15+08:00 ] ::1 /thinkphp/exbook.php?Home/Index/page/page/2
INFO: [ app_init ] --START--
INFO: [ app_init ] --END-- [ RunTime:0.001211s ]

[ 2016-06-15T11:18:17+08:00 ] ::1 /thinkphp/exbook.php?Home/User/read/page/2
INFO: [ app_init ] --START--
INFO: [ app_init ] --END-- [ RunTime:0.009414s ]

[ 2016-06-15T11:18:28+08:00 ] ::1 /thinkphp/exbook.php/Home/User/read/page/2
INFO: [ app_init ] --START--
INFO: [ app_init ] --END-- [ RunTime:0.003955s ]

[ 2016-06-15T11:18:35+08:00 ] ::1 /thinkphp/exbook.php/Home/Index/page/page/2
INFO: [ app_init ] --START--
INFO: [ app_init ] --END-- [ RunTime:0.001431s ]

[ 2016-06-15T11:18:40+08:00 ] ::1 /thinkphp/exbook.php/Home/Index/page/page/2
INFO: [ app_init ] --START--
INFO: [ app_init ] --END-- [ RunTime:0.002465s ]

[ 2016-06-15T11:19:04+08:00 ] ::1 /thinkphp/exbook.php/Home/Index/page/page/2
INFO: [ app_init ] --START--
INFO: [ app_init ] --END-- [ RunTime:0.001199s ]

[ 2016-06-15T11:19:05+08:00 ] ::1 /thinkphp/exbook.php/Home/Index/page/page/2
INFO: [ app_init ] --START--
INFO: [ app_init ] --END-- [ RunTime:0.001051s ]

[ 2016-06-15T11:19:25+08:00 ] ::1 /thinkphp/exbook.php/Home/Index/page/page/2
INFO: [ app_init ] --START--
INFO: [ app_init ] --END-- [ RunTime:0.001129s ]

[ 2016-06-15T11:19:26+08:00 ] ::1 /thinkphp/exbook.php/Home/Index/page/page/2
INFO: [ app_init ] --START--
INFO: [ app_init ] --END-- [ RunTime:0.002237s ]

[ 2016-06-15T11:20:34+08:00 ] ::1 /thinkphp/exbook.php/Home/Index/page/page/2
INFO: [ app_init ] --START--
INFO: [ app_init ] --END-- [ RunTime:0.001513s ]

[ 2016-06-15T11:22:25+08:00 ] ::1 /thinkphp/exbook.php/Home/Index/page/page/2
INFO: [ app_init ] --START--
INFO: [ app_init ] --END-- [ RunTime:0.001705s ]

[ 2016-06-15T11:24:24+08:00 ] ::1 /thinkphp/exbook.php/Home/Index/page/page/2
INFO: [ app_init ] --START--
INFO: [ app_init ] --END-- [ RunTime:0.001008s ]

[ 2016-06-15T11:25:26+08:00 ] ::1 /thinkphp/exbook.php/Home/Index/page/page/2
INFO: [ app_init ] --START--
INFO: [ app_init ] --END-- [ RunTime:0.000912s ]

[ 2016-06-15T11:25:27+08:00 ] ::1 /thinkphp/exbook.php/Home/Index/page/page/2
INFO: [ app_init ] --START--
INFO: [ app_init ] --END-- [ RunTime:0.000864s ]

[ 2016-06-15T11:25:27+08:00 ] ::1 /thinkphp/exbook.php/Home/Index/page/page/2
INFO: [ app_init ] --START--
INFO: [ app_init ] --END-- [ RunTime:0.001020s ]

[ 2016-06-15T11:25:38+08:00 ] ::1 /thinkphp/exbook.php/Home/Index/page/page/2
INFO: [ app_init ] --START--
INFO: [ app_init ] --END-- [ RunTime:0.000686s ]

[ 2016-06-15T11:26:21+08:00 ] ::1 /thinkphp/exbook.php/Home/Index/page/page/2
INFO: [ app_init ] --START--
INFO: [ app_init ] --END-- [ RunTime:0.001242s ]

[ 2016-06-15T11:26:30+08:00 ] ::1 /thinkphp/exbook.php/Home/Index/page/page/10
INFO: [ app_init ] --START--
INFO: [ app_init ] --END-- [ RunTime:0.001704s ]

[ 2016-06-15T11:26:35+08:00 ] ::1 /thinkphp/exbook.php/Home/Index/page/page/100
INFO: [ app_init ] --START--
INFO: [ app_init ] --END-- [ RunTime:0.001992s ]

[ 2016-06-15T11:26:42+08:00 ] ::1 /thinkphp/exbook.php/Home/Index/page/page/1000
INFO: [ app_init ] --START--
INFO: [ app_init ] --END-- [ RunTime:0.001413s ]

[ 2016-06-15T11:26:48+08:00 ] ::1 /thinkphp/exbook.php/Home/Index/page/page/500
INFO: [ app_init ] --START--
INFO: [ app_init ] --END-- [ RunTime:0.002191s ]

[ 2016-06-15T11:26:56+08:00 ] ::1 /thinkphp/exbook.php/Home/Index/page/page/20
INFO: [ app_init ] --START--
INFO: [ app_init ] --END-- [ RunTime:0.001669s ]

[ 2016-06-15T11:31:41+08:00 ] ::1 /thinkphp/exbook.php/Home/Index/page/page/20
INFO: [ app_init ] --START--
INFO: [ app_init ] --END-- [ RunTime:0.001931s ]

[ 2016-06-15T11:35:42+08:00 ] ::1 /thinkphp/exbook.php/Home/Index/page/page/20
INFO: [ app_init ] --START--
INFO: [ app_init ] --END-- [ RunTime:0.001805s ]

[ 2016-06-15T11:35:43+08:00 ] ::1 /thinkphp/exbook.php/Home/Index/page/page/20
INFO: [ app_init ] --START--
INFO: [ app_init ] --END-- [ RunTime:0.000977s ]

[ 2016-06-15T11:35:44+08:00 ] ::1 /thinkphp/exbook.php/Home/Index/page/page/20
INFO: [ app_init ] --START--
INFO: [ app_init ] --END-- [ RunTime:0.001056s ]

[ 2016-06-15T11:35:59+08:00 ] ::1 /thinkphp/exbook.php/Home/Index/page/page/20
INFO: [ app_init ] --START--
INFO: [ app_init ] --END-- [ RunTime:0.001020s ]

[ 2016-06-15T11:36:00+08:00 ] ::1 /thinkphp/exbook.php/Home/Index/page/page/20
INFO: [ app_init ] --START--
INFO: [ app_init ] --END-- [ RunTime:0.000824s ]

[ 2016-06-15T11:36:05+08:00 ] ::1 /thinkphp/exbook.php/Home/Index/page/page/189
INFO: [ app_init ] --START--
INFO: [ app_init ] --END-- [ RunTime:0.000882s ]

[ 2016-06-15T11:36:07+08:00 ] ::1 /thinkphp/exbook.php/Home/Index/page/page/1879
INFO: [ app_init ] --START--
INFO: [ app_init ] --END-- [ RunTime:0.001160s ]

[ 2016-06-15T11:36:09+08:00 ] ::1 /thinkphp/exbook.php/Home/Index/page/page/18781
INFO: [ app_init ] --START--
INFO: [ app_init ] --END-- [ RunTime:0.000816s ]

[ 2016-06-15T11:36:10+08:00 ] ::1 /thinkphp/exbook.php/Home/Index/page/page/187801
INFO: [ app_init ] --START--
INFO: [ app_init ] --END-- [ RunTime:0.001020s ]

[ 2016-06-15T11:36:11+08:00 ] ::1 /thinkphp/exbook.php/Home/Index/page/page/1878001
INFO: [ app_init ] --START--
INFO: [ app_init ] --END-- [ RunTime:0.000896s ]

[ 2016-06-15T11:36:12+08:00 ] ::1 /thinkphp/exbook.php/Home/Index/page/page/18780001
INFO: [ app_init ] --START--
INFO: [ app_init ] --END-- [ RunTime:0.000829s ]

[ 2016-06-15T11:36:13+08:00 ] ::1 /thinkphp/exbook.php/Home/Index/page/page/187800001
INFO: [ app_init ] --START--
INFO: [ app_init ] --END-- [ RunTime:0.000870s ]

[ 2016-06-15T11:36:14+08:00 ] ::1 /thinkphp/exbook.php/Home/Index/page/page/1878000001
INFO: [ app_init ] --START--
INFO: [ app_init ] --END-- [ RunTime:0.000820s ]

[ 2016-06-15T11:36:14+08:00 ] ::1 /thinkphp/exbook.php/Home/Index/page/page/18780000001
INFO: [ app_init ] --START--
INFO: [ app_init ] --END-- [ RunTime:0.001421s ]

[ 2016-06-15T11:36:15+08:00 ] ::1 /thinkphp/exbook.php/Home/Index/page/page/187800000001
INFO: [ app_init ] --START--
INFO: [ app_init ] --END-- [ RunTime:0.000912s ]

[ 2016-06-15T11:36:16+08:00 ] ::1 /thinkphp/exbook.php/Home/Index/page/page/1878000000001
INFO: [ app_init ] --START--
INFO: [ app_init ] --END-- [ RunTime:0.000948s ]

[ 2016-06-15T11:36:19+08:00 ] ::1 /thinkphp/exbook.php/Home/Index/page/page/18780000000001
INFO: [ app_init ] --START--
INFO: [ app_init ] --END-- [ RunTime:0.000816s ]

[ 2016-06-15T11:36:41+08:00 ] ::1 /thinkphp/exbook.php/Home/Index/page/page/3
INFO: [ app_init ] --START--
INFO: [ app_init ] --END-- [ RunTime:0.000863s ]

[ 2016-06-15T11:36:44+08:00 ] ::1 /thinkphp/exbook.php/Home/Index/page/page/19
INFO: [ app_init ] --START--
INFO: [ app_init ] --END-- [ RunTime:0.000856s ]

[ 2016-06-15T11:36:54+08:00 ] ::1 /thinkphp/exbook.php/Home/Index/page/page/181
INFO: [ app_init ] --START--
INFO: [ app_init ] --END-- [ RunTime:0.000831s ]

[ 2016-06-15T11:37:42+08:00 ] ::1 /thinkphp/exbook.php/Home/Index/page/page/181
INFO: [ app_init ] --START--
INFO: [ app_init ] --END-- [ RunTime:0.001009s ]

[ 2016-06-15T11:38:07+08:00 ] ::1 /thinkphp/exbook.php/Home/Index/page/page/181
INFO: [ app_init ] --START--
INFO: [ app_init ] --END-- [ RunTime:0.001481s ]

[ 2016-06-15T11:38:08+08:00 ] ::1 /thinkphp/exbook.php/Home/Index/page/page/181
INFO: [ app_init ] --START--
INFO: [ app_init ] --END-- [ RunTime:0.000842s ]

[ 2016-06-15T11:38:08+08:00 ] ::1 /thinkphp/exbook.php/Home/Index/page/page/181
INFO: [ app_init ] --START--
INFO: [ app_init ] --END-- [ RunTime:0.000856s ]

[ 2016-06-15T11:38:09+08:00 ] ::1 /thinkphp/exbook.php/Home/Index/page/page/181
INFO: [ app_init ] --START--
INFO: [ app_init ] --END-- [ RunTime:0.000854s ]

[ 2016-06-15T11:38:38+08:00 ] ::1 /thinkphp/exbook.php/Home/Index/page/page/181
INFO: [ app_init ] --START--
INFO: [ app_init ] --END-- [ RunTime:0.001544s ]

[ 2016-06-15T11:38:39+08:00 ] ::1 /thinkphp/exbook.php/Home/Index/page/page/181
INFO: [ app_init ] --START--
INFO: [ app_init ] --END-- [ RunTime:0.001455s ]

[ 2016-06-15T11:38:39+08:00 ] ::1 /thinkphp/exbook.php/Home/Index/page/page/181
INFO: [ app_init ] --START--
INFO: [ app_init ] --END-- [ RunTime:0.002487s ]

[ 2016-06-15T11:38:40+08:00 ] ::1 /thinkphp/exbook.php/Home/Index/page/page/181
INFO: [ app_init ] --START--
INFO: [ app_init ] --END-- [ RunTime:0.001504s ]

[ 2016-06-15T11:40:17+08:00 ] ::1 /thinkphp/exbook.php/Home/Index/page/page/181
INFO: [ app_init ] --START--
INFO: [ app_init ] --END-- [ RunTime:0.001119s ]

[ 2016-06-15T11:40:20+08:00 ] ::1 /thinkphp/exbook.php/Home/Index/page/page/180
INFO: [ app_init ] --START--
INFO: [ app_init ] --END-- [ RunTime:0.001300s ]

[ 2016-06-15T11:40:22+08:00 ] ::1 /thinkphp/exbook.php/Home/Index/page/page/179
INFO: [ app_init ] --START--
INFO: [ app_init ] --END-- [ RunTime:0.001872s ]

[ 2016-06-15T11:40:23+08:00 ] ::1 /thinkphp/exbook.php/Home/Index/page/page/178
INFO: [ app_init ] --START--
INFO: [ app_init ] --END-- [ RunTime:0.001742s ]

[ 2016-06-15T11:40:24+08:00 ] ::1 /thinkphp/exbook.php/Home/Index/page/page/179
INFO: [ app_init ] --START--
INFO: [ app_init ] --END-- [ RunTime:0.001135s ]

[ 2016-06-15T11:40:25+08:00 ] ::1 /thinkphp/exbook.php/Home/Index/page/page/180
INFO: [ app_init ] --START--
INFO: [ app_init ] --END-- [ RunTime:0.000960s ]

[ 2016-06-15T11:40:25+08:00 ] ::1 /thinkphp/exbook.php/Home/Index/page/page/181
INFO: [ app_init ] --START--
INFO: [ app_init ] --END-- [ RunTime:0.001919s ]

[ 2016-06-15T11:40:25+08:00 ] ::1 /thinkphp/exbook.php/Home/Index/page/page/182
INFO: [ app_init ] --START--
INFO: [ app_init ] --END-- [ RunTime:0.001149s ]

[ 2016-06-15T11:40:26+08:00 ] ::1 /thinkphp/exbook.php/Home/Index/page/page/183
INFO: [ app_init ] --START--
INFO: [ app_init ] --END-- [ RunTime:0.000991s ]

[ 2016-06-15T11:40:26+08:00 ] ::1 /thinkphp/exbook.php/Home/Index/page/page/184
INFO: [ app_init ] --START--
INFO: [ app_init ] --END-- [ RunTime:0.001980s ]

[ 2016-06-15T11:40:27+08:00 ] ::1 /thinkphp/exbook.php/Home/Index/page/page/184
INFO: [ app_init ] --START--
INFO: [ app_init ] --END-- [ RunTime:0.001649s ]

[ 2016-06-15T11:40:27+08:00 ] ::1 /thinkphp/exbook.php/Home/Index/page/page/185
INFO: [ app_init ] --START--
INFO: [ app_init ] --END-- [ RunTime:0.001823s ]

[ 2016-06-15T11:40:28+08:00 ] ::1 /thinkphp/exbook.php/Home/Index/page/page/186
INFO: [ app_init ] --START--
INFO: [ app_init ] --END-- [ RunTime:0.001004s ]

[ 2016-06-15T11:40:29+08:00 ] ::1 /thinkphp/exbook.php/Home/Index/page/page/185
INFO: [ app_init ] --START--
INFO: [ app_init ] --END-- [ RunTime:0.000824s ]

[ 2016-06-15T11:40:29+08:00 ] ::1 /thinkphp/exbook.php/Home/Index/page/page/184
INFO: [ app_init ] --START--
INFO: [ app_init ] --END-- [ RunTime:0.001285s ]

[ 2016-06-15T11:40:30+08:00 ] ::1 /thinkphp/exbook.php/Home/Index/page/page/183
INFO: [ app_init ] --START--
INFO: [ app_init ] --END-- [ RunTime:0.000914s ]

[ 2016-06-15T11:40:30+08:00 ] ::1 /thinkphp/exbook.php/Home/Index/page/page/182
INFO: [ app_init ] --START--
INFO: [ app_init ] --END-- [ RunTime:0.001451s ]

[ 2016-06-15T11:40:30+08:00 ] ::1 /thinkphp/exbook.php/Home/Index/page/page/181
INFO: [ app_init ] --START--
INFO: [ app_init ] --END-- [ RunTime:0.000949s ]

[ 2016-06-15T11:40:31+08:00 ] ::1 /thinkphp/exbook.php/Home/Index/page/page/180
INFO: [ app_init ] --START--
INFO: [ app_init ] --END-- [ RunTime:0.000864s ]

[ 2016-06-15T11:40:31+08:00 ] ::1 /thinkphp/exbook.php/Home/Index/page/page/179
INFO: [ app_init ] --START--
INFO: [ app_init ] --END-- [ RunTime:0.000810s ]

[ 2016-06-15T11:40:32+08:00 ] ::1 /thinkphp/exbook.php/Home/Index/page/page/178
INFO: [ app_init ] --START--
INFO: [ app_init ] --END-- [ RunTime:0.001298s ]

[ 2016-06-15T11:40:32+08:00 ] ::1 /thinkphp/exbook.php/Home/Index/page/page/177
INFO: [ app_init ] --START--
INFO: [ app_init ] --END-- [ RunTime:0.000995s ]

[ 2016-06-15T11:40:33+08:00 ] ::1 /thinkphp/exbook.php/Home/Index/page/page/176
INFO: [ app_init ] --START--
INFO: [ app_init ] --END-- [ RunTime:0.001527s ]

[ 2016-06-15T11:40:33+08:00 ] ::1 /thinkphp/exbook.php/Home/Index/page/page/175
INFO: [ app_init ] --START--
INFO: [ app_init ] --END-- [ RunTime:0.001397s ]

[ 2016-06-15T11:40:34+08:00 ] ::1 /thinkphp/exbook.php/Home/Index/page/page/174
INFO: [ app_init ] --START--
INFO: [ app_init ] --END-- [ RunTime:0.001289s ]

[ 2016-06-15T11:40:34+08:00 ] ::1 /thinkphp/exbook.php/Home/Index/page/page/173
INFO: [ app_init ] --START--
INFO: [ app_init ] --END-- [ RunTime:0.000810s ]

[ 2016-06-15T11:40:35+08:00 ] ::1 /thinkphp/exbook.php/Home/Index/page/page/172
INFO: [ app_init ] --START--
INFO: [ app_init ] --END-- [ RunTime:0.000928s ]

[ 2016-06-15T11:40:35+08:00 ] ::1 /thinkphp/exbook.php/Home/Index/page/page/171
INFO: [ app_init ] --START--
INFO: [ app_init ] --END-- [ RunTime:0.000867s ]

[ 2016-06-15T11:40:35+08:00 ] ::1 /thinkphp/exbook.php/Home/Index/page/page/170
INFO: [ app_init ] --START--
INFO: [ app_init ] --END-- [ RunTime:0.001424s ]

[ 2016-06-15T11:40:36+08:00 ] ::1 /thinkphp/exbook.php/Home/Index/page/page/171
INFO: [ app_init ] --START--
INFO: [ app_init ] --END-- [ RunTime:0.000844s ]

[ 2016-06-15T11:40:37+08:00 ] ::1 /thinkphp/exbook.php/Home/Index/page/page/172
INFO: [ app_init ] --START--
INFO: [ app_init ] --END-- [ RunTime:0.000840s ]

[ 2016-06-15T11:43:35+08:00 ] ::1 /thinkphp/exbook.php/Home/Index/page/page/172
INFO: [ app_init ] --START--
INFO: [ app_init ] --END-- [ RunTime:0.001005s ]

[ 2016-06-15T11:43:45+08:00 ] ::1 /thinkphp/exbook.php/Home/Index/page/page/172
INFO: [ app_init ] --START--
INFO: [ app_init ] --END-- [ RunTime:0.000995s ]

[ 2016-06-15T11:45:23+08:00 ] ::1 /thinkphp/exbook.php/Home/Index/page/page/172
INFO: [ app_init ] --START--
INFO: [ app_init ] --END-- [ RunTime:0.000943s ]

[ 2016-06-15T11:48:05+08:00 ] ::1 /thinkphp/exbook.php/Home/Index/page/page/172
INFO: [ app_init ] --START--
INFO: [ app_init ] --END-- [ RunTime:0.000950s ]

[ 2016-06-15T11:48:11+08:00 ] ::1 /thinkphp/exbook.php/Home/Index/page/page/171
INFO: [ app_init ] --START--
INFO: [ app_init ] --END-- [ RunTime:0.000810s ]

[ 2016-06-15T11:48:14+08:00 ] ::1 /thinkphp/exbook.php/Home/Index/page/page/172
INFO: [ app_init ] --START--
INFO: [ app_init ] --END-- [ RunTime:0.000821s ]

[ 2016-06-15T11:48:15+08:00 ] ::1 /thinkphp/exbook.php/Home/Index/page/page/173
INFO: [ app_init ] --START--
INFO: [ app_init ] --END-- [ RunTime:0.000828s ]

[ 2016-06-15T11:48:16+08:00 ] ::1 /thinkphp/exbook.php/Home/Index/page/page/172
INFO: [ app_init ] --START--
INFO: [ app_init ] --END-- [ RunTime:0.000905s ]

[ 2016-06-15T11:48:16+08:00 ] ::1 /thinkphp/exbook.php/Home/Index/page/page/171
INFO: [ app_init ] --START--
INFO: [ app_init ] --END-- [ RunTime:0.001016s ]

[ 2016-06-15T11:48:17+08:00 ] ::1 /thinkphp/exbook.php/Home/Index/page/page/170
INFO: [ app_init ] --START--
INFO: [ app_init ] --END-- [ RunTime:0.000821s ]

[ 2016-06-15T11:48:17+08:00 ] ::1 /thinkphp/exbook.php/Home/Index/page/page/169
INFO: [ app_init ] --START--
INFO: [ app_init ] --END-- [ RunTime:0.000811s ]

[ 2016-06-15T11:48:51+08:00 ] ::1 /thinkphp/exbook.php/Home/Index/page/page/169
INFO: [ app_init ] --START--
INFO: [ app_init ] --END-- [ RunTime:0.000904s ]

[ 2016-06-15T11:50:21+08:00 ] ::1 /thinkphp/exbook.php/Home/Index/page/page/169
INFO: [ app_init ] --START--
INFO: [ app_init ] --END-- [ RunTime:0.001057s ]

[ 2016-06-15T11:50:22+08:00 ] ::1 /thinkphp/exbook.php/Home/Index/page/page/169
INFO: [ app_init ] --START--
INFO: [ app_init ] --END-- [ RunTime:0.001293s ]

[ 2016-06-15T11:54:36+08:00 ] ::1 /thinkphp/exbook.php/Home/Index/page/page/169
INFO: [ app_init ] --START--
INFO: [ app_init ] --END-- [ RunTime:0.001529s ]

[ 2016-06-15T11:54:38+08:00 ] ::1 /thinkphp/exbook.php/Home/Index/page/page/1
INFO: [ app_init ] --START--
INFO: [ app_init ] --END-- [ RunTime:0.001006s ]

[ 2016-06-15T11:54:40+08:00 ] ::1 /thinkphp/exbook.php/Home/Index/page/page/267
INFO: [ app_init ] --START--
INFO: [ app_init ] --END-- [ RunTime:0.000907s ]

[ 2016-06-15T11:54:42+08:00 ] ::1 /thinkphp/exbook.php/Home/Index/page/page/1
INFO: [ app_init ] --START--
INFO: [ app_init ] --END-- [ RunTime:0.000840s ]

[ 2016-06-15T11:54:44+08:00 ] ::1 /thinkphp/exbook.php/Home/Index/page/page/0
INFO: [ app_init ] --START--
INFO: [ app_init ] --END-- [ RunTime:0.000846s ]

[ 2016-06-15T11:54:46+08:00 ] ::1 /thinkphp/exbook.php/Home/Index/page/page/-1
INFO: [ app_init ] --START--
INFO: [ app_init ] --END-- [ RunTime:0.000867s ]

[ 2016-06-15T11:54:47+08:00 ] ::1 /thinkphp/exbook.php/Home/Index/page/page/0
INFO: [ app_init ] --START--
INFO: [ app_init ] --END-- [ RunTime:0.000815s ]

[ 2016-06-15T11:54:48+08:00 ] ::1 /thinkphp/exbook.php/Home/Index/page/page/1
INFO: [ app_init ] --START--
INFO: [ app_init ] --END-- [ RunTime:0.000843s ]

[ 2016-06-15T11:54:50+08:00 ] ::1 /thinkphp/exbook.php/Home/Index/page/page/267
INFO: [ app_init ] --START--
INFO: [ app_init ] --END-- [ RunTime:0.001119s ]

[ 2016-06-15T11:54:52+08:00 ] ::1 /thinkphp/exbook.php/Home/Index/page/page/266
INFO: [ app_init ] --START--
INFO: [ app_init ] --END-- [ RunTime:0.000849s ]

[ 2016-06-15T11:58:03+08:00 ] ::1 /thinkphp/exbook.php/Home/Index/page/page/266
INFO: [ app_init ] --START--
INFO: [ app_init ] --END-- [ RunTime:0.001017s ]

[ 2016-06-15T11:58:35+08:00 ] ::1 /thinkphp/exbook.php/Home/Index/page/page/266
INFO: [ app_init ] --START--
INFO: [ app_init ] --END-- [ RunTime:0.001236s ]

[ 2016-06-15T11:58:37+08:00 ] ::1 /thinkphp/exbook.php/Home/Index/page/page/%7D
INFO: [ app_init ] --START--
INFO: [ app_init ] --END-- [ RunTime:0.001020s ]

[ 2016-06-15T12:00:53+08:00 ] ::1 /thinkphp/exbook.php/Home/Index/page/page/266
INFO: [ app_init ] --START--
INFO: [ app_init ] --END-- [ RunTime:0.001136s ]

[ 2016-06-15T12:00:54+08:00 ] ::1 /thinkphp/exbook.php/Home/Index/page/page/266
INFO: [ app_init ] --START--
INFO: [ app_init ] --END-- [ RunTime:0.001337s ]

[ 2016-06-15T12:01:37+08:00 ] ::1 /thinkphp/exbook.php/Home/Index/page/page/266
INFO: [ app_init ] --START--
INFO: [ app_init ] --END-- [ RunTime:0.001121s ]

[ 2016-06-15T12:01:42+08:00 ] ::1 /thinkphp/exbook.php/Home/Index/page/page/265
INFO: [ app_init ] --START--
INFO: [ app_init ] --END-- [ RunTime:0.000978s ]

[ 2016-06-15T12:01:44+08:00 ] ::1 /thinkphp/exbook.php/Home/Index/page/page/263
INFO: [ app_init ] --START--
INFO: [ app_init ] --END-- [ RunTime:0.000972s ]

[ 2016-06-15T12:01:46+08:00 ] ::1 /thinkphp/exbook.php/Home/Index/page/page/264
INFO: [ app_init ] --START--
INFO: [ app_init ] --END-- [ RunTime:0.001016s ]

[ 2016-06-15T12:01:47+08:00 ] ::1 /thinkphp/exbook.php/Home/Index/page/page/266
INFO: [ app_init ] --START--
INFO: [ app_init ] --END-- [ RunTime:0.001176s ]

[ 2016-06-15T12:01:49+08:00 ] ::1 /thinkphp/exbook.php/Home/Index/page/page/268
INFO: [ app_init ] --START--
INFO: [ app_init ] --END-- [ RunTime:0.000978s ]

[ 2016-06-15T12:01:55+08:00 ] ::1 /thinkphp/exbook.php/Home/Index/page/page/1
INFO: [ app_init ] --START--
INFO: [ app_init ] --END-- [ RunTime:0.001090s ]

[ 2016-06-15T12:02:00+08:00 ] ::1 /thinkphp/exbook.php/Home/Index/page/page/2
INFO: [ app_init ] --START--
INFO: [ app_init ] --END-- [ RunTime:0.001057s ]

[ 2016-06-15T12:02:02+08:00 ] ::1 /thinkphp/exbook.php/Home/Index/page/page/3
INFO: [ app_init ] --START--
INFO: [ app_init ] --END-- [ RunTime:0.000969s ]

[ 2016-06-15T12:02:03+08:00 ] ::1 /thinkphp/exbook.php/Home/Index/page/page/4
INFO: [ app_init ] --START--
INFO: [ app_init ] --END-- [ RunTime:0.001544s ]

[ 2016-06-15T12:02:04+08:00 ] ::1 /thinkphp/exbook.php/Home/Index/page/page/5
INFO: [ app_init ] --START--
INFO: [ app_init ] --END-- [ RunTime:0.000964s ]

[ 2016-06-15T12:02:05+08:00 ] ::1 /thinkphp/exbook.php/Home/Index/page/page/6
INFO: [ app_init ] --START--
INFO: [ app_init ] --END-- [ RunTime:0.000979s ]

[ 2016-06-15T12:02:06+08:00 ] ::1 /thinkphp/exbook.php/Home/Index/page/page/7
INFO: [ app_init ] --START--
INFO: [ app_init ] --END-- [ RunTime:0.001459s ]

[ 2016-06-15T12:02:06+08:00 ] ::1 /thinkphp/exbook.php/Home/Index/page/page/8
INFO: [ app_init ] --START--
INFO: [ app_init ] --END-- [ RunTime:0.002318s ]

[ 2016-06-15T12:02:07+08:00 ] ::1 /thinkphp/exbook.php/Home/Index/page/page/9
INFO: [ app_init ] --START--
INFO: [ app_init ] --END-- [ RunTime:0.001092s ]

[ 2016-06-15T12:02:07+08:00 ] ::1 /thinkphp/exbook.php/Home/Index/page/page/10
INFO: [ app_init ] --START--
INFO: [ app_init ] --END-- [ RunTime:0.000957s ]

[ 2016-06-15T12:02:08+08:00 ] ::1 /thinkphp/exbook.php/Home/Index/page/page/12
INFO: [ app_init ] --START--
INFO: [ app_init ] --END-- [ RunTime:0.001013s ]

[ 2016-06-15T12:02:10+08:00 ] ::1 /thinkphp/exbook.php/Home/Index/page/page/14
INFO: [ app_init ] --START--
INFO: [ app_init ] --END-- [ RunTime:0.002773s ]

[ 2016-06-15T12:02:11+08:00 ] ::1 /thinkphp/exbook.php/Home/Index/page/page/16
INFO: [ app_init ] --START--
INFO: [ app_init ] --END-- [ RunTime:0.001102s ]

[ 2016-06-15T12:02:12+08:00 ] ::1 /thinkphp/exbook.php/Home/Index/page/page/18
INFO: [ app_init ] --START--
INFO: [ app_init ] --END-- [ RunTime:0.001008s ]

[ 2016-06-15T12:02:12+08:00 ] ::1 /thinkphp/exbook.php/Home/Index/page/page/20
INFO: [ app_init ] --START--
INFO: [ app_init ] --END-- [ RunTime:0.001570s ]

[ 2016-06-15T12:02:13+08:00 ] ::1 /thinkphp/exbook.php/Home/Index/page/page/22
INFO: [ app_init ] --START--
INFO: [ app_init ] --END-- [ RunTime:0.000995s ]

[ 2016-06-15T12:02:14+08:00 ] ::1 /thinkphp/exbook.php/Home/Index/page/page/24
INFO: [ app_init ] --START--
INFO: [ app_init ] --END-- [ RunTime:0.001470s ]

[ 2016-06-15T12:02:14+08:00 ] ::1 /thinkphp/exbook.php/Home/Index/page/page/26
INFO: [ app_init ] --START--
INFO: [ app_init ] --END-- [ RunTime:0.000951s ]

[ 2016-06-15T12:02:15+08:00 ] ::1 /thinkphp/exbook.php/Home/Index/page/page/28
INFO: [ app_init ] --START--
INFO: [ app_init ] --END-- [ RunTime:0.000997s ]

[ 2016-06-15T12:02:15+08:00 ] ::1 /thinkphp/exbook.php/Home/Index/page/page/30
INFO: [ app_init ] --START--
INFO: [ app_init ] --END-- [ RunTime:0.001016s ]

[ 2016-06-15T12:02:16+08:00 ] ::1 /thinkphp/exbook.php/Home/Index/page/page/32
INFO: [ app_init ] --START--
INFO: [ app_init ] --END-- [ RunTime:0.001644s ]

[ 2016-06-15T12:02:16+08:00 ] ::1 /thinkphp/exbook.php/Home/Index/page/page/32
INFO: [ app_init ] --START--
INFO: [ app_init ] --END-- [ RunTime:0.001202s ]

[ 2016-06-15T12:02:16+08:00 ] ::1 /thinkphp/exbook.php/Home/Index/page/page/34
INFO: [ app_init ] --START--
INFO: [ app_init ] --END-- [ RunTime:0.001647s ]

[ 2016-06-15T12:02:53+08:00 ] ::1 /thinkphp/exbook.php/Home/Index/page/page/34
INFO: [ app_init ] --START--
INFO: [ app_init ] --END-- [ RunTime:0.000963s ]

[ 2016-06-15T12:03:58+08:00 ] ::1 /thinkphp/exbook.php/Home/Index/page/page/34
INFO: [ app_init ] --START--
INFO: [ app_init ] --END-- [ RunTime:0.001180s ]

[ 2016-06-15T12:04:57+08:00 ] ::1 /thinkphp/exbook.php/Home/Index/page/page/34
INFO: [ app_init ] --START--
INFO: [ app_init ] --END-- [ RunTime:0.000993s ]

[ 2016-06-15T12:04:58+08:00 ] ::1 /thinkphp/exbook.php/Home/Index/page/page/34
INFO: [ app_init ] --START--
INFO: [ app_init ] --END-- [ RunTime:0.001026s ]

[ 2016-06-15T12:05:13+08:00 ] ::1 /thinkphp/exbook.php/Home/Index/page/page/34
INFO: [ app_init ] --START--
INFO: [ app_init ] --END-- [ RunTime:0.001136s ]

[ 2016-06-15T12:05:14+08:00 ] ::1 /thinkphp/exbook.php/Home/Index/page/page/34
INFO: [ app_init ] --START--
INFO: [ app_init ] --END-- [ RunTime:0.001060s ]

[ 2016-06-15T12:05:15+08:00 ] ::1 /thinkphp/exbook.php/Home/Index/page/page/34
INFO: [ app_init ] --START--
INFO: [ app_init ] --END-- [ RunTime:0.001014s ]

[ 2016-06-15T12:07:20+08:00 ] ::1 /thinkphp/exbook.php/Home/Index/page/page/34
INFO: [ app_init ] --START--
INFO: [ app_init ] --END-- [ RunTime:0.001017s ]

[ 2016-06-15T12:07:22+08:00 ] ::1 /thinkphp/exbook.php/Home/Index/page/page/34
INFO: [ app_init ] --START--
INFO: [ app_init ] --END-- [ RunTime:0.000947s ]

[ 2016-06-15T12:08:15+08:00 ] ::1 /thinkphp/exbook.php/Home/Index/page/page/34
INFO: [ app_init ] --START--
INFO: [ app_init ] --END-- [ RunTime:0.001550s ]

[ 2016-06-15T12:08:50+08:00 ] ::1 /thinkphp/exbook.php/Home/Index/page/page/34
INFO: [ app_init ] --START--
INFO: [ app_init ] --END-- [ RunTime:0.001122s ]

[ 2016-06-15T12:08:54+08:00 ] ::1 /thinkphp/exbook.php/Home/Index/page/page/31
INFO: [ app_init ] --START--
INFO: [ app_init ] --END-- [ RunTime:0.001199s ]

[ 2016-06-15T12:08:59+08:00 ] ::1 /thinkphp/exbook.php/Home/Index/page/page/34
INFO: [ app_init ] --START--
INFO: [ app_init ] --END-- [ RunTime:0.000967s ]

[ 2016-06-15T12:09:02+08:00 ] ::1 /thinkphp/exbook.php/Home/Index/page/page/37
INFO: [ app_init ] --START--
INFO: [ app_init ] --END-- [ RunTime:0.000959s ]

[ 2016-06-15T12:09:06+08:00 ] ::1 /thinkphp/exbook.php/Home/Index/page/page/38
INFO: [ app_init ] --START--
INFO: [ app_init ] --END-- [ RunTime:0.000991s ]

[ 2016-06-15T12:09:07+08:00 ] ::1 /thinkphp/exbook.php/Home/Index/page/page/40
INFO: [ app_init ] --START--
INFO: [ app_init ] --END-- [ RunTime:0.001050s ]

[ 2016-06-15T12:09:09+08:00 ] ::1 /thinkphp/exbook.php/Home/Index/page/page/43
INFO: [ app_init ] --START--
INFO: [ app_init ] --END-- [ RunTime:0.001259s ]

[ 2016-06-15T12:09:10+08:00 ] ::1 /thinkphp/exbook.php/Home/Index/page/page/46
INFO: [ app_init ] --START--
INFO: [ app_init ] --END-- [ RunTime:0.000963s ]

[ 2016-06-15T12:09:11+08:00 ] ::1 /thinkphp/exbook.php/Home/Index/page/page/49
INFO: [ app_init ] --START--
INFO: [ app_init ] --END-- [ RunTime:0.000979s ]

[ 2016-06-15T12:09:11+08:00 ] ::1 /thinkphp/exbook.php/Home/Index/page/page/52
INFO: [ app_init ] --START--
INFO: [ app_init ] --END-- [ RunTime:0.000999s ]

[ 2016-06-15T12:09:12+08:00 ] ::1 /thinkphp/exbook.php/Home/Index/page/page/55
INFO: [ app_init ] --START--
INFO: [ app_init ] --END-- [ RunTime:0.001014s ]

[ 2016-06-15T12:09:13+08:00 ] ::1 /thinkphp/exbook.php/Home/Index/page/page/58
INFO: [ app_init ] --START--
INFO: [ app_init ] --END-- [ RunTime:0.001252s ]

[ 2016-06-15T12:09:13+08:00 ] ::1 /thinkphp/exbook.php/Home/Index/page/page/58
INFO: [ app_init ] --START--
INFO: [ app_init ] --END-- [ RunTime:0.001690s ]

[ 2016-06-15T12:09:13+08:00 ] ::1 /thinkphp/exbook.php/Home/Index/page/page/61
INFO: [ app_init ] --START--
INFO: [ app_init ] --END-- [ RunTime:0.001654s ]

[ 2016-06-15T12:09:13+08:00 ] ::1 /thinkphp/exbook.php/Home/Index/page/page/61
INFO: [ app_init ] --START--
INFO: [ app_init ] --END-- [ RunTime:0.001080s ]

[ 2016-06-15T12:09:14+08:00 ] ::1 /thinkphp/exbook.php/Home/Index/page/page/64
INFO: [ app_init ] --START--
INFO: [ app_init ] --END-- [ RunTime:0.000997s ]

[ 2016-06-15T12:09:14+08:00 ] ::1 /thinkphp/exbook.php/Home/Index/page/page/67
INFO: [ app_init ] --START--
INFO: [ app_init ] --END-- [ RunTime:0.000976s ]

[ 2016-06-15T12:09:15+08:00 ] ::1 /thinkphp/exbook.php/Home/Index/page/page/70
INFO: [ app_init ] --START--
INFO: [ app_init ] --END-- [ RunTime:0.000963s ]

[ 2016-06-15T12:09:15+08:00 ] ::1 /thinkphp/exbook.php/Home/Index/page/page/73
INFO: [ app_init ] --START--
INFO: [ app_init ] --END-- [ RunTime:0.001593s ]

[ 2016-06-15T12:09:16+08:00 ] ::1 /thinkphp/exbook.php/Home/Index/page/page/76
INFO: [ app_init ] --START--
INFO: [ app_init ] --END-- [ RunTime:0.000984s ]

[ 2016-06-15T12:09:17+08:00 ] ::1 /thinkphp/exbook.php/Home/Index/page/page/79
INFO: [ app_init ] --START--
INFO: [ app_init ] --END-- [ RunTime:0.001010s ]

[ 2016-06-15T12:09:18+08:00 ] ::1 /thinkphp/exbook.php/Home/Index/page/page/82
INFO: [ app_init ] --START--
INFO: [ app_init ] --END-- [ RunTime:0.000994s ]

[ 2016-06-15T12:09:19+08:00 ] ::1 /thinkphp/exbook.php/Home/Index/page/page/85
INFO: [ app_init ] --START--
INFO: [ app_init ] --END-- [ RunTime:0.001688s ]

[ 2016-06-15T12:09:19+08:00 ] ::1 /thinkphp/exbook.php/Home/Index/page/page/88
INFO: [ app_init ] --START--
INFO: [ app_init ] --END-- [ RunTime:0.001467s ]

[ 2016-06-15T12:09:20+08:00 ] ::1 /thinkphp/exbook.php/Home/Index/page/page/91
INFO: [ app_init ] --START--
INFO: [ app_init ] --END-- [ RunTime:0.001342s ]

[ 2016-06-15T12:09:21+08:00 ] ::1 /thinkphp/exbook.php/Home/Index/page/page/1
INFO: [ app_init ] --START--
INFO: [ app_init ] --END-- [ RunTime:0.001688s ]

[ 2016-06-15T12:09:45+08:00 ] ::1 /thinkphp/exbook.php/Home/Index/page/page/2
INFO: [ app_init ] --START--
INFO: [ app_init ] --END-- [ RunTime:0.001550s ]

[ 2016-06-15T12:09:46+08:00 ] ::1 /thinkphp/exbook.php/Home/Index/page/page/3
INFO: [ app_init ] --START--
INFO: [ app_init ] --END-- [ RunTime:0.001011s ]

[ 2016-06-15T12:09:47+08:00 ] ::1 /thinkphp/exbook.php/Home/Index/page/page/4
INFO: [ app_init ] --START--
INFO: [ app_init ] --END-- [ RunTime:0.000955s ]

[ 2016-06-15T12:09:47+08:00 ] ::1 /thinkphp/exbook.php/Home/Index/page/page/5
INFO: [ app_init ] --START--
INFO: [ app_init ] --END-- [ RunTime:0.001071s ]

[ 2016-06-15T12:09:48+08:00 ] ::1 /thinkphp/exbook.php/Home/Index/page/page/6
INFO: [ app_init ] --START--
INFO: [ app_init ] --END-- [ RunTime:0.000986s ]

[ 2016-06-15T12:09:48+08:00 ] ::1 /thinkphp/exbook.php/Home/Index/page/page/7
INFO: [ app_init ] --START--
INFO: [ app_init ] --END-- [ RunTime:0.000962s ]

[ 2016-06-15T12:09:49+08:00 ] ::1 /thinkphp/exbook.php/Home/Index/page/page/8
INFO: [ app_init ] --START--
INFO: [ app_init ] --END-- [ RunTime:0.001084s ]

[ 2016-06-15T12:09:49+08:00 ] ::1 /thinkphp/exbook.php/Home/Index/page/page/9
INFO: [ app_init ] --START--
INFO: [ app_init ] --END-- [ RunTime:0.001013s ]

[ 2016-06-15T12:09:50+08:00 ] ::1 /thinkphp/exbook.php/Home/Index/page/page/10
INFO: [ app_init ] --START--
INFO: [ app_init ] --END-- [ RunTime:0.000978s ]

[ 2016-06-15T12:09:52+08:00 ] ::1 /thinkphp/exbook.php/Home/Index/page/page/11
INFO: [ app_init ] --START--
INFO: [ app_init ] --END-- [ RunTime:0.001654s ]

[ 2016-06-15T12:09:53+08:00 ] ::1 /thinkphp/exbook.php/Home/Index/page/page/12
INFO: [ app_init ] --START--
INFO: [ app_init ] --END-- [ RunTime:0.001725s ]

[ 2016-06-15T12:09:55+08:00 ] ::1 /thinkphp/exbook.php/Home/Index/page/page/13
INFO: [ app_init ] --START--
INFO: [ app_init ] --END-- [ RunTime:0.000978s ]

[ 2016-06-15T12:09:55+08:00 ] ::1 /thinkphp/exbook.php/Home/Index/page/page/14
INFO: [ app_init ] --START--
INFO: [ app_init ] --END-- [ RunTime:0.000973s ]

[ 2016-06-15T12:09:56+08:00 ] ::1 /thinkphp/exbook.php/Home/Index/page/page/15
INFO: [ app_init ] --START--
INFO: [ app_init ] --END-- [ RunTime:0.000973s ]

[ 2016-06-15T12:09:57+08:00 ] ::1 /thinkphp/exbook.php/Home/Index/page/page/16
INFO: [ app_init ] --START--
INFO: [ app_init ] --END-- [ RunTime:0.002061s ]

[ 2016-06-15T12:09:58+08:00 ] ::1 /thinkphp/exbook.php/Home/Index/page/page/17
INFO: [ app_init ] --START--
INFO: [ app_init ] --END-- [ RunTime:0.000962s ]

[ 2016-06-15T12:09:58+08:00 ] ::1 /thinkphp/exbook.php/Home/Index/page/page/18
INFO: [ app_init ] --START--
INFO: [ app_init ] --END-- [ RunTime:0.001015s ]

[ 2016-06-15T12:09:59+08:00 ] ::1 /thinkphp/exbook.php/Home/Index/page/page/267
INFO: [ app_init ] --START--
INFO: [ app_init ] --END-- [ RunTime:0.001049s ]

[ 2016-06-15T12:10:02+08:00 ] ::1 /thinkphp/exbook.php/Home/Index/page/page/269
INFO: [ app_init ] --START--
INFO: [ app_init ] --END-- [ RunTime:0.001086s ]

[ 2016-06-15T12:10:06+08:00 ] ::1 /thinkphp/exbook.php/Home/Index/page/page/266
INFO: [ app_init ] --START--
INFO: [ app_init ] --END-- [ RunTime:0.000968s ]

[ 2016-06-15T12:10:07+08:00 ] ::1 /thinkphp/exbook.php/Home/Index/page/page/263
INFO: [ app_init ] --START--
INFO: [ app_init ] --END-- [ RunTime:0.001211s ]

