[ 2016-07-25T08:57:24+08:00 ] ::1 /thinkphp/Exbook.php/home/index/page
INFO: [ app_init ] --START--
INFO: [ app_init ] --END-- [ RunTime:0.001541s ]
ERR: 无法加载控制器:index

[ 2016-07-25T08:57:57+08:00 ] ::1 /thinkphp/Exbook.php/Home/Index/page
INFO: [ app_init ] --START--
INFO: [ app_init ] --END-- [ RunTime:0.001272s ]

[ 2016-07-25T08:58:04+08:00 ] ::1 /thinkphp/Exbook.php/Home/Index/page/page/2
INFO: [ app_init ] --START--
INFO: [ app_init ] --END-- [ RunTime:0.000921s ]

[ 2016-07-25T08:58:05+08:00 ] ::1 /thinkphp/Exbook.php/Home/Index/page/page/3
INFO: [ app_init ] --START--
INFO: [ app_init ] --END-- [ RunTime:0.002098s ]

[ 2016-07-25T08:58:05+08:00 ] ::1 /thinkphp/Exbook.php/Home/Index/page/page/4
INFO: [ app_init ] --START--
INFO: [ app_init ] --END-- [ RunTime:0.000913s ]

[ 2016-07-25T08:58:06+08:00 ] ::1 /thinkphp/Exbook.php/Home/Index/page/page/5
INFO: [ app_init ] --START--
INFO: [ app_init ] --END-- [ RunTime:0.001012s ]

[ 2016-07-25T08:58:07+08:00 ] ::1 /thinkphp/Exbook.php/Home/Index/page/page/6
INFO: [ app_init ] --START--
INFO: [ app_init ] --END-- [ RunTime:0.001321s ]

[ 2016-07-25T08:58:11+08:00 ] ::1 /thinkphp/Exbook.php/Home/Index/page/page/7
INFO: [ app_init ] --START--
INFO: [ app_init ] --END-- [ RunTime:0.000971s ]

[ 2016-07-25T19:58:56+08:00 ] ::1 /thinkphp/Exbook.php/Home/Book/read
INFO: [ app_init ] --START--
INFO: [ app_init ] --END-- [ RunTime:0.000936s ]

[ 2016-07-25T19:59:34+08:00 ] ::1 /thinkphp/Exbook.php/Home/Book/read
INFO: [ app_init ] --START--
INFO: [ app_init ] --END-- [ RunTime:0.000972s ]

[ 2016-07-25T20:00:12+08:00 ] ::1 /thinkphp/Exbook.php/Home/Book/read
INFO: [ app_init ] --START--
INFO: [ app_init ] --END-- [ RunTime:0.000897s ]

[ 2016-07-25T20:01:06+08:00 ] ::1 /thinkphp/Exbook.php/Home/Book/read
INFO: [ app_init ] --START--
INFO: [ app_init ] --END-- [ RunTime:0.000922s ]

[ 2016-07-25T20:01:27+08:00 ] ::1 /thinkphp/Exbook.php/Home/Book/read
INFO: [ app_init ] --START--
INFO: [ app_init ] --END-- [ RunTime:0.000919s ]

[ 2016-07-25T20:02:03+08:00 ] ::1 /thinkphp/Exbook.php/Home/Book/read
INFO: [ app_init ] --START--
INFO: [ app_init ] --END-- [ RunTime:0.000929s ]

[ 2016-07-25T20:02:32+08:00 ] ::1 /thinkphp/Exbook.php/Home/Book/read
INFO: [ app_init ] --START--
INFO: [ app_init ] --END-- [ RunTime:0.001113s ]

[ 2016-07-25T20:10:19+08:00 ] ::1 /thinkphp/Exbook.php/Home/Book/read
INFO: [ app_init ] --START--
INFO: [ app_init ] --END-- [ RunTime:0.001022s ]

[ 2016-07-25T20:12:15+08:00 ] ::1 /thinkphp/Exbook.php/Home/Book/read
INFO: [ app_init ] --START--
INFO: [ app_init ] --END-- [ RunTime:0.000914s ]

[ 2016-07-25T20:12:53+08:00 ] ::1 /thinkphp/Exbook.php/Home/Book/read
INFO: [ app_init ] --START--
INFO: [ app_init ] --END-- [ RunTime:0.000923s ]

[ 2016-07-25T20:13:25+08:00 ] ::1 /thinkphp/Exbook.php/Home/Book/read
INFO: [ app_init ] --START--
INFO: [ app_init ] --END-- [ RunTime:0.000931s ]

[ 2016-07-25T20:14:41+08:00 ] ::1 /thinkphp/Exbook.php/Home/Book/read
INFO: [ app_init ] --START--
INFO: [ app_init ] --END-- [ RunTime:0.001069s ]

[ 2016-07-25T20:16:29+08:00 ] ::1 /thinkphp/Exbook.php/Home/Book/read
INFO: [ app_init ] --START--
INFO: [ app_init ] --END-- [ RunTime:0.000991s ]

[ 2016-07-25T20:18:11+08:00 ] ::1 /thinkphp/Exbook.php/Home/Book/read
INFO: [ app_init ] --START--
INFO: [ app_init ] --END-- [ RunTime:0.000918s ]

[ 2016-07-25T20:18:13+08:00 ] ::1 /thinkphp/Exbook.php/Home/Book/read
INFO: [ app_init ] --START--
INFO: [ app_init ] --END-- [ RunTime:0.001364s ]

[ 2016-07-25T20:19:09+08:00 ] ::1 /thinkphp/Exbook.php/Home/Book/read
INFO: [ app_init ] --START--
INFO: [ app_init ] --END-- [ RunTime:0.000949s ]

[ 2016-07-25T20:20:01+08:00 ] ::1 /thinkphp/Exbook.php/Home/Book/read
INFO: [ app_init ] --START--
INFO: [ app_init ] --END-- [ RunTime:0.000949s ]

[ 2016-07-25T20:27:36+08:00 ] ::1 /thinkphp/Exbook.php/Home/Book/read
INFO: [ app_init ] --START--
INFO: [ app_init ] --END-- [ RunTime:0.001025s ]

[ 2016-07-25T20:28:21+08:00 ] ::1 /thinkphp/Exbook.php/Home/Book/read
INFO: [ app_init ] --START--
INFO: [ app_init ] --END-- [ RunTime:0.001199s ]

[ 2016-07-25T20:31:07+08:00 ] ::1 /thinkphp/Exbook.php/Home/Book/read
INFO: [ app_init ] --START--
INFO: [ app_init ] --END-- [ RunTime:0.001031s ]

[ 2016-07-25T20:31:29+08:00 ] ::1 /thinkphp/Exbook.php/Home/Book/read
INFO: [ app_init ] --START--
INFO: [ app_init ] --END-- [ RunTime:0.000925s ]

[ 2016-07-25T22:21:30+08:00 ] ::1 /thinkphp/Exbook.php/Home/Book/read
INFO: [ app_init ] --START--
INFO: [ app_init ] --END-- [ RunTime:0.012217s ]

[ 2016-07-25T22:23:41+08:00 ] ::1 /thinkphp/Exbook.php/Home/Book/read
INFO: [ app_init ] --START--
INFO: [ app_init ] --END-- [ RunTime:0.001474s ]

[ 2016-07-25T22:24:37+08:00 ] ::1 /thinkphp/Exbook.php/Home/Book/read
INFO: [ app_init ] --START--
INFO: [ app_init ] --END-- [ RunTime:0.001103s ]

[ 2016-07-25T22:26:38+08:00 ] ::1 /thinkphp/Exbook.php/Home/Book/read
INFO: [ app_init ] --START--
INFO: [ app_init ] --END-- [ RunTime:0.000973s ]

[ 2016-07-25T22:26:54+08:00 ] ::1 /thinkphp/Exbook.php/Home/Book/read/row/11
INFO: [ app_init ] --START--
INFO: [ app_init ] --END-- [ RunTime:0.001505s ]

[ 2016-07-25T22:31:22+08:00 ] ::1 /thinkphp/Exbook.php/Home/Book/read/row/11
INFO: [ app_init ] --START--
INFO: [ app_init ] --END-- [ RunTime:0.011992s ]

