[ 2016-06-06T14:11:20+08:00 ] ::1 /thinkphp/exbook.php
INFO: [ app_init ] --START--
INFO: Run Behavior\BuildLiteBehavior [ RunTime:0.000039s ]
INFO: [ app_init ] --END-- [ RunTime:0.001836s ]
INFO: [ app_begin ] --START--
INFO: Run Behavior\ReadHtmlCacheBehavior [ RunTime:0.002481s ]
INFO: [ app_begin ] --END-- [ RunTime:0.002642s ]
INFO: [ view_parse ] --START--
INFO: Run Behavior\ParseTemplateBehavior [ RunTime:0.016851s ]
INFO: [ view_parse ] --END-- [ RunTime:0.017023s ]
INFO: [ view_filter ] --START--
INFO: Run Behavior\WriteHtmlCacheBehavior [ RunTime:0.015268s ]
INFO: [ view_filter ] --END-- [ RunTime:0.015400s ]
INFO: [ app_end ] --START--
INFO: Run Behavior\ShowPageTraceBehavior [ RunTime:0.018801s ]
INFO: [ app_end ] --END-- [ RunTime:0.018940s ]

[ 2016-06-06T14:26:30+08:00 ] ::1 /thinkphp/exbook.php
INFO: [ app_init ] --START--
INFO: Run Behavior\BuildLiteBehavior [ RunTime:0.000039s ]
INFO: [ app_init ] --END-- [ RunTime:0.001282s ]

[ 2016-06-06T14:27:21+08:00 ] ::1 /thinkphp/exbook.php
INFO: [ app_init ] --START--
INFO: Run Behavior\BuildLiteBehavior [ RunTime:0.000050s ]
INFO: [ app_init ] --END-- [ RunTime:0.001403s ]
INFO: [ app_begin ] --START--
INFO: Run Behavior\ReadHtmlCacheBehavior [ RunTime:0.002215s ]
INFO: [ app_begin ] --END-- [ RunTime:0.002381s ]
SQL: SHOW COLUMNS FROM `gc_cource` [ RunTime:0.0129s ]
SQL: SELECT * FROM `gc_cource` WHERE ( class=1404051 )  [ RunTime:0.0118s ]
INFO: [ view_parse ] --START--
INFO: Run Behavior\ParseTemplateBehavior [ RunTime:0.002050s ]
INFO: [ view_parse ] --END-- [ RunTime:0.002230s ]
INFO: [ view_filter ] --START--
INFO: Run Behavior\WriteHtmlCacheBehavior [ RunTime:0.003538s ]
INFO: [ view_filter ] --END-- [ RunTime:0.003728s ]
INFO: [ app_end ] --START--
INFO: Run Behavior\ShowPageTraceBehavior [ RunTime:0.002925s ]
INFO: [ app_end ] --END-- [ RunTime:0.003102s ]

[ 2016-06-06T14:30:13+08:00 ] ::1 /thinkphp/exbook.php
INFO: [ app_init ] --START--
INFO: Run Behavior\BuildLiteBehavior [ RunTime:0.000037s ]
INFO: [ app_init ] --END-- [ RunTime:0.001326s ]

[ 2016-06-06T14:38:41+08:00 ] ::1 /thinkphp/exbook.php
INFO: [ app_init ] --START--
INFO: Run Behavior\BuildLiteBehavior [ RunTime:0.000037s ]
INFO: [ app_init ] --END-- [ RunTime:0.001166s ]

[ 2016-06-06T14:38:45+08:00 ] ::1 /thinkphp/exbook.php
INFO: [ app_init ] --START--
INFO: Run Behavior\BuildLiteBehavior [ RunTime:0.000061s ]
INFO: [ app_init ] --END-- [ RunTime:0.001253s ]

[ 2016-06-06T14:38:47+08:00 ] ::1 /thinkphp/exbook.php
INFO: [ app_init ] --START--
INFO: Run Behavior\BuildLiteBehavior [ RunTime:0.000062s ]
INFO: [ app_init ] --END-- [ RunTime:0.001478s ]

[ 2016-06-06T14:39:45+08:00 ] ::1 /thinkphp/exbook.php
INFO: [ app_init ] --START--
INFO: Run Behavior\BuildLiteBehavior [ RunTime:0.000036s ]
INFO: [ app_init ] --END-- [ RunTime:0.001118s ]

[ 2016-06-06T14:45:13+08:00 ] ::1 /thinkphp/exbook.php
INFO: [ app_init ] --START--
INFO: Run Behavior\BuildLiteBehavior [ RunTime:0.000038s ]
INFO: [ app_init ] --END-- [ RunTime:0.001239s ]
ERR: 1064:You have an error in your SQL syntax; check the manual that corresponds to your MySQL server version for the right syntax to use near '=>"班级",count("cource")=>"课程量" FROM `gc_cource` GROUP BY class' at line 1
 [ SQL语句 ] : SELECT class=>"班级",count("cource")=>"课程量" FROM `gc_cource` GROUP BY class 

[ 2016-06-06T14:46:46+08:00 ] ::1 /thinkphp/exbook.php
INFO: [ app_init ] --START--
INFO: Run Behavior\BuildLiteBehavior [ RunTime:0.000038s ]
INFO: [ app_init ] --END-- [ RunTime:0.001137s ]
ERR: 1054:Unknown column '课程量' in 'field list'
 [ SQL语句 ] : SELECT `class` AS `班级`,`课程量` FROM `gc_cource` GROUP BY class 

[ 2016-06-06T14:48:05+08:00 ] ::1 /thinkphp/exbook.php
INFO: [ app_init ] --START--
INFO: Run Behavior\BuildLiteBehavior [ RunTime:0.000035s ]
INFO: [ app_init ] --END-- [ RunTime:0.001095s ]

[ 2016-06-06T14:49:54+08:00 ] ::1 /thinkphp/exbook.php
INFO: [ app_init ] --START--
INFO: Run Behavior\BuildLiteBehavior [ RunTime:0.000037s ]
INFO: [ app_init ] --END-- [ RunTime:0.001155s ]

[ 2016-06-06T14:49:55+08:00 ] ::1 /thinkphp/exbook.php
INFO: [ app_init ] --START--
INFO: Run Behavior\BuildLiteBehavior [ RunTime:0.000036s ]
INFO: [ app_init ] --END-- [ RunTime:0.001141s ]

[ 2016-06-06T14:51:05+08:00 ] ::1 /thinkphp/exbook.php
INFO: [ app_init ] --START--
INFO: Run Behavior\BuildLiteBehavior [ RunTime:0.000046s ]
INFO: [ app_init ] --END-- [ RunTime:0.001897s ]

[ 2016-06-06T14:51:07+08:00 ] ::1 /thinkphp/exbook.php
INFO: [ app_init ] --START--
INFO: Run Behavior\BuildLiteBehavior [ RunTime:0.000039s ]
INFO: [ app_init ] --END-- [ RunTime:0.001121s ]

[ 2016-06-06T14:51:07+08:00 ] ::1 /thinkphp/exbook.php
INFO: [ app_init ] --START--
INFO: Run Behavior\BuildLiteBehavior [ RunTime:0.000038s ]
INFO: [ app_init ] --END-- [ RunTime:0.001050s ]

[ 2016-06-06T14:51:39+08:00 ] ::1 /thinkphp/exbook.php
INFO: [ app_init ] --START--
INFO: Run Behavior\BuildLiteBehavior [ RunTime:0.000038s ]
INFO: [ app_init ] --END-- [ RunTime:0.001314s ]

[ 2016-06-06T14:51:40+08:00 ] ::1 /thinkphp/exbook.php
INFO: [ app_init ] --START--
INFO: Run Behavior\BuildLiteBehavior [ RunTime:0.000037s ]
INFO: [ app_init ] --END-- [ RunTime:0.001170s ]

[ 2016-06-06T14:51:58+08:00 ] ::1 /thinkphp/exbook.php
INFO: [ app_init ] --START--
INFO: Run Behavior\BuildLiteBehavior [ RunTime:0.000058s ]
INFO: [ app_init ] --END-- [ RunTime:0.001640s ]

[ 2016-06-06T14:52:33+08:00 ] ::1 /thinkphp/exbook.php
INFO: [ app_init ] --START--
INFO: Run Behavior\BuildLiteBehavior [ RunTime:0.000069s ]
INFO: [ app_init ] --END-- [ RunTime:0.002017s ]

[ 2016-06-06T14:52:58+08:00 ] ::1 /thinkphp/exbook.php
INFO: [ app_init ] --START--
INFO: Run Behavior\BuildLiteBehavior [ RunTime:0.000063s ]
INFO: [ app_init ] --END-- [ RunTime:0.001917s ]

[ 2016-06-06T14:54:00+08:00 ] ::1 /thinkphp/exbook.php
INFO: [ app_init ] --START--
INFO: Run Behavior\BuildLiteBehavior [ RunTime:0.000061s ]
INFO: [ app_init ] --END-- [ RunTime:0.001775s ]

[ 2016-06-06T14:56:35+08:00 ] ::1 /thinkphp/exbook.php
INFO: [ app_init ] --START--
INFO: Run Behavior\BuildLiteBehavior [ RunTime:0.000085s ]
INFO: [ app_init ] --END-- [ RunTime:0.001509s ]

[ 2016-06-06T14:57:27+08:00 ] ::1 /thinkphp/exbook.php
INFO: [ app_init ] --START--
INFO: Run Behavior\BuildLiteBehavior [ RunTime:0.000037s ]
INFO: [ app_init ] --END-- [ RunTime:0.001059s ]

[ 2016-06-06T14:58:37+08:00 ] ::1 /thinkphp/exbook.php
INFO: [ app_init ] --START--
INFO: Run Behavior\BuildLiteBehavior [ RunTime:0.000038s ]
INFO: [ app_init ] --END-- [ RunTime:0.001242s ]

[ 2016-06-06T14:59:46+08:00 ] ::1 /thinkphp/exbook.php
INFO: [ app_init ] --START--
INFO: Run Behavior\BuildLiteBehavior [ RunTime:0.000057s ]
INFO: [ app_init ] --END-- [ RunTime:0.001605s ]

[ 2016-06-06T15:01:55+08:00 ] ::1 /thinkphp/exbook.php
INFO: [ app_init ] --START--
INFO: Run Behavior\BuildLiteBehavior [ RunTime:0.000060s ]
INFO: [ app_init ] --END-- [ RunTime:0.001258s ]

