[ 2016-06-09T12:27:06+08:00 ] ::1 /thinkphp/exbook.php?home/index/login?tell=15002955935&pwd=lxb
INFO: [ app_init ] --START--
INFO: Run Behavior\BuildLiteBehavior [ RunTime:0.000040s ]
INFO: [ app_init ] --END-- [ RunTime:0.001757s ]

[ 2016-06-09T12:27:26+08:00 ] ::1 /thinkphp/exbook.php?home/index/login?tell=15002955935&pwd=lxb
INFO: [ app_init ] --START--
INFO: Run Behavior\BuildLiteBehavior [ RunTime:0.000038s ]
INFO: [ app_init ] --END-- [ RunTime:0.001383s ]

[ 2016-06-09T12:29:43+08:00 ] ::1 /thinkphp/exbook.php?home/index/login?tell=15002955935&pwd=lxb
INFO: [ app_init ] --START--
INFO: Run Behavior\BuildLiteBehavior [ RunTime:0.000038s ]
INFO: [ app_init ] --END-- [ RunTime:0.001188s ]

[ 2016-06-09T12:29:44+08:00 ] ::1 /thinkphp/exbook.php?home/index/login?tell=15002955935&pwd=lxb
INFO: [ app_init ] --START--
INFO: Run Behavior\BuildLiteBehavior [ RunTime:0.000037s ]
INFO: [ app_init ] --END-- [ RunTime:0.001182s ]

[ 2016-06-09T12:30:17+08:00 ] ::1 /thinkphp/exbook.php?home/index/login
INFO: [ app_init ] --START--
INFO: Run Behavior\BuildLiteBehavior [ RunTime:0.000046s ]
INFO: [ app_init ] --END-- [ RunTime:0.001966s ]

[ 2016-06-09T12:30:53+08:00 ] ::1 /thinkphp/exbook.php/home/index/login?tell=14040510061&pwd=lxb
INFO: [ app_init ] --START--
INFO: Run Behavior\BuildLiteBehavior [ RunTime:0.000057s ]
INFO: [ app_init ] --END-- [ RunTime:0.002346s ]

[ 2016-06-09T12:32:19+08:00 ] ::1 /thinkphp/exbook.php/home/index/login?tell=14040510061&pwd=lxb
INFO: [ app_init ] --START--
INFO: Run Behavior\BuildLiteBehavior [ RunTime:0.000067s ]
INFO: [ app_init ] --END-- [ RunTime:0.001921s ]

[ 2016-06-09T12:32:20+08:00 ] ::1 /thinkphp/exbook.php/home/index/login?tell=14040510061&pwd=lxb
INFO: [ app_init ] --START--
INFO: Run Behavior\BuildLiteBehavior [ RunTime:0.000051s ]
INFO: [ app_init ] --END-- [ RunTime:0.001214s ]

[ 2016-06-09T12:32:36+08:00 ] ::1 /thinkphp/exbook.php/home/index/login?tell=15002955935&pwd=lxb
INFO: [ app_init ] --START--
INFO: Run Behavior\BuildLiteBehavior [ RunTime:0.000043s ]
INFO: [ app_init ] --END-- [ RunTime:0.001649s ]

[ 2016-06-09T12:33:38+08:00 ] ::1 /thinkphp/exbook.php/home/index/login?tell=15002955935&pwd=lxb
INFO: [ app_init ] --START--
INFO: Run Behavior\BuildLiteBehavior [ RunTime:0.000067s ]
INFO: [ app_init ] --END-- [ RunTime:0.001677s ]

[ 2016-06-09T12:33:40+08:00 ] ::1 /thinkphp/exbook.php/home/index/login?tell=15002955935&pwd=lxb
INFO: [ app_init ] --START--
INFO: Run Behavior\BuildLiteBehavior [ RunTime:0.000057s ]
INFO: [ app_init ] --END-- [ RunTime:0.001533s ]

[ 2016-06-09T12:34:00+08:00 ] ::1 /thinkphp/exbook.php/home/index/login?tell=15002955935&pwd=lxb
INFO: [ app_init ] --START--
INFO: Run Behavior\BuildLiteBehavior [ RunTime:0.000035s ]
INFO: [ app_init ] --END-- [ RunTime:0.001161s ]

[ 2016-06-09T12:35:14+08:00 ] ::1 /thinkphp/exbook.php/home/index/login?tell=15002955935&pwd=lxb
INFO: [ app_init ] --START--
INFO: Run Behavior\BuildLiteBehavior [ RunTime:0.000042s ]
INFO: [ app_init ] --END-- [ RunTime:0.001254s ]

[ 2016-06-09T12:39:32+08:00 ] ::1 /thinkphp/exbook.php/home/index/login?tell=15002955935&pwd=lxb
INFO: [ app_init ] --START--
INFO: Run Behavior\BuildLiteBehavior [ RunTime:0.000038s ]
INFO: [ app_init ] --END-- [ RunTime:0.001108s ]

[ 2016-06-09T12:41:33+08:00 ] ::1 /thinkphp/exbook.php/home/index/login?tell=15002955935&pwd=lxb
INFO: [ app_init ] --START--
INFO: Run Behavior\BuildLiteBehavior [ RunTime:0.000037s ]
INFO: [ app_init ] --END-- [ RunTime:0.001169s ]

[ 2016-06-09T12:42:07+08:00 ] ::1 /thinkphp/exbook.php/home/index/login?tell=15002955935&pwd=lxb
INFO: [ app_init ] --START--
INFO: Run Behavior\BuildLiteBehavior [ RunTime:0.000061s ]
INFO: [ app_init ] --END-- [ RunTime:0.001645s ]

[ 2016-06-09T12:42:08+08:00 ] ::1 /thinkphp/exbook.php/home/index/login?tell=15002955935&pwd=lxb
INFO: [ app_init ] --START--
INFO: Run Behavior\BuildLiteBehavior [ RunTime:0.000037s ]
INFO: [ app_init ] --END-- [ RunTime:0.001147s ]

[ 2016-06-09T12:42:09+08:00 ] ::1 /thinkphp/exbook.php/home/index/login?tell=15002955935&pwd=lxb
INFO: [ app_init ] --START--
INFO: Run Behavior\BuildLiteBehavior [ RunTime:0.000065s ]
INFO: [ app_init ] --END-- [ RunTime:0.002178s ]

[ 2016-06-09T12:42:10+08:00 ] ::1 /thinkphp/exbook.php/home/index/login?tell=15002955935&pwd=lxb
INFO: [ app_init ] --START--
INFO: Run Behavior\BuildLiteBehavior [ RunTime:0.000037s ]
INFO: [ app_init ] --END-- [ RunTime:0.001054s ]

[ 2016-06-09T12:43:28+08:00 ] ::1 /thinkphp/exbook.php/home/index/login?tell=15002955935&pwd=lxb
INFO: [ app_init ] --START--
INFO: Run Behavior\BuildLiteBehavior [ RunTime:0.000056s ]
INFO: [ app_init ] --END-- [ RunTime:0.001334s ]

[ 2016-06-09T12:44:22+08:00 ] ::1 /thinkphp/exbook.php
INFO: [ app_init ] --START--
INFO: Run Behavior\BuildLiteBehavior [ RunTime:0.000060s ]
INFO: [ app_init ] --END-- [ RunTime:0.001879s ]

[ 2016-06-09T12:44:53+08:00 ] ::1 /thinkphp/exbook.php/home/index/login?tell=15002955935&pwd=lxb
INFO: [ app_init ] --START--
INFO: Run Behavior\BuildLiteBehavior [ RunTime:0.000037s ]
INFO: [ app_init ] --END-- [ RunTime:0.001202s ]

[ 2016-06-09T12:45:23+08:00 ] ::1 /thinkphp/exbook.php/home/index/login?tell=15002955935&pwd=lxb
INFO: [ app_init ] --START--
INFO: Run Behavior\BuildLiteBehavior [ RunTime:0.000067s ]
INFO: [ app_init ] --END-- [ RunTime:0.001751s ]

[ 2016-06-09T13:01:38+08:00 ] ::1 /thinkphp/exbook.php/home/index/login?tell=15002955935&pwd=lxb
INFO: [ app_init ] --START--
INFO: Run Behavior\BuildLiteBehavior [ RunTime:0.000048s ]
INFO: [ app_init ] --END-- [ RunTime:0.001758s ]

[ 2016-06-09T13:01:39+08:00 ] ::1 /thinkphp/exbook.php/home/index/login?tell=15002955935&pwd=lxb
INFO: [ app_init ] --START--
INFO: Run Behavior\BuildLiteBehavior [ RunTime:0.000039s ]
INFO: [ app_init ] --END-- [ RunTime:0.001122s ]

[ 2016-06-09T13:01:41+08:00 ] ::1 /thinkphp/exbook.php/home/index/login?tell=15002955935&pwd=lxb
INFO: [ app_init ] --START--
INFO: Run Behavior\BuildLiteBehavior [ RunTime:0.000095s ]
INFO: [ app_init ] --END-- [ RunTime:0.002214s ]

[ 2016-06-09T13:02:06+08:00 ] ::1 /thinkphp/exbook.php/home/index/login?tell=15002955935&pwd=lxb
INFO: [ app_init ] --START--
INFO: Run Behavior\BuildLiteBehavior [ RunTime:0.000036s ]
INFO: [ app_init ] --END-- [ RunTime:0.001242s ]

[ 2016-06-09T13:09:21+08:00 ] ::1 /thinkphp/exbook.php/home/index/login?tell=15002955935&pwd=lxb
INFO: [ app_init ] --START--
INFO: Run Behavior\BuildLiteBehavior [ RunTime:0.000036s ]
INFO: [ app_init ] --END-- [ RunTime:0.001089s ]

[ 2016-06-09T13:09:22+08:00 ] ::1 /thinkphp/exbook.php/home/index/login?tell=15002955935&pwd=lxb
INFO: [ app_init ] --START--
INFO: Run Behavior\BuildLiteBehavior [ RunTime:0.000037s ]
INFO: [ app_init ] --END-- [ RunTime:0.001089s ]

[ 2016-06-09T13:09:24+08:00 ] ::1 /thinkphp/exbook.php/home/index/login?tell=15002955935&pwd=lxb
INFO: [ app_init ] --START--
INFO: Run Behavior\BuildLiteBehavior [ RunTime:0.000037s ]
INFO: [ app_init ] --END-- [ RunTime:0.001050s ]

[ 2016-06-09T13:10:12+08:00 ] ::1 /thinkphp/exbook.php/home/index/login?tell=15002955935&pwd=lxb
INFO: [ app_init ] --START--
INFO: Run Behavior\BuildLiteBehavior [ RunTime:0.000038s ]
INFO: [ app_init ] --END-- [ RunTime:0.001221s ]

[ 2016-06-09T13:11:03+08:00 ] ::1 /thinkphp/exbook.php/home/index/login?tell=15002955935&pwd=lxb
INFO: [ app_init ] --START--
INFO: Run Behavior\BuildLiteBehavior [ RunTime:0.000037s ]
INFO: [ app_init ] --END-- [ RunTime:0.001068s ]

[ 2016-06-09T13:11:04+08:00 ] ::1 /thinkphp/exbook.php/home/index/login?tell=15002955935&pwd=lxb
INFO: [ app_init ] --START--
INFO: Run Behavior\BuildLiteBehavior [ RunTime:0.000036s ]
INFO: [ app_init ] --END-- [ RunTime:0.001031s ]

[ 2016-06-09T13:12:01+08:00 ] ::1 /thinkphp/exbook.php/home/index/login?tell=15002955935&pwd=lxb
INFO: [ app_init ] --START--
INFO: Run Behavior\BuildLiteBehavior [ RunTime:0.000037s ]
INFO: [ app_init ] --END-- [ RunTime:0.001080s ]

[ 2016-06-09T13:12:03+08:00 ] ::1 /thinkphp/exbook.php/home/index/login?tell=15002955935&pwd=lxb
INFO: [ app_init ] --START--
INFO: Run Behavior\BuildLiteBehavior [ RunTime:0.000038s ]
INFO: [ app_init ] --END-- [ RunTime:0.001124s ]

[ 2016-06-09T13:13:41+08:00 ] ::1 /thinkphp/exbook.php/home/index/login?tell=15002955935&pwd=lxb
INFO: [ app_init ] --START--
INFO: Run Behavior\BuildLiteBehavior [ RunTime:0.000036s ]
INFO: [ app_init ] --END-- [ RunTime:0.001198s ]

[ 2016-06-09T13:13:44+08:00 ] ::1 /thinkphp/exbook.php/home/index/login?tell=15002955935&pwd=lxb
INFO: [ app_init ] --START--
INFO: Run Behavior\BuildLiteBehavior [ RunTime:0.000061s ]
INFO: [ app_init ] --END-- [ RunTime:0.002131s ]

[ 2016-06-09T13:27:04+08:00 ] ::1 /thinkphp/exbook.php/home/index/login?tell=15002955935&pwd=lxb
INFO: [ app_init ] --START--
INFO: Run Behavior\BuildLiteBehavior [ RunTime:0.000036s ]
INFO: [ app_init ] --END-- [ RunTime:0.001186s ]

[ 2016-06-09T13:28:22+08:00 ] ::1 /thinkphp/exbook.php/home/index/login?tell=15002955935&pwd=lxb
INFO: [ app_init ] --START--
INFO: Run Behavior\BuildLiteBehavior [ RunTime:0.000037s ]
INFO: [ app_init ] --END-- [ RunTime:0.001366s ]

[ 2016-06-09T13:28:28+08:00 ] ::1 /thinkphp/exbook.php/home/index/login?tell=14040510061&pwd=lxb
INFO: [ app_init ] --START--
INFO: Run Behavior\BuildLiteBehavior [ RunTime:0.000061s ]
INFO: [ app_init ] --END-- [ RunTime:0.001902s ]

[ 2016-06-09T13:28:41+08:00 ] ::1 /thinkphp/exbook.php/home/index/login?tell=14040510061&pwd=lxb
INFO: [ app_init ] --START--
INFO: Run Behavior\BuildLiteBehavior [ RunTime:0.000076s ]
INFO: [ app_init ] --END-- [ RunTime:0.001309s ]

[ 2016-06-09T13:28:48+08:00 ] ::1 /thinkphp/exbook.php/home/index/login?tell=14040510061&pwd=lxb
INFO: [ app_init ] --START--
INFO: Run Behavior\BuildLiteBehavior [ RunTime:0.000054s ]
INFO: [ app_init ] --END-- [ RunTime:0.001238s ]

[ 2016-06-09T13:33:31+08:00 ] ::1 /thinkphp/exbook.php/home/index/login?tell=14040510061&pwd=lxb
INFO: [ app_init ] --START--
INFO: Run Behavior\BuildLiteBehavior [ RunTime:0.000038s ]
INFO: [ app_init ] --END-- [ RunTime:0.001212s ]

[ 2016-06-09T13:33:32+08:00 ] ::1 /thinkphp/exbook.php/home/index/login?tell=14040510061&pwd=lxb
INFO: [ app_init ] --START--
INFO: Run Behavior\BuildLiteBehavior [ RunTime:0.000036s ]
INFO: [ app_init ] --END-- [ RunTime:0.001120s ]

[ 2016-06-09T13:36:53+08:00 ] ::1 /thinkphp/exbook.php/home/index/login
INFO: [ app_init ] --START--
INFO: Run Behavior\BuildLiteBehavior [ RunTime:0.000036s ]
INFO: [ app_init ] --END-- [ RunTime:0.001171s ]

[ 2016-06-09T13:39:36+08:00 ] ::1 /thinkphp/exbook.php/home/index/login
INFO: [ app_init ] --START--
INFO: Run Behavior\BuildLiteBehavior [ RunTime:0.000037s ]
INFO: [ app_init ] --END-- [ RunTime:0.001197s ]

[ 2016-06-09T13:42:19+08:00 ] ::1 /thinkphp/exbook.php/home/index/login
INFO: [ app_init ] --START--
INFO: Run Behavior\BuildLiteBehavior [ RunTime:0.000039s ]
INFO: [ app_init ] --END-- [ RunTime:0.001244s ]

[ 2016-06-09T13:47:40+08:00 ] ::1 /thinkphp/exbook.php
INFO: [ app_init ] --START--
INFO: Run Behavior\BuildLiteBehavior [ RunTime:0.000038s ]
INFO: [ app_init ] --END-- [ RunTime:0.001254s ]
ERR: 模板不存在:./Exbook/Home/View/Index/index.html

[ 2016-06-09T13:48:21+08:00 ] ::1 /thinkphp/exbook.php
INFO: [ app_init ] --START--
INFO: Run Behavior\BuildLiteBehavior [ RunTime:0.000037s ]
INFO: [ app_init ] --END-- [ RunTime:0.001295s ]

[ 2016-06-09T13:48:34+08:00 ] ::1 /thinkphp/exbook.php/home/index/login
INFO: [ app_init ] --START--
INFO: Run Behavior\BuildLiteBehavior [ RunTime:0.000067s ]
INFO: [ app_init ] --END-- [ RunTime:0.001251s ]

[ 2016-06-09T13:49:29+08:00 ] ::1 /thinkphp/exbook.php/home/index/login
INFO: [ app_init ] --START--
INFO: Run Behavior\BuildLiteBehavior [ RunTime:0.000037s ]
INFO: [ app_init ] --END-- [ RunTime:0.001231s ]

[ 2016-06-09T13:49:32+08:00 ] ::1 /thinkphp/exbook.php/home/index/login
INFO: [ app_init ] --START--
INFO: Run Behavior\BuildLiteBehavior [ RunTime:0.000036s ]
INFO: [ app_init ] --END-- [ RunTime:0.001080s ]

[ 2016-06-09T13:51:28+08:00 ] ::1 /thinkphp/exbook.php/home/index/login
INFO: [ app_init ] --START--
INFO: Run Behavior\BuildLiteBehavior [ RunTime:0.000074s ]
INFO: [ app_init ] --END-- [ RunTime:0.001455s ]

[ 2016-06-09T13:52:22+08:00 ] ::1 /thinkphp/exbook.php/home/index/login
INFO: [ app_init ] --START--
INFO: Run Behavior\BuildLiteBehavior [ RunTime:0.000035s ]
INFO: [ app_init ] --END-- [ RunTime:0.001072s ]

[ 2016-06-09T13:52:47+08:00 ] ::1 /thinkphp/exbook.php
INFO: [ app_init ] --START--
INFO: Run Behavior\BuildLiteBehavior [ RunTime:0.000040s ]
INFO: [ app_init ] --END-- [ RunTime:0.001248s ]

[ 2016-06-09T13:55:15+08:00 ] ::1 /thinkphp/exbook.php/
INFO: [ app_init ] --START--
INFO: Run Behavior\BuildLiteBehavior [ RunTime:0.000057s ]
INFO: [ app_init ] --END-- [ RunTime:0.001834s ]

[ 2016-06-09T13:55:32+08:00 ] ::1 /thinkphp/exbook.php/home/index/login
INFO: [ app_init ] --START--
INFO: Run Behavior\BuildLiteBehavior [ RunTime:0.000059s ]
INFO: [ app_init ] --END-- [ RunTime:0.001886s ]

[ 2016-06-09T14:42:20+08:00 ] ::1 /thinkphp/exbook.php/home/
INFO: [ app_init ] --START--
INFO: Run Behavior\BuildLiteBehavior [ RunTime:0.000059s ]
INFO: [ app_init ] --END-- [ RunTime:0.002122s ]

[ 2016-06-09T14:43:40+08:00 ] ::1 /thinkphp/exbook.php/home/
INFO: [ app_init ] --START--
INFO: Run Behavior\BuildLiteBehavior [ RunTime:0.000034s ]
INFO: [ app_init ] --END-- [ RunTime:0.001057s ]

[ 2016-06-09T14:43:41+08:00 ] ::1 /thinkphp/exbook.php/home/
INFO: [ app_init ] --START--
INFO: Run Behavior\BuildLiteBehavior [ RunTime:0.000036s ]
INFO: [ app_init ] --END-- [ RunTime:0.001048s ]

[ 2016-06-09T15:15:00+08:00 ] ::1 /thinkphp/exbook.php/home/index/login
INFO: [ app_init ] --START--
INFO: Run Behavior\BuildLiteBehavior [ RunTime:0.000041s ]
INFO: [ app_init ] --END-- [ RunTime:0.001584s ]

[ 2016-06-09T15:16:41+08:00 ] ::1 /thinkphp/exbook.php
INFO: [ app_init ] --START--
INFO: Run Behavior\BuildLiteBehavior [ RunTime:0.000035s ]
INFO: [ app_init ] --END-- [ RunTime:0.001061s ]

[ 2016-06-09T15:16:49+08:00 ] ::1 /thinkphp/exbook.php/Home/Index/login
INFO: [ app_init ] --START--
INFO: Run Behavior\BuildLiteBehavior [ RunTime:0.000037s ]
INFO: [ app_init ] --END-- [ RunTime:0.001041s ]

[ 2016-06-09T15:49:44+08:00 ] ::1 /thinkphp/exbook.php/Home/Index/login
INFO: [ app_init ] --START--
INFO: Run Behavior\BuildLiteBehavior [ RunTime:0.000057s ]
INFO: [ app_init ] --END-- [ RunTime:0.002447s ]

[ 2016-06-09T15:49:50+08:00 ] ::1 /thinkphp/exbook.php/Home/Index/
INFO: [ app_init ] --START--
INFO: Run Behavior\BuildLiteBehavior [ RunTime:0.000060s ]
INFO: [ app_init ] --END-- [ RunTime:0.002555s ]

[ 2016-06-09T15:49:55+08:00 ] ::1 /thinkphp/exbook.php/Home/Index/login
INFO: [ app_init ] --START--
INFO: Run Behavior\BuildLiteBehavior [ RunTime:0.000037s ]
INFO: [ app_init ] --END-- [ RunTime:0.001064s ]

[ 2016-06-09T15:51:23+08:00 ] ::1 /thinkphp/exbook.php/Home/Index/login
INFO: [ app_init ] --START--
INFO: Run Behavior\BuildLiteBehavior [ RunTime:0.000038s ]
INFO: [ app_init ] --END-- [ RunTime:0.001236s ]

[ 2016-06-09T15:51:50+08:00 ] ::1 /thinkphp/exbook.php/Home/Index/login
INFO: [ app_init ] --START--
INFO: Run Behavior\BuildLiteBehavior [ RunTime:0.000037s ]
INFO: [ app_init ] --END-- [ RunTime:0.001232s ]

[ 2016-06-09T16:00:09+08:00 ] ::1 /thinkphp/exbook.php/Home/
INFO: [ app_init ] --START--
INFO: Run Behavior\BuildLiteBehavior [ RunTime:0.000058s ]
INFO: [ app_init ] --END-- [ RunTime:0.001851s ]

[ 2016-06-09T16:01:37+08:00 ] ::1 /thinkphp/exbook.php/Home/
INFO: [ app_init ] --START--
INFO: Run Behavior\BuildLiteBehavior [ RunTime:0.000062s ]
INFO: [ app_init ] --END-- [ RunTime:0.001649s ]

[ 2016-06-09T16:01:38+08:00 ] ::1 /thinkphp/exbook.php/Home/
INFO: [ app_init ] --START--
INFO: Run Behavior\BuildLiteBehavior [ RunTime:0.000074s ]
INFO: [ app_init ] --END-- [ RunTime:0.001772s ]

[ 2016-06-09T16:02:27+08:00 ] ::1 /thinkphp/exbook.php/Home/Index/index
INFO: [ app_init ] --START--
INFO: Run Behavior\BuildLiteBehavior [ RunTime:0.000048s ]
INFO: [ app_init ] --END-- [ RunTime:0.002178s ]

[ 2016-06-09T16:06:21+08:00 ] ::1 /thinkphp/exbook.php/Home/Index/index
INFO: [ app_init ] --START--
INFO: Run Behavior\BuildLiteBehavior [ RunTime:0.000075s ]
INFO: [ app_init ] --END-- [ RunTime:0.001846s ]

[ 2016-06-09T16:06:41+08:00 ] ::1 /thinkphp/exbook.php/Home/Index/index
INFO: [ app_init ] --START--
INFO: Run Behavior\BuildLiteBehavior [ RunTime:0.000036s ]
INFO: [ app_init ] --END-- [ RunTime:0.001089s ]

[ 2016-06-09T16:07:20+08:00 ] ::1 /thinkphp/exbook.php/Home/Index/index
INFO: [ app_init ] --START--
INFO: Run Behavior\BuildLiteBehavior [ RunTime:0.000056s ]
INFO: [ app_init ] --END-- [ RunTime:0.001382s ]

[ 2016-06-09T16:07:22+08:00 ] ::1 /thinkphp/exbook.php/Home/Index/index
INFO: [ app_init ] --START--
INFO: Run Behavior\BuildLiteBehavior [ RunTime:0.000050s ]
INFO: [ app_init ] --END-- [ RunTime:0.001150s ]

[ 2016-06-09T16:07:27+08:00 ] ::1 /thinkphp/exbook.php/Home/
INFO: [ app_init ] --START--
INFO: Run Behavior\BuildLiteBehavior [ RunTime:0.000036s ]
INFO: [ app_init ] --END-- [ RunTime:0.001069s ]

[ 2016-06-09T16:09:22+08:00 ] ::1 /thinkphp/exbook.php/Home/
INFO: [ app_init ] --START--
INFO: Run Behavior\BuildLiteBehavior [ RunTime:0.000036s ]
INFO: [ app_init ] --END-- [ RunTime:0.001054s ]
ERR: 1064:You have an error in your SQL syntax; check the manual that corresponds to your MySQL server version for the right syntax to use near ''正常 )' at line 1
 [ SQL语句 ] : SELECT * FROM `gc_ubook` WHERE ( state='正常 ) 

[ 2016-06-09T16:09:40+08:00 ] ::1 /thinkphp/exbook.php/Home/
INFO: [ app_init ] --START--
INFO: Run Behavior\BuildLiteBehavior [ RunTime:0.000035s ]
INFO: [ app_init ] --END-- [ RunTime:0.001050s ]

[ 2016-06-09T17:44:06+08:00 ] ::1 /thinkphp/exbook.php/Home/User/register
INFO: [ app_init ] --START--
INFO: Run Behavior\BuildLiteBehavior [ RunTime:0.000041s ]
INFO: [ app_init ] --END-- [ RunTime:0.002034s ]
ERR: 无法加载控制器:User

[ 2016-06-09T17:45:07+08:00 ] ::1 /thinkphp/exbook.php/Home
INFO: [ app_init ] --START--
INFO: Run Behavior\BuildLiteBehavior [ RunTime:0.000063s ]
INFO: [ app_init ] --END-- [ RunTime:0.002055s ]

[ 2016-06-09T17:45:18+08:00 ] ::1 /thinkphp/exbook.php/Home/Index/index
INFO: [ app_init ] --START--
INFO: Run Behavior\BuildLiteBehavior [ RunTime:0.000058s ]
INFO: [ app_init ] --END-- [ RunTime:0.001733s ]

[ 2016-06-09T17:45:27+08:00 ] ::1 /thinkphp/exbook.php/Home/user/index
INFO: [ app_init ] --START--
INFO: Run Behavior\BuildLiteBehavior [ RunTime:0.000044s ]
INFO: [ app_init ] --END-- [ RunTime:0.001565s ]
ERR: 无法加载控制器:User

[ 2016-06-09T17:47:29+08:00 ] ::1 /thinkphp/exbook.php/Home/book
INFO: [ app_init ] --START--
INFO: Run Behavior\BuildLiteBehavior [ RunTime:0.000059s ]
INFO: [ app_init ] --END-- [ RunTime:0.002289s ]
ERR: 无法加载控制器:Book

[ 2016-06-09T17:47:44+08:00 ] ::1 /thinkphp/exbook.php/Home/index
INFO: [ app_init ] --START--
INFO: Run Behavior\BuildLiteBehavior [ RunTime:0.000054s ]
INFO: [ app_init ] --END-- [ RunTime:0.001879s ]

[ 2016-06-09T17:49:55+08:00 ] ::1 /thinkphp/exbook.php/Home/index
INFO: [ app_init ] --START--
INFO: Run Behavior\BuildLiteBehavior [ RunTime:0.000059s ]
INFO: [ app_init ] --END-- [ RunTime:0.001654s ]

[ 2016-06-09T17:50:08+08:00 ] ::1 /thinkphp/exbook.php/Home/User/
INFO: [ app_init ] --START--
INFO: Run Behavior\BuildLiteBehavior [ RunTime:0.000036s ]
INFO: [ app_init ] --END-- [ RunTime:0.001265s ]
ERR: 非法操作:index

[ 2016-06-09T17:51:45+08:00 ] ::1 /thinkphp/exbook.php/Home/User/registerhtml
INFO: [ app_init ] --START--
INFO: Run Behavior\BuildLiteBehavior [ RunTime:0.000038s ]
INFO: [ app_init ] --END-- [ RunTime:0.001097s ]

[ 2016-06-09T17:52:11+08:00 ] ::1 /thinkphp/exbook.php/Home/User/registerhtml
INFO: [ app_init ] --START--
INFO: Run Behavior\BuildLiteBehavior [ RunTime:0.000063s ]
INFO: [ app_init ] --END-- [ RunTime:0.001871s ]

[ 2016-06-09T18:17:15+08:00 ] ::1 /thinkphp/exbook.php/Home/User/register
INFO: [ app_init ] --START--
INFO: Run Behavior\BuildLiteBehavior [ RunTime:0.000040s ]
INFO: [ app_init ] --END-- [ RunTime:0.001559s ]

[ 2016-06-09T18:17:43+08:00 ] ::1 /thinkphp/exbook.php/Home/User/register
INFO: [ app_init ] --START--
INFO: Run Behavior\BuildLiteBehavior [ RunTime:0.000092s ]
INFO: [ app_init ] --END-- [ RunTime:0.001906s ]

[ 2016-06-09T18:22:36+08:00 ] ::1 /thinkphp/exbook.php/Home/User/register
INFO: [ app_init ] --START--
INFO: Run Behavior\BuildLiteBehavior [ RunTime:0.000035s ]
INFO: [ app_init ] --END-- [ RunTime:0.001087s ]

[ 2016-06-09T18:25:19+08:00 ] ::1 /thinkphp/exbook.php/Home/User/register
INFO: [ app_init ] --START--
INFO: Run Behavior\BuildLiteBehavior [ RunTime:0.000041s ]
INFO: [ app_init ] --END-- [ RunTime:0.001509s ]

[ 2016-06-09T18:26:00+08:00 ] ::1 /thinkphp/exbook.php/Home/User/register
INFO: [ app_init ] --START--
INFO: Run Behavior\BuildLiteBehavior [ RunTime:0.000043s ]
INFO: [ app_init ] --END-- [ RunTime:0.002094s ]

[ 2016-06-09T18:26:41+08:00 ] ::1 /thinkphp/exbook.php/Home/User/register
INFO: [ app_init ] --START--
INFO: Run Behavior\BuildLiteBehavior [ RunTime:0.000045s ]
INFO: [ app_init ] --END-- [ RunTime:0.001556s ]

[ 2016-06-09T18:27:08+08:00 ] ::1 /thinkphp/exbook.php/Home/User/register
INFO: [ app_init ] --START--
INFO: Run Behavior\BuildLiteBehavior [ RunTime:0.000038s ]
INFO: [ app_init ] --END-- [ RunTime:0.001122s ]

[ 2016-06-09T18:27:12+08:00 ] ::1 /thinkphp/exbook.php/Home/User/register
INFO: [ app_init ] --START--
INFO: Run Behavior\BuildLiteBehavior [ RunTime:0.000039s ]
INFO: [ app_init ] --END-- [ RunTime:0.001117s ]

[ 2016-06-09T18:27:46+08:00 ] ::1 /thinkphp/exbook.php/Home/User/register
INFO: [ app_init ] --START--
INFO: Run Behavior\BuildLiteBehavior [ RunTime:0.000036s ]
INFO: [ app_init ] --END-- [ RunTime:0.001063s ]

[ 2016-06-09T18:28:21+08:00 ] ::1 /thinkphp/exbook.php/Home/User/register
INFO: [ app_init ] --START--
INFO: Run Behavior\BuildLiteBehavior [ RunTime:0.000041s ]
INFO: [ app_init ] --END-- [ RunTime:0.001121s ]

[ 2016-06-09T18:28:31+08:00 ] ::1 /thinkphp/exbook.php/Home/User/registerhtml
INFO: [ app_init ] --START--
INFO: Run Behavior\BuildLiteBehavior [ RunTime:0.000040s ]
INFO: [ app_init ] --END-- [ RunTime:0.001099s ]

[ 2016-06-09T18:28:43+08:00 ] ::1 /thinkphp/exbook.php/Home/User/register
INFO: [ app_init ] --START--
INFO: Run Behavior\BuildLiteBehavior [ RunTime:0.000060s ]
INFO: [ app_init ] --END-- [ RunTime:0.001978s ]

[ 2016-06-09T18:29:09+08:00 ] ::1 /thinkphp/exbook.php/Home/User/register
INFO: [ app_init ] --START--
INFO: Run Behavior\BuildLiteBehavior [ RunTime:0.000043s ]
INFO: [ app_init ] --END-- [ RunTime:0.001385s ]

[ 2016-06-09T18:30:24+08:00 ] ::1 /thinkphp/exbook.php/Home/User/register
INFO: [ app_init ] --START--
INFO: Run Behavior\BuildLiteBehavior [ RunTime:0.000040s ]
INFO: [ app_init ] --END-- [ RunTime:0.001186s ]

[ 2016-06-09T18:31:14+08:00 ] ::1 /thinkphp/exbook.php/Home/User/register
INFO: [ app_init ] --START--
INFO: Run Behavior\BuildLiteBehavior [ RunTime:0.000037s ]
INFO: [ app_init ] --END-- [ RunTime:0.001129s ]

[ 2016-06-09T18:31:17+08:00 ] ::1 /thinkphp/exbook.php/Home/User/register
INFO: [ app_init ] --START--
INFO: Run Behavior\BuildLiteBehavior [ RunTime:0.000037s ]
INFO: [ app_init ] --END-- [ RunTime:0.001126s ]

[ 2016-06-09T18:33:33+08:00 ] ::1 /thinkphp/exbook.php/Home/User/register
INFO: [ app_init ] --START--
INFO: Run Behavior\BuildLiteBehavior [ RunTime:0.000036s ]
INFO: [ app_init ] --END-- [ RunTime:0.001110s ]

[ 2016-06-09T18:36:02+08:00 ] ::1 /thinkphp/exbook.php/Home/User/register
INFO: [ app_init ] --START--
INFO: Run Behavior\BuildLiteBehavior [ RunTime:0.000036s ]
INFO: [ app_init ] --END-- [ RunTime:0.001085s ]

[ 2016-06-09T18:36:22+08:00 ] ::1 /thinkphp/exbook.php/Home/User/register
INFO: [ app_init ] --START--
INFO: Run Behavior\BuildLiteBehavior [ RunTime:0.000039s ]
INFO: [ app_init ] --END-- [ RunTime:0.001221s ]

[ 2016-06-09T19:28:12+08:00 ] ::1 /thinkphp/exbook.php/Home/User/register
INFO: [ app_init ] --START--
INFO: Run Behavior\BuildLiteBehavior [ RunTime:0.000040s ]
INFO: [ app_init ] --END-- [ RunTime:0.001353s ]

[ 2016-06-09T19:28:16+08:00 ] ::1 /thinkphp/exbook.php/Home/User/register
INFO: [ app_init ] --START--
INFO: Run Behavior\BuildLiteBehavior [ RunTime:0.000036s ]
INFO: [ app_init ] --END-- [ RunTime:0.001050s ]

[ 2016-06-09T19:28:59+08:00 ] ::1 /thinkphp/exbook.php/Home/User/register
INFO: [ app_init ] --START--
INFO: Run Behavior\BuildLiteBehavior [ RunTime:0.000036s ]
INFO: [ app_init ] --END-- [ RunTime:0.001055s ]

[ 2016-06-09T19:29:31+08:00 ] ::1 /thinkphp/exbook.php/Home/User/register
INFO: [ app_init ] --START--
INFO: Run Behavior\BuildLiteBehavior [ RunTime:0.000061s ]
INFO: [ app_init ] --END-- [ RunTime:0.002304s ]
ERR: 1062:Duplicate entry '15002955933' for key 'PRIMARY'
 [ SQL语句 ] : INSERT INTO `gc_user` (`tell`,`pwd`,`nickname`,`uname`,`class`,`address`,`school`,`email`,`qq`,`wechat`,`sex`,`head`,`type`,`yard`,`major`) VALUES ('15002955933','lxb','稻草人','liang','0','','','','','','','','','','')

[ 2016-06-09T19:30:16+08:00 ] ::1 /thinkphp/exbook.php/Home/User/register
INFO: [ app_init ] --START--
INFO: Run Behavior\BuildLiteBehavior [ RunTime:0.000036s ]
INFO: [ app_init ] --END-- [ RunTime:0.001078s ]
ERR: 1062:Duplicate entry '15002955933' for key 'PRIMARY'
 [ SQL语句 ] : INSERT INTO `gc_user` (`tell`,`pwd`,`nickname`,`uname`,`class`,`address`,`school`,`email`,`qq`,`wechat`,`sex`,`head`,`type`,`yard`,`major`) VALUES ('15002955933','lxb','稻草人','liang','0','','','','','','','','','','')

[ 2016-06-09T19:30:49+08:00 ] ::1 /thinkphp/exbook.php/Home/User/register
INFO: [ app_init ] --START--
INFO: Run Behavior\BuildLiteBehavior [ RunTime:0.000035s ]
INFO: [ app_init ] --END-- [ RunTime:0.001100s ]
ERR: 1062:Duplicate entry '15002955933' for key 'PRIMARY'
 [ SQL语句 ] : INSERT INTO `gc_user` (`tell`,`pwd`,`nickname`,`uname`,`class`,`address`,`school`,`email`,`qq`,`wechat`,`sex`,`head`,`type`,`yard`,`major`) VALUES ('15002955933','lxb','稻草人','liang','0','','','','','','','','','','')

[ 2016-06-09T19:31:51+08:00 ] ::1 /thinkphp/exbook.php/Home/User/register
INFO: [ app_init ] --START--
INFO: Run Behavior\BuildLiteBehavior [ RunTime:0.000036s ]
INFO: [ app_init ] --END-- [ RunTime:0.001074s ]
ERR: 1062:Duplicate entry '15002955933' for key 'PRIMARY'
 [ SQL语句 ] : INSERT INTO `gc_user` (`tell`,`pwd`,`nickname`,`uname`,`class`,`address`,`school`,`email`,`qq`,`wechat`,`sex`,`head`,`type`,`yard`,`major`) VALUES ('15002955933','lxb','稻草人','liang','0','','','','','','','','','','')

[ 2016-06-09T19:31:54+08:00 ] ::1 /thinkphp/exbook.php/Home/User/register
INFO: [ app_init ] --START--
INFO: Run Behavior\BuildLiteBehavior [ RunTime:0.000039s ]
INFO: [ app_init ] --END-- [ RunTime:0.001321s ]
ERR: 1062:Duplicate entry '15002955933' for key 'PRIMARY'
 [ SQL语句 ] : INSERT INTO `gc_user` (`tell`,`pwd`,`nickname`,`uname`,`class`,`address`,`school`,`email`,`qq`,`wechat`,`sex`,`head`,`type`,`yard`,`major`) VALUES ('15002955933','lxb','稻草人','liang','0','','','','','','','','','','')

[ 2016-06-09T19:32:30+08:00 ] ::1 /thinkphp/exbook.php/Home/User/register
INFO: [ app_init ] --START--
INFO: Run Behavior\BuildLiteBehavior [ RunTime:0.000036s ]
INFO: [ app_init ] --END-- [ RunTime:0.001068s ]
ERR: 1062:Duplicate entry '15002955933' for key 'PRIMARY'
 [ SQL语句 ] : INSERT INTO `gc_user` (`tell`,`pwd`,`nickname`,`uname`,`class`,`address`,`school`,`email`,`qq`,`wechat`,`sex`,`head`,`type`,`yard`,`major`) VALUES ('15002955933','lxb','稻草人','liang','0','','','','','','','','','','')

[ 2016-06-09T19:32:33+08:00 ] ::1 /thinkphp/exbook.php/Home/User/register
INFO: [ app_init ] --START--
INFO: Run Behavior\BuildLiteBehavior [ RunTime:0.000036s ]
INFO: [ app_init ] --END-- [ RunTime:0.001043s ]
ERR: 1062:Duplicate entry '15002955933' for key 'PRIMARY'
 [ SQL语句 ] : INSERT INTO `gc_user` (`tell`,`pwd`,`nickname`,`uname`,`class`,`address`,`school`,`email`,`qq`,`wechat`,`sex`,`head`,`type`,`yard`,`major`) VALUES ('15002955933','lxb','稻草人','liang','0','','','','','','','','','','')

[ 2016-06-09T19:33:24+08:00 ] ::1 /thinkphp/exbook.php/Home/User/register
INFO: [ app_init ] --START--
INFO: Run Behavior\BuildLiteBehavior [ RunTime:0.000038s ]
INFO: [ app_init ] --END-- [ RunTime:0.001283s ]
ERR: 1062:Duplicate entry '15002955933' for key 'PRIMARY'
 [ SQL语句 ] : INSERT INTO `gc_user` (`tell`,`pwd`,`nickname`,`uname`,`class`,`address`,`school`,`email`,`qq`,`wechat`,`sex`,`head`,`type`,`yard`,`major`) VALUES ('15002955933','lxb','稻草人','liang','0','','','','','','','','','','')

[ 2016-06-09T19:33:36+08:00 ] ::1 /thinkphp/exbook.php/Home/User/register
INFO: [ app_init ] --START--
INFO: Run Behavior\BuildLiteBehavior [ RunTime:0.000037s ]
INFO: [ app_init ] --END-- [ RunTime:0.001072s ]

[ 2016-06-09T19:34:31+08:00 ] ::1 /thinkphp/exbook.php/Home/User/register
INFO: [ app_init ] --START--
INFO: Run Behavior\BuildLiteBehavior [ RunTime:0.000040s ]
INFO: [ app_init ] --END-- [ RunTime:0.001139s ]

[ 2016-06-09T19:35:47+08:00 ] ::1 /thinkphp/exbook.php/Home/User/register
INFO: [ app_init ] --START--
INFO: Run Behavior\BuildLiteBehavior [ RunTime:0.000035s ]
INFO: [ app_init ] --END-- [ RunTime:0.001146s ]

[ 2016-06-09T19:36:06+08:00 ] ::1 /thinkphp/exbook.php/Home/User/register
INFO: [ app_init ] --START--
INFO: Run Behavior\BuildLiteBehavior [ RunTime:0.000038s ]
INFO: [ app_init ] --END-- [ RunTime:0.001098s ]

[ 2016-06-09T19:36:30+08:00 ] ::1 /thinkphp/exbook.php/Home/User/register
INFO: [ app_init ] --START--
INFO: Run Behavior\BuildLiteBehavior [ RunTime:0.000045s ]
INFO: [ app_init ] --END-- [ RunTime:0.001295s ]

[ 2016-06-09T19:36:47+08:00 ] ::1 /thinkphp/exbook.php/Home/User/register
INFO: [ app_init ] --START--
INFO: Run Behavior\BuildLiteBehavior [ RunTime:0.000039s ]
INFO: [ app_init ] --END-- [ RunTime:0.001283s ]
ERR: 1062:Duplicate entry '15002955933' for key 'PRIMARY'
 [ SQL语句 ] : INSERT INTO `gc_user` (`tell`,`pwd`,`nickname`,`uname`,`class`,`address`,`school`,`email`,`qq`,`wechat`,`sex`,`head`,`type`,`yard`,`major`) VALUES ('15002955933','lxb','稻草人','liang','0','','','','','','','','','','')

[ 2016-06-09T19:38:57+08:00 ] ::1 /thinkphp/exbook.php/Home/User/register
INFO: [ app_init ] --START--
INFO: Run Behavior\BuildLiteBehavior [ RunTime:0.000070s ]
INFO: [ app_init ] --END-- [ RunTime:0.001151s ]
ERR: 1062:Duplicate entry '15002955933' for key 'PRIMARY'
 [ SQL语句 ] : INSERT INTO `gc_user` (`tell`,`pwd`,`nickname`,`uname`,`class`,`address`,`school`,`email`,`qq`,`wechat`,`sex`,`head`,`type`,`yard`,`major`) VALUES ('15002955933','lxb','稻草人','liang','0','','','','','','','','','','')

[ 2016-06-09T19:39:01+08:00 ] ::1 /thinkphp/exbook.php/Home/User/register
INFO: [ app_init ] --START--
INFO: Run Behavior\BuildLiteBehavior [ RunTime:0.000038s ]
INFO: [ app_init ] --END-- [ RunTime:0.001149s ]
ERR: 1062:Duplicate entry '15002955933' for key 'PRIMARY'
 [ SQL语句 ] : INSERT INTO `gc_user` (`tell`,`pwd`,`nickname`,`uname`,`class`,`address`,`school`,`email`,`qq`,`wechat`,`sex`,`head`,`type`,`yard`,`major`) VALUES ('15002955933','lxb','稻草人','liang','0','','','','','','','','','','')

[ 2016-06-09T19:41:45+08:00 ] ::1 /thinkphp/exbook.php/Home/User/register
INFO: [ app_init ] --START--
INFO: Run Behavior\BuildLiteBehavior [ RunTime:0.000037s ]
INFO: [ app_init ] --END-- [ RunTime:0.001174s ]

[ 2016-06-09T19:42:02+08:00 ] ::1 /thinkphp/exbook.php/Home/User/register
INFO: [ app_init ] --START--
INFO: Run Behavior\BuildLiteBehavior [ RunTime:0.000036s ]
INFO: [ app_init ] --END-- [ RunTime:0.001047s ]
ERR: 1062:Duplicate entry '15002955933' for key 'PRIMARY'
 [ SQL语句 ] : INSERT INTO `gc_user` (`tell`,`pwd`,`nickname`,`uname`,`class`,`address`,`school`,`email`,`qq`,`wechat`,`sex`,`head`,`type`,`yard`,`major`) VALUES ('15002955933','lxb','稻草人','liang','0','','','','','','','','','','')

[ 2016-06-09T19:56:17+08:00 ] ::1 /thinkphp/exbook.php/Home/User/register
INFO: [ app_init ] --START--
INFO: Run Behavior\BuildLiteBehavior [ RunTime:0.000040s ]
INFO: [ app_init ] --END-- [ RunTime:0.001653s ]
ERR: 1062:Duplicate entry '15002955933' for key 'PRIMARY'
 [ SQL语句 ] : INSERT INTO `gc_user` (`tell`,`pwd`,`nickname`,`uname`,`class`,`address`,`school`,`email`,`qq`,`wechat`,`sex`,`head`,`type`,`yard`,`major`) VALUES ('15002955933','lxb','稻草人','liang','0','','','','','','','','','','')

[ 2016-06-09T19:56:27+08:00 ] ::1 /thinkphp/exbook.php/Home/User/register
INFO: [ app_init ] --START--
INFO: Run Behavior\BuildLiteBehavior [ RunTime:0.000038s ]
INFO: [ app_init ] --END-- [ RunTime:0.001404s ]
ERR: 1062:Duplicate entry '稻草人' for key 'nickname'
 [ SQL语句 ] : INSERT INTO `gc_user` (`tell`,`pwd`,`nickname`,`uname`,`class`,`address`,`school`,`email`,`qq`,`wechat`,`sex`,`head`,`type`,`yard`,`major`) VALUES ('15002955932','lxb','稻草人','liang','0','','','','','','','','','','')

[ 2016-06-09T19:57:54+08:00 ] ::1 /thinkphp/exbook.php/Home/User/register
INFO: [ app_init ] --START--
INFO: Run Behavior\BuildLiteBehavior [ RunTime:0.000045s ]
INFO: [ app_init ] --END-- [ RunTime:0.001228s ]

[ 2016-06-09T19:58:01+08:00 ] ::1 /thinkphp/exbook.php/Home/User/register
INFO: [ app_init ] --START--
INFO: Run Behavior\BuildLiteBehavior [ RunTime:0.000061s ]
INFO: [ app_init ] --END-- [ RunTime:0.001806s ]

[ 2016-06-09T19:59:54+08:00 ] ::1 /thinkphp/exbook.php/Home/User/register
INFO: [ app_init ] --START--
INFO: Run Behavior\BuildLiteBehavior [ RunTime:0.000037s ]
INFO: [ app_init ] --END-- [ RunTime:0.001091s ]
ERR: 1062:Duplicate entry '15002955932' for key 'PRIMARY'
 [ SQL语句 ] : INSERT INTO `gc_user` (`tell`,`pwd`,`nickname`,`uname`,`class`,`address`,`school`,`email`,`qq`,`wechat`,`sex`,`head`,`type`,`yard`,`major`) VALUES ('15002955932','lxb','稻草人111','liang','0','','','','','','','','','','')

[ 2016-06-09T20:04:07+08:00 ] ::1 /thinkphp/exbook.php/Home/User/register
INFO: [ app_init ] --START--
INFO: Run Behavior\BuildLiteBehavior [ RunTime:0.000059s ]
INFO: [ app_init ] --END-- [ RunTime:0.001416s ]

[ 2016-06-09T20:05:57+08:00 ] ::1 /thinkphp/exbook.php/Home/User/register
INFO: [ app_init ] --START--
INFO: Run Behavior\BuildLiteBehavior [ RunTime:0.000037s ]
INFO: [ app_init ] --END-- [ RunTime:0.001133s ]

[ 2016-06-09T20:17:33+08:00 ] ::1 /thinkphp/exbook.php/Home/User/register
INFO: [ app_init ] --START--
INFO: Run Behavior\BuildLiteBehavior [ RunTime:0.000060s ]
INFO: [ app_init ] --END-- [ RunTime:0.001778s ]

[ 2016-06-09T20:17:42+08:00 ] ::1 /thinkphp/exbook.php/Home/User/registerhtml
INFO: [ app_init ] --START--
INFO: Run Behavior\BuildLiteBehavior [ RunTime:0.000040s ]
INFO: [ app_init ] --END-- [ RunTime:0.001342s ]

[ 2016-06-09T20:18:07+08:00 ] ::1 /thinkphp/exbook.php/Home/User/register
INFO: [ app_init ] --START--
INFO: Run Behavior\BuildLiteBehavior [ RunTime:0.000068s ]
INFO: [ app_init ] --END-- [ RunTime:0.001559s ]

[ 2016-06-09T20:18:46+08:00 ] ::1 /thinkphp/exbook.php/Home/User/register
INFO: [ app_init ] --START--
INFO: Run Behavior\BuildLiteBehavior [ RunTime:0.000039s ]
INFO: [ app_init ] --END-- [ RunTime:0.001193s ]

[ 2016-06-09T20:19:42+08:00 ] ::1 /thinkphp/exbook.php/Home/User/register
INFO: [ app_init ] --START--
INFO: Run Behavior\BuildLiteBehavior [ RunTime:0.000038s ]
INFO: [ app_init ] --END-- [ RunTime:0.001109s ]

[ 2016-06-09T20:22:02+08:00 ] ::1 /thinkphp/exbook.php/Home/User/register
INFO: [ app_init ] --START--
INFO: Run Behavior\BuildLiteBehavior [ RunTime:0.000037s ]
INFO: [ app_init ] --END-- [ RunTime:0.001077s ]
ERR: 1062:Duplicate entry '1500285' for key 'PRIMARY'
 [ SQL语句 ] : INSERT INTO `gc_user` (`tell`,`pwd`,`nickname`,`uname`,`class`,`address`,`school`,`email`,`qq`,`wechat`,`sex`,`head`,`type`,`yard`,`major`) VALUES ('1500285','lxb','test','ls','0','','','','','','','','','','')

[ 2016-06-09T20:22:31+08:00 ] ::1 /thinkphp/exbook.php/Home/User/register
INFO: [ app_init ] --START--
INFO: Run Behavior\BuildLiteBehavior [ RunTime:0.000037s ]
INFO: [ app_init ] --END-- [ RunTime:0.001040s ]
ERR: 1062:Duplicate entry '1500285' for key 'PRIMARY'
 [ SQL语句 ] : INSERT INTO `gc_user` (`tell`,`pwd`,`nickname`,`uname`,`class`,`address`,`school`,`email`,`qq`,`wechat`,`sex`,`head`,`type`,`yard`,`major`) VALUES ('1500285','lxb','test','ls','0','','','','','','','','','','')

[ 2016-06-09T20:23:11+08:00 ] ::1 /thinkphp/exbook.php/Home/User/register
INFO: [ app_init ] --START--
INFO: Run Behavior\BuildLiteBehavior [ RunTime:0.000035s ]
INFO: [ app_init ] --END-- [ RunTime:0.001057s ]
ERR: 1062:Duplicate entry '1500285' for key 'PRIMARY'
 [ SQL语句 ] : INSERT INTO `gc_user` (`tell`,`pwd`,`nickname`,`uname`,`class`,`address`,`school`,`email`,`qq`,`wechat`,`sex`,`head`,`type`,`yard`,`major`) VALUES ('1500285','lxb','test','ls','0','','','','','','','','','','')

[ 2016-06-09T20:23:49+08:00 ] ::1 /thinkphp/exbook.php/Home/User/register
INFO: [ app_init ] --START--
INFO: Run Behavior\BuildLiteBehavior [ RunTime:0.000043s ]
INFO: [ app_init ] --END-- [ RunTime:0.001528s ]
ERR: 1062:Duplicate entry '1500285' for key 'PRIMARY'
 [ SQL语句 ] : INSERT INTO `gc_user` (`tell`,`pwd`,`nickname`,`uname`,`class`,`address`,`school`,`email`,`qq`,`wechat`,`sex`,`head`,`type`,`yard`,`major`) VALUES ('1500285','lxb','test','ls','0','','','','','','','','','','')

[ 2016-06-09T20:23:51+08:00 ] ::1 /thinkphp/exbook.php/Home/User/register
INFO: [ app_init ] --START--
INFO: Run Behavior\BuildLiteBehavior [ RunTime:0.000036s ]
INFO: [ app_init ] --END-- [ RunTime:0.001083s ]
ERR: 1062:Duplicate entry '1500285' for key 'PRIMARY'
 [ SQL语句 ] : INSERT INTO `gc_user` (`tell`,`pwd`,`nickname`,`uname`,`class`,`address`,`school`,`email`,`qq`,`wechat`,`sex`,`head`,`type`,`yard`,`major`) VALUES ('1500285','lxb','test','ls','0','','','','','','','','','','')

[ 2016-06-09T20:24:44+08:00 ] ::1 /thinkphp/exbook.php/Home/User/register
INFO: [ app_init ] --START--
INFO: Run Behavior\BuildLiteBehavior [ RunTime:0.000044s ]
INFO: [ app_init ] --END-- [ RunTime:0.001340s ]
ERR: 1062:Duplicate entry '1500285' for key 'PRIMARY'
 [ SQL语句 ] : INSERT INTO `gc_user` (`tell`,`pwd`,`nickname`,`uname`,`class`,`address`,`school`,`email`,`qq`,`wechat`,`sex`,`head`,`type`,`yard`,`major`) VALUES ('1500285','lxb','test','ls','0','','','','','','','','','','')

[ 2016-06-09T20:28:37+08:00 ] ::1 /thinkphp/exbook.php/Home/User/register
INFO: [ app_init ] --START--
INFO: Run Behavior\BuildLiteBehavior [ RunTime:0.000036s ]
INFO: [ app_init ] --END-- [ RunTime:0.001050s ]

[ 2016-06-09T20:29:24+08:00 ] ::1 /thinkphp/exbook.php/Home/User/register
INFO: [ app_init ] --START--
INFO: Run Behavior\BuildLiteBehavior [ RunTime:0.000038s ]
INFO: [ app_init ] --END-- [ RunTime:0.001080s ]

[ 2016-06-09T20:29:36+08:00 ] ::1 /thinkphp/exbook.php/Home/User/register
INFO: [ app_init ] --START--
INFO: Run Behavior\BuildLiteBehavior [ RunTime:0.000037s ]
INFO: [ app_init ] --END-- [ RunTime:0.001119s ]

[ 2016-06-09T20:30:59+08:00 ] ::1 /thinkphp/exbook.php/Home/User/register
INFO: [ app_init ] --START--
INFO: Run Behavior\BuildLiteBehavior [ RunTime:0.000059s ]
INFO: [ app_init ] --END-- [ RunTime:0.001735s ]

[ 2016-06-09T20:31:30+08:00 ] ::1 /thinkphp/exbook.php/Home/User/register
INFO: [ app_init ] --START--
INFO: Run Behavior\BuildLiteBehavior [ RunTime:0.000037s ]
INFO: [ app_init ] --END-- [ RunTime:0.001040s ]

[ 2016-06-09T20:31:34+08:00 ] ::1 /thinkphp/exbook.php/Home/User/register
INFO: [ app_init ] --START--
INFO: Run Behavior\BuildLiteBehavior [ RunTime:0.000037s ]
INFO: [ app_init ] --END-- [ RunTime:0.001093s ]

[ 2016-06-09T20:31:50+08:00 ] ::1 /thinkphp/exbook.php/Home/User/register
INFO: [ app_init ] --START--
INFO: Run Behavior\BuildLiteBehavior [ RunTime:0.000062s ]
INFO: [ app_init ] --END-- [ RunTime:0.001971s ]

[ 2016-06-09T20:31:54+08:00 ] ::1 /thinkphp/exbook.php/Home/User/register
INFO: [ app_init ] --START--
INFO: Run Behavior\BuildLiteBehavior [ RunTime:0.000040s ]
INFO: [ app_init ] --END-- [ RunTime:0.001132s ]

[ 2016-06-09T20:32:03+08:00 ] ::1 /thinkphp/exbook.php/Home/User/register
INFO: [ app_init ] --START--
INFO: Run Behavior\BuildLiteBehavior [ RunTime:0.000060s ]
INFO: [ app_init ] --END-- [ RunTime:0.001802s ]

[ 2016-06-09T20:32:27+08:00 ] ::1 /thinkphp/exbook.php/Home/User/register
INFO: [ app_init ] --START--
INFO: Run Behavior\BuildLiteBehavior [ RunTime:0.000037s ]
INFO: [ app_init ] --END-- [ RunTime:0.001125s ]
ERR: 1062:Duplicate entry '1500285' for key 'PRIMARY'
 [ SQL语句 ] : INSERT INTO `gc_user` (`uid`,`tell`,`pwd`,`nickname`,`address`,`time`,`school`,`email`,`qq`,`wechat`,`sex`,`head`,`type`,`yard`,`major`,`state`,`uname`,`class`) VALUES ('28','1500285','lxb','test','','2016-06-09 20:19:42','','','0','','','','','','','未验证','ls','0')

[ 2016-06-09T20:32:43+08:00 ] ::1 /thinkphp/exbook.php/Home/User/registerhtml
INFO: [ app_init ] --START--
INFO: Run Behavior\BuildLiteBehavior [ RunTime:0.000038s ]
INFO: [ app_init ] --END-- [ RunTime:0.001116s ]

[ 2016-06-09T20:32:56+08:00 ] ::1 /thinkphp/exbook.php/Home/User/register
INFO: [ app_init ] --START--
INFO: Run Behavior\BuildLiteBehavior [ RunTime:0.000057s ]
INFO: [ app_init ] --END-- [ RunTime:0.001437s ]
ERR: 1062:Duplicate entry '1500285' for key 'PRIMARY'
 [ SQL语句 ] : INSERT INTO `gc_user` (`uid`,`tell`,`pwd`,`nickname`,`address`,`time`,`school`,`email`,`qq`,`wechat`,`sex`,`head`,`type`,`yard`,`major`,`state`,`uname`,`class`) VALUES ('28','1500285','lxb','test','','2016-06-09 20:19:42','','','0','','','','','','','未验证','ls','0')

[ 2016-06-09T20:33:21+08:00 ] ::1 /thinkphp/exbook.php/Home/User/registerhtml
INFO: [ app_init ] --START--
INFO: Run Behavior\BuildLiteBehavior [ RunTime:0.000036s ]
INFO: [ app_init ] --END-- [ RunTime:0.001059s ]

[ 2016-06-09T20:33:24+08:00 ] ::1 /thinkphp/exbook.php/Home/User/registerhtml
INFO: [ app_init ] --START--
INFO: Run Behavior\BuildLiteBehavior [ RunTime:0.000038s ]
INFO: [ app_init ] --END-- [ RunTime:0.001487s ]

[ 2016-06-09T20:33:25+08:00 ] ::1 /thinkphp/exbook.php/Home/User/registerhtml
INFO: [ app_init ] --START--
INFO: Run Behavior\BuildLiteBehavior [ RunTime:0.000036s ]
INFO: [ app_init ] --END-- [ RunTime:0.001085s ]

[ 2016-06-09T20:33:31+08:00 ] ::1 /thinkphp/exbook.php/Home/User/registerhtml
INFO: [ app_init ] --START--
INFO: Run Behavior\BuildLiteBehavior [ RunTime:0.000067s ]
INFO: [ app_init ] --END-- [ RunTime:0.002160s ]

[ 2016-06-09T20:33:43+08:00 ] ::1 /thinkphp/exbook.php/Home/User/register
INFO: [ app_init ] --START--
INFO: Run Behavior\BuildLiteBehavior [ RunTime:0.000043s ]
INFO: [ app_init ] --END-- [ RunTime:0.001199s ]
ERR: 1062:Duplicate entry '1500285' for key 'PRIMARY'
 [ SQL语句 ] : INSERT INTO `gc_user` (`uid`,`tell`,`pwd`,`nickname`,`address`,`time`,`school`,`email`,`qq`,`wechat`,`sex`,`head`,`type`,`yard`,`major`,`state`,`uname`,`class`) VALUES ('28','1500285','lxb','test','','2016-06-09 20:19:42','','','0','','','','','','','未验证','ls','0')

[ 2016-06-09T20:35:52+08:00 ] ::1 /thinkphp/exbook.php/Home/User/register
INFO: [ app_init ] --START--
INFO: Run Behavior\BuildLiteBehavior [ RunTime:0.000053s ]
INFO: [ app_init ] --END-- [ RunTime:0.001127s ]
ERR: 1062:Duplicate entry '221515533' for key 'PRIMARY'
 [ SQL语句 ] : INSERT INTO `gc_user` (`uid`,`tell`,`pwd`,`nickname`,`address`,`time`,`school`,`email`,`qq`,`wechat`,`sex`,`head`,`type`,`yard`,`major`,`state`,`uname`,`class`) VALUES ('5','221515533','670a0541fd','稻草人啊','西电','2016-03-31 21:16:59','西电','5555555555555555','22222222','',NULL,NULL,NULL,NULL,NULL,'未验证','','0')

[ 2016-06-09T23:16:12+08:00 ] ::1 /thinkphp/exbook.php/Home/User/register
INFO: [ app_init ] --START--
INFO: Run Behavior\BuildLiteBehavior [ RunTime:0.000038s ]
INFO: [ app_init ] --END-- [ RunTime:0.001125s ]

[ 2016-06-09T23:16:35+08:00 ] ::1 /thinkphp/exbook.php/Home/User/register
INFO: [ app_init ] --START--
INFO: Run Behavior\BuildLiteBehavior [ RunTime:0.000060s ]
INFO: [ app_init ] --END-- [ RunTime:0.001636s ]

[ 2016-06-09T23:18:47+08:00 ] ::1 /thinkphp/exbook.php/Home/User/register
INFO: [ app_init ] --START--
INFO: Run Behavior\BuildLiteBehavior [ RunTime:0.000063s ]
INFO: [ app_init ] --END-- [ RunTime:0.001806s ]
ERR: 1062:Duplicate entry '2535563' for key 'PRIMARY'
 [ SQL语句 ] : INSERT INTO `gc_user` (`tell`,`pwd`,`nickname`,`uname`,`class`,`address`,`school`,`email`,`qq`,`wechat`,`sex`,`head`,`type`,`yard`,`major`) VALUES ('2535563','asdf','flxsddsa','dsaf ','0','','','','','','','','','','')

[ 2016-06-09T23:19:06+08:00 ] ::1 /thinkphp/exbook.php/Home/User/register
INFO: [ app_init ] --START--
INFO: Run Behavior\BuildLiteBehavior [ RunTime:0.000037s ]
INFO: [ app_init ] --END-- [ RunTime:0.001094s ]

[ 2016-06-09T23:19:14+08:00 ] ::1 /thinkphp/exbook.php/Home/User/register
INFO: [ app_init ] --START--
INFO: Run Behavior\BuildLiteBehavior [ RunTime:0.000043s ]
INFO: [ app_init ] --END-- [ RunTime:0.001191s ]
ERR: 1062:Duplicate entry '2535563' for key 'PRIMARY'
 [ SQL语句 ] : INSERT INTO `gc_user` (`uid`,`tell`,`pwd`,`nickname`,`address`,`time`,`school`,`email`,`qq`,`wechat`,`sex`,`head`,`type`,`yard`,`major`,`state`,`uname`,`class`) VALUES ('35','2535563','asdf','flxsddsa','','2016-06-09 23:16:35','','','0','','','','','','','未验证','dsaf ','0')

[ 2016-06-09T23:19:42+08:00 ] ::1 /thinkphp/exbook.php/Home/User/register
INFO: [ app_init ] --START--
INFO: Run Behavior\BuildLiteBehavior [ RunTime:0.000049s ]
INFO: [ app_init ] --END-- [ RunTime:0.001144s ]

[ 2016-06-09T23:21:54+08:00 ] ::1 /thinkphp/exbook.php/Home/User/register
INFO: [ app_init ] --START--
INFO: Run Behavior\BuildLiteBehavior [ RunTime:0.000034s ]
INFO: [ app_init ] --END-- [ RunTime:0.001068s ]
ERR: 1062:Duplicate entry '253556323' for key 'PRIMARY'
 [ SQL语句 ] : INSERT INTO `gc_user` (`tell`,`pwd`,`nickname`,`uname`,`class`,`address`,`school`,`email`,`qq`,`wechat`,`sex`,`head`,`type`,`yard`,`major`) VALUES ('253556323','dfd','flxsddsasdfsf sd','dsaf ','0','','','','','','','','','','')

[ 2016-06-09T23:28:44+08:00 ] ::1 /thinkphp/exbook.php/Home/User/register
INFO: [ app_init ] --START--
INFO: Run Behavior\BuildLiteBehavior [ RunTime:0.000058s ]
INFO: [ app_init ] --END-- [ RunTime:0.001659s ]

[ 2016-06-09T23:29:19+08:00 ] ::1 /thinkphp/exbook.php/Home/User/register
INFO: [ app_init ] --START--
INFO: Run Behavior\BuildLiteBehavior [ RunTime:0.000055s ]
INFO: [ app_init ] --END-- [ RunTime:0.002339s ]
ERR: 1062:Duplicate entry '253556323' for key 'PRIMARY'
 [ SQL语句 ] : INSERT INTO `gc_user` (`tell`,`pwd`,`nickname`,`uname`,`class`,`address`,`school`,`email`,`qq`,`wechat`,`sex`,`head`,`type`,`yard`,`major`) VALUES ('253556323','dfd','flxsddsasdfsf sd','dsaf ','0','','','','','','','','','','')

[ 2016-06-09T23:31:09+08:00 ] ::1 /thinkphp/exbook.php/Home/User/register
INFO: [ app_init ] --START--
INFO: Run Behavior\BuildLiteBehavior [ RunTime:0.000036s ]
INFO: [ app_init ] --END-- [ RunTime:0.001084s ]
ERR: 1062:Duplicate entry '253556323' for key 'PRIMARY'
 [ SQL语句 ] : INSERT INTO `gc_user` (`tell`,`pwd`,`nickname`,`uname`,`class`,`address`,`school`,`email`,`qq`,`wechat`,`sex`,`head`,`type`,`yard`,`major`) VALUES ('253556323','dfd','flxsddsasdfsf sd','dsaf ','0','','','','','','','','','','')

[ 2016-06-09T23:36:34+08:00 ] ::1 /thinkphp/exbook.php/Home/User/register
INFO: [ app_init ] --START--
INFO: Run Behavior\BuildLiteBehavior [ RunTime:0.000035s ]
INFO: [ app_init ] --END-- [ RunTime:0.001057s ]
ERR: 1062:Duplicate entry '37' for key 'PRIMARY'
 [ SQL语句 ] : INSERT INTO `gc_user` (`uid`,`tell`,`pwd`,`nickname`,`address`,`time`,`school`,`email`,`qq`,`wechat`,`sex`,`head`,`type`,`yard`,`major`,`state`,`uname`,`class`) VALUES ('37','253556323','dfd','flxsddsasdfsf sd','','2016-06-09 23:19:42','','','0','','','','','','','未验证','dsaf ','0')

[ 2016-06-09T23:39:12+08:00 ] ::1 /thinkphp/exbook.php/Home/User/register
INFO: [ app_init ] --START--
INFO: Run Behavior\BuildLiteBehavior [ RunTime:0.000044s ]
INFO: [ app_init ] --END-- [ RunTime:0.001493s ]

[ 2016-06-09T23:47:24+08:00 ] ::1 /thinkphp/exbook.php/Home/User/register
INFO: [ app_init ] --START--
INFO: Run Behavior\BuildLiteBehavior [ RunTime:0.000040s ]
INFO: [ app_init ] --END-- [ RunTime:0.001438s ]

[ 2016-06-09T23:54:56+08:00 ] ::1 /thinkphp/exbook.php/Home/User/register
INFO: [ app_init ] --START--
INFO: Run Behavior\BuildLiteBehavior [ RunTime:0.000038s ]
INFO: [ app_init ] --END-- [ RunTime:0.001118s ]

