[ 2016-06-10T09:38:54+08:00 ] ::1 /thinkphp/exbook.php/Home/User/login
INFO: [ app_init ] --START--
INFO: Run Behavior\BuildLiteBehavior [ RunTime:0.000058s ]
INFO: [ app_init ] --END-- [ RunTime:0.001678s ]

[ 2016-06-10T09:39:13+08:00 ] ::1 /thinkphp/exbook.php/Home/User/login
INFO: [ app_init ] --START--
INFO: Run Behavior\BuildLiteBehavior [ RunTime:0.000037s ]
INFO: [ app_init ] --END-- [ RunTime:0.001288s ]

[ 2016-06-10T09:42:20+08:00 ] ::1 /thinkphp/exbook.php/Home/User/login
INFO: [ app_init ] --START--
INFO: Run Behavior\BuildLiteBehavior [ RunTime:0.000039s ]
INFO: [ app_init ] --END-- [ RunTime:0.001271s ]

[ 2016-06-10T09:44:38+08:00 ] ::1 /thinkphp/exbook.php/Home/User/login
INFO: [ app_init ] --START--
INFO: Run Behavior\BuildLiteBehavior [ RunTime:0.000038s ]
INFO: [ app_init ] --END-- [ RunTime:0.001235s ]

[ 2016-06-10T09:46:02+08:00 ] ::1 /thinkphp/exbook.php/Home/User/login?tell=15002955935&pwd=lxb
INFO: [ app_init ] --START--
INFO: Run Behavior\BuildLiteBehavior [ RunTime:0.000040s ]
INFO: [ app_init ] --END-- [ RunTime:0.001342s ]

[ 2016-06-10T09:59:58+08:00 ] ::1 /thinkphp/exbook.php/Home/User/read
INFO: [ app_init ] --START--
INFO: Run Behavior\BuildLiteBehavior [ RunTime:0.000040s ]
INFO: [ app_init ] --END-- [ RunTime:0.001344s ]

[ 2016-06-10T10:00:52+08:00 ] ::1 /thinkphp/exbook.php/Home/User/read
INFO: [ app_init ] --START--
INFO: Run Behavior\BuildLiteBehavior [ RunTime:0.000036s ]
INFO: [ app_init ] --END-- [ RunTime:0.001096s ]

[ 2016-06-10T10:01:25+08:00 ] ::1 /thinkphp/exbook.php/Home/User/read/tell/15002955935
INFO: [ app_init ] --START--
INFO: Run Behavior\BuildLiteBehavior [ RunTime:0.000120s ]
INFO: [ app_init ] --END-- [ RunTime:0.001673s ]

[ 2016-06-10T10:02:31+08:00 ] ::1 /thinkphp/exbook.php/Home/User/read/tell/15002955935
INFO: [ app_init ] --START--
INFO: Run Behavior\BuildLiteBehavior [ RunTime:0.000038s ]
INFO: [ app_init ] --END-- [ RunTime:0.001144s ]

[ 2016-06-10T10:02:57+08:00 ] ::1 /thinkphp/exbook.php/Home/User/login
INFO: [ app_init ] --START--
INFO: Run Behavior\BuildLiteBehavior [ RunTime:0.000054s ]
INFO: [ app_init ] --END-- [ RunTime:0.001647s ]

[ 2016-06-10T10:03:44+08:00 ] ::1 /thinkphp/exbook.php/Home/User/
INFO: [ app_init ] --START--
INFO: Run Behavior\BuildLiteBehavior [ RunTime:0.000060s ]
INFO: [ app_init ] --END-- [ RunTime:0.001580s ]

[ 2016-06-10T10:03:56+08:00 ] ::1 /thinkphp/exbook.php/Home/User/login
INFO: [ app_init ] --START--
INFO: Run Behavior\BuildLiteBehavior [ RunTime:0.000038s ]
INFO: [ app_init ] --END-- [ RunTime:0.001116s ]

[ 2016-06-10T10:04:00+08:00 ] ::1 /thinkphp/exbook.php/Home/User/read/tell/15002955935
INFO: [ app_init ] --START--
INFO: Run Behavior\BuildLiteBehavior [ RunTime:0.000042s ]
INFO: [ app_init ] --END-- [ RunTime:0.001189s ]

[ 2016-06-10T10:04:02+08:00 ] ::1 /thinkphp/exbook.php/Home/User/read/tell/15002955935
INFO: [ app_init ] --START--
INFO: Run Behavior\BuildLiteBehavior [ RunTime:0.000040s ]
INFO: [ app_init ] --END-- [ RunTime:0.001249s ]

[ 2016-06-10T10:06:17+08:00 ] ::1 /thinkphp/exbook.php/Home/User/login
INFO: [ app_init ] --START--
INFO: Run Behavior\BuildLiteBehavior [ RunTime:0.000038s ]
INFO: [ app_init ] --END-- [ RunTime:0.001127s ]

[ 2016-06-10T10:07:31+08:00 ] ::1 /thinkphp/exbook.php/Home/User/unlogin
INFO: [ app_init ] --START--
INFO: Run Behavior\BuildLiteBehavior [ RunTime:0.000038s ]
INFO: [ app_init ] --END-- [ RunTime:0.001182s ]

[ 2016-06-10T10:07:37+08:00 ] ::1 /thinkphp/exbook.php/Home/User/login
INFO: [ app_init ] --START--
INFO: Run Behavior\BuildLiteBehavior [ RunTime:0.000073s ]
INFO: [ app_init ] --END-- [ RunTime:0.001844s ]

[ 2016-06-10T10:07:42+08:00 ] ::1 /thinkphp/exbook.php/Home/User/read/tell/15002955935
INFO: [ app_init ] --START--
INFO: Run Behavior\BuildLiteBehavior [ RunTime:0.000039s ]
INFO: [ app_init ] --END-- [ RunTime:0.001104s ]

[ 2016-06-10T10:39:34+08:00 ] ::1 /thinkphp/exbook.php/Home/User/registerhtml
INFO: [ app_init ] --START--
INFO: Run Behavior\BuildLiteBehavior [ RunTime:0.000057s ]
INFO: [ app_init ] --END-- [ RunTime:0.001886s ]

[ 2016-06-10T10:39:39+08:00 ] ::1 /thinkphp/exbook.php/Home/User/register
INFO: [ app_init ] --START--
INFO: Run Behavior\BuildLiteBehavior [ RunTime:0.000062s ]
INFO: [ app_init ] --END-- [ RunTime:0.001479s ]

[ 2016-06-10T10:40:27+08:00 ] ::1 /thinkphp/exbook.php/Home/User/register
INFO: [ app_init ] --START--
INFO: Run Behavior\BuildLiteBehavior [ RunTime:0.000038s ]
INFO: [ app_init ] --END-- [ RunTime:0.001227s ]

[ 2016-06-10T10:40:56+08:00 ] ::1 /thinkphp/exbook.php/Home/User/register
INFO: [ app_init ] --START--
INFO: Run Behavior\BuildLiteBehavior [ RunTime:0.000040s ]
INFO: [ app_init ] --END-- [ RunTime:0.001271s ]

[ 2016-06-10T10:46:40+08:00 ] ::1 /thinkphp/exbook.php/Home/User/read/tell/15002955935
INFO: [ app_init ] --START--
INFO: Run Behavior\BuildLiteBehavior [ RunTime:0.000043s ]
INFO: [ app_init ] --END-- [ RunTime:0.001673s ]

[ 2016-06-10T10:48:18+08:00 ] ::1 /thinkphp/exbook.php/Home/User/read/tell/15002955935
INFO: [ app_init ] --START--
INFO: Run Behavior\BuildLiteBehavior [ RunTime:0.000042s ]
INFO: [ app_init ] --END-- [ RunTime:0.001314s ]

[ 2016-06-10T10:49:12+08:00 ] ::1 /thinkphp/exbook.php/Home/User/read/tell/15002955935
INFO: [ app_init ] --START--
INFO: Run Behavior\BuildLiteBehavior [ RunTime:0.000036s ]
INFO: [ app_init ] --END-- [ RunTime:0.001193s ]

[ 2016-06-10T10:49:15+08:00 ] ::1 /thinkphp/exbook.php/Home/User/read/tell/15002955935
INFO: [ app_init ] --START--
INFO: Run Behavior\BuildLiteBehavior [ RunTime:0.000042s ]
INFO: [ app_init ] --END-- [ RunTime:0.001875s ]

[ 2016-06-10T10:49:49+08:00 ] ::1 /thinkphp/exbook.php/Home/User/read/tell/15002955935
INFO: [ app_init ] --START--
INFO: Run Behavior\BuildLiteBehavior [ RunTime:0.000036s ]
INFO: [ app_init ] --END-- [ RunTime:0.001189s ]

[ 2016-06-10T10:49:50+08:00 ] ::1 /thinkphp/exbook.php/Home/User/read/tell/15002955935
INFO: [ app_init ] --START--
INFO: Run Behavior\BuildLiteBehavior [ RunTime:0.000067s ]
INFO: [ app_init ] --END-- [ RunTime:0.002045s ]

[ 2016-06-10T10:50:35+08:00 ] ::1 /thinkphp/exbook.php/Home/User/read/tell/15002955935
INFO: [ app_init ] --START--
INFO: Run Behavior\BuildLiteBehavior [ RunTime:0.000037s ]
INFO: [ app_init ] --END-- [ RunTime:0.001207s ]

[ 2016-06-10T10:50:37+08:00 ] ::1 /thinkphp/exbook.php/Home/User/read/tell/15002955935
INFO: [ app_init ] --START--
INFO: Run Behavior\BuildLiteBehavior [ RunTime:0.000058s ]
INFO: [ app_init ] --END-- [ RunTime:0.001858s ]

[ 2016-06-10T10:50:38+08:00 ] ::1 /thinkphp/exbook.php/Home/User/read/tell/15002955935
INFO: [ app_init ] --START--
INFO: Run Behavior\BuildLiteBehavior [ RunTime:0.000052s ]
INFO: [ app_init ] --END-- [ RunTime:0.001548s ]

[ 2016-06-10T10:50:48+08:00 ] ::1 /thinkphp/exbook.php/Home/User/read/tell/15002955935
INFO: [ app_init ] --START--
INFO: Run Behavior\BuildLiteBehavior [ RunTime:0.000041s ]
INFO: [ app_init ] --END-- [ RunTime:0.001411s ]

[ 2016-06-10T10:51:00+08:00 ] ::1 /thinkphp/exbook.php/Home/User/read/tell/15002955935
INFO: [ app_init ] --START--
INFO: Run Behavior\BuildLiteBehavior [ RunTime:0.000099s ]
INFO: [ app_init ] --END-- [ RunTime:0.001865s ]

[ 2016-06-10T10:51:01+08:00 ] ::1 /thinkphp/exbook.php/Home/User/read/tell/15002955935
INFO: [ app_init ] --START--
INFO: Run Behavior\BuildLiteBehavior [ RunTime:0.000041s ]
INFO: [ app_init ] --END-- [ RunTime:0.001563s ]

[ 2016-06-10T11:00:32+08:00 ] ::1 /thinkphp/exbook.php/Home/User/read/tell/15002955935
INFO: [ app_init ] --START--
INFO: Run Behavior\BuildLiteBehavior [ RunTime:0.000037s ]
INFO: [ app_init ] --END-- [ RunTime:0.001268s ]

[ 2016-06-10T11:00:34+08:00 ] ::1 /thinkphp/exbook.php/Home/User/read/tell/15002955935
INFO: [ app_init ] --START--
INFO: Run Behavior\BuildLiteBehavior [ RunTime:0.000037s ]
INFO: [ app_init ] --END-- [ RunTime:0.001253s ]

[ 2016-06-10T11:04:20+08:00 ] ::1 /thinkphp/exbook.php/Home/User/login
INFO: [ app_init ] --START--
INFO: Run Behavior\BuildLiteBehavior [ RunTime:0.000067s ]
INFO: [ app_init ] --END-- [ RunTime:0.001707s ]

[ 2016-06-10T11:04:43+08:00 ] ::1 /thinkphp/exbook.php/Home/User/login/tell/15002955935
INFO: [ app_init ] --START--
INFO: Run Behavior\BuildLiteBehavior [ RunTime:0.000057s ]
INFO: [ app_init ] --END-- [ RunTime:0.001919s ]

[ 2016-06-10T11:13:08+08:00 ] ::1 /thinkphp/exbook.php/Home/User/register
INFO: [ app_init ] --START--
INFO: Run Behavior\BuildLiteBehavior [ RunTime:0.000060s ]
INFO: [ app_init ] --END-- [ RunTime:0.001833s ]

[ 2016-06-10T11:13:15+08:00 ] ::1 /thinkphp/exbook.php/Home/User/read/tell/15002955935
INFO: [ app_init ] --START--
INFO: Run Behavior\BuildLiteBehavior [ RunTime:0.000076s ]
INFO: [ app_init ] --END-- [ RunTime:0.002836s ]

[ 2016-06-10T11:13:34+08:00 ] ::1 /thinkphp/exbook.php/Home/User/read/tell/15002955935
INFO: [ app_init ] --START--
INFO: Run Behavior\BuildLiteBehavior [ RunTime:0.000039s ]
INFO: [ app_init ] --END-- [ RunTime:0.001215s ]

[ 2016-06-10T11:13:49+08:00 ] ::1 /thinkphp/exbook.php/Home/User/registerhtml
INFO: [ app_init ] --START--
INFO: Run Behavior\BuildLiteBehavior [ RunTime:0.000053s ]
INFO: [ app_init ] --END-- [ RunTime:0.001999s ]

[ 2016-06-10T11:13:52+08:00 ] ::1 /thinkphp/exbook.php/Home/User/register
INFO: [ app_init ] --START--
INFO: Run Behavior\BuildLiteBehavior [ RunTime:0.000038s ]
INFO: [ app_init ] --END-- [ RunTime:0.001214s ]

[ 2016-06-10T11:14:35+08:00 ] ::1 /thinkphp/exbook.php/Home/User/register
INFO: [ app_init ] --START--
INFO: Run Behavior\BuildLiteBehavior [ RunTime:0.000044s ]
INFO: [ app_init ] --END-- [ RunTime:0.001304s ]

[ 2016-06-10T11:15:55+08:00 ] ::1 /thinkphp/exbook.php/Home/User/register
INFO: [ app_init ] --START--
INFO: Run Behavior\BuildLiteBehavior [ RunTime:0.000045s ]
INFO: [ app_init ] --END-- [ RunTime:0.002031s ]

[ 2016-06-10T11:27:31+08:00 ] ::1 /thinkphp/exbook.php/Home/
INFO: [ app_init ] --START--
INFO: Run Behavior\BuildLiteBehavior [ RunTime:0.000068s ]
INFO: [ app_init ] --END-- [ RunTime:0.002278s ]

[ 2016-06-10T11:27:49+08:00 ] ::1 /thinkphp/exbook.php/Home/Index/upload
INFO: [ app_init ] --START--
INFO: Run Behavior\BuildLiteBehavior [ RunTime:0.000038s ]
INFO: [ app_init ] --END-- [ RunTime:0.001199s ]

[ 2016-06-10T11:31:19+08:00 ] ::1 /thinkphp/exbook.php/Home/Index/upload
INFO: [ app_init ] --START--
INFO: Run Behavior\BuildLiteBehavior [ RunTime:0.000039s ]
INFO: [ app_init ] --END-- [ RunTime:0.001190s ]

[ 2016-06-10T11:32:56+08:00 ] ::1 /thinkphp/exbook.php/Home/Index/upload
INFO: [ app_init ] --START--
INFO: Run Behavior\BuildLiteBehavior [ RunTime:0.000036s ]
INFO: [ app_init ] --END-- [ RunTime:0.001179s ]

[ 2016-06-10T11:33:30+08:00 ] ::1 /thinkphp/exbook.php/Home/Index/upload
INFO: [ app_init ] --START--
INFO: Run Behavior\BuildLiteBehavior [ RunTime:0.000043s ]
INFO: [ app_init ] --END-- [ RunTime:0.001353s ]

[ 2016-06-10T11:34:06+08:00 ] ::1 /thinkphp/exbook.php/Home/Index/upload
INFO: [ app_init ] --START--
INFO: Run Behavior\BuildLiteBehavior [ RunTime:0.000039s ]
INFO: [ app_init ] --END-- [ RunTime:0.001206s ]

[ 2016-06-10T11:35:14+08:00 ] ::1 /thinkphp/exbook.php/Home/Index/upload
INFO: [ app_init ] --START--
INFO: Run Behavior\BuildLiteBehavior [ RunTime:0.000054s ]
INFO: [ app_init ] --END-- [ RunTime:0.001943s ]

[ 2016-06-10T11:44:11+08:00 ] ::1 /thinkphp/exbook.php/Home/
INFO: [ app_init ] --START--
INFO: Run Behavior\BuildLiteBehavior [ RunTime:0.000037s ]
INFO: [ app_init ] --END-- [ RunTime:0.001260s ]

[ 2016-06-10T11:44:13+08:00 ] ::1 /thinkphp/exbook.php/Home/Index/upload
INFO: [ app_init ] --START--
INFO: Run Behavior\BuildLiteBehavior [ RunTime:0.000045s ]
INFO: [ app_init ] --END-- [ RunTime:0.001589s ]

[ 2016-06-10T11:44:19+08:00 ] ::1 /thinkphp/exbook.php/Home/Index/upload
INFO: [ app_init ] --START--
INFO: Run Behavior\BuildLiteBehavior [ RunTime:0.000036s ]
INFO: [ app_init ] --END-- [ RunTime:0.001184s ]

[ 2016-06-10T11:44:25+08:00 ] ::1 /thinkphp/exbook.php/Home/
INFO: [ app_init ] --START--
INFO: Run Behavior\BuildLiteBehavior [ RunTime:0.000038s ]
INFO: [ app_init ] --END-- [ RunTime:0.001197s ]

[ 2016-06-10T11:44:28+08:00 ] ::1 /thinkphp/exbook.php/Home/Index/upload
INFO: [ app_init ] --START--
INFO: Run Behavior\BuildLiteBehavior [ RunTime:0.000062s ]
INFO: [ app_init ] --END-- [ RunTime:0.002430s ]

[ 2016-06-10T11:45:36+08:00 ] ::1 /thinkphp/exbook.php/Home/Index/upload
INFO: [ app_init ] --START--
INFO: Run Behavior\BuildLiteBehavior [ RunTime:0.000037s ]
INFO: [ app_init ] --END-- [ RunTime:0.001191s ]

[ 2016-06-10T11:45:42+08:00 ] ::1 /thinkphp/exbook.php/Home/Index/upload
INFO: [ app_init ] --START--
INFO: Run Behavior\BuildLiteBehavior [ RunTime:0.000038s ]
INFO: [ app_init ] --END-- [ RunTime:0.001236s ]

[ 2016-06-10T11:47:06+08:00 ] ::1 /thinkphp/exbook.php/Home/Index/upload
INFO: [ app_init ] --START--
INFO: Run Behavior\BuildLiteBehavior [ RunTime:0.000040s ]
INFO: [ app_init ] --END-- [ RunTime:0.001232s ]

[ 2016-06-10T11:49:53+08:00 ] ::1 /thinkphp/exbook.php/Home/Index/upload
INFO: [ app_init ] --START--
INFO: Run Behavior\BuildLiteBehavior [ RunTime:0.000037s ]
INFO: [ app_init ] --END-- [ RunTime:0.001222s ]

[ 2016-06-10T11:49:58+08:00 ] ::1 /thinkphp/exbook.php/Home/Index/upload
INFO: [ app_init ] --START--
INFO: Run Behavior\BuildLiteBehavior [ RunTime:0.000037s ]
INFO: [ app_init ] --END-- [ RunTime:0.001199s ]

[ 2016-06-10T11:50:54+08:00 ] ::1 /thinkphp/exbook.php/Home/Index/upload
INFO: [ app_init ] --START--
INFO: Run Behavior\BuildLiteBehavior [ RunTime:0.000051s ]
INFO: [ app_init ] --END-- [ RunTime:0.001561s ]

[ 2016-06-10T11:54:06+08:00 ] ::1 /thinkphp/exbook.php/Home/Index/upload
INFO: [ app_init ] --START--
INFO: Run Behavior\BuildLiteBehavior [ RunTime:0.000038s ]
INFO: [ app_init ] --END-- [ RunTime:0.001237s ]

[ 2016-06-10T11:54:11+08:00 ] ::1 /thinkphp/exbook.php/Home/Index/upload
INFO: [ app_init ] --START--
INFO: Run Behavior\BuildLiteBehavior [ RunTime:0.000039s ]
INFO: [ app_init ] --END-- [ RunTime:0.001386s ]

[ 2016-06-10T11:54:42+08:00 ] ::1 /thinkphp/exbook.php/Home/Index/upload
INFO: [ app_init ] --START--
INFO: Run Behavior\BuildLiteBehavior [ RunTime:0.000061s ]
INFO: [ app_init ] --END-- [ RunTime:0.001967s ]

[ 2016-06-10T11:55:50+08:00 ] ::1 /thinkphp/exbook.php/Home/
INFO: [ app_init ] --START--
INFO: Run Behavior\BuildLiteBehavior [ RunTime:0.000038s ]
INFO: [ app_init ] --END-- [ RunTime:0.001310s ]

[ 2016-06-10T11:55:53+08:00 ] ::1 /thinkphp/exbook.php/Home/
INFO: [ app_init ] --START--
INFO: Run Behavior\BuildLiteBehavior [ RunTime:0.000053s ]
INFO: [ app_init ] --END-- [ RunTime:0.001454s ]

[ 2016-06-10T11:56:10+08:00 ] ::1 /thinkphp/exbook.php/Home/
INFO: [ app_init ] --START--
INFO: Run Behavior\BuildLiteBehavior [ RunTime:0.000038s ]
INFO: [ app_init ] --END-- [ RunTime:0.001427s ]

[ 2016-06-10T11:56:12+08:00 ] ::1 /thinkphp/exbook.php/Home/Index/upload
INFO: [ app_init ] --START--
INFO: Run Behavior\BuildLiteBehavior [ RunTime:0.000044s ]
INFO: [ app_init ] --END-- [ RunTime:0.001329s ]

[ 2016-06-10T11:56:20+08:00 ] ::1 /thinkphp/exbook.php/Home/Index/upload
INFO: [ app_init ] --START--
INFO: Run Behavior\BuildLiteBehavior [ RunTime:0.000036s ]
INFO: [ app_init ] --END-- [ RunTime:0.001204s ]

[ 2016-06-10T11:57:51+08:00 ] ::1 /thinkphp/exbook.php/Home/Index/upload
INFO: [ app_init ] --START--
INFO: Run Behavior\BuildLiteBehavior [ RunTime:0.000042s ]
INFO: [ app_init ] --END-- [ RunTime:0.001263s ]

[ 2016-06-10T11:57:52+08:00 ] ::1 /thinkphp/exbook.php/Home/
INFO: [ app_init ] --START--
INFO: Run Behavior\BuildLiteBehavior [ RunTime:0.000039s ]
INFO: [ app_init ] --END-- [ RunTime:0.001295s ]

[ 2016-06-10T13:27:18+08:00 ] ::1 /thinkphp/exbook.php/Home/
INFO: [ app_init ] --START--
INFO: Run Behavior\BuildLiteBehavior [ RunTime:0.000063s ]
INFO: [ app_init ] --END-- [ RunTime:0.001868s ]

[ 2016-06-10T13:27:26+08:00 ] ::1 /thinkphp/exbook.php/Home/Index/upload
INFO: [ app_init ] --START--
INFO: Run Behavior\BuildLiteBehavior [ RunTime:0.000039s ]
INFO: [ app_init ] --END-- [ RunTime:0.001126s ]

[ 2016-06-10T13:29:08+08:00 ] ::1 /thinkphp/exbook.php/Home/Index/upload
INFO: [ app_init ] --START--
INFO: Run Behavior\BuildLiteBehavior [ RunTime:0.000037s ]
INFO: [ app_init ] --END-- [ RunTime:0.001146s ]

[ 2016-06-10T13:30:05+08:00 ] ::1 /thinkphp/exbook.php/Home/Index/upload
INFO: [ app_init ] --START--
INFO: Run Behavior\BuildLiteBehavior [ RunTime:0.000039s ]
INFO: [ app_init ] --END-- [ RunTime:0.001146s ]

[ 2016-06-10T13:39:27+08:00 ] ::1 /thinkphp/exbook.php/Home/Index/upload
INFO: [ app_init ] --START--
INFO: Run Behavior\BuildLiteBehavior [ RunTime:0.000037s ]
INFO: [ app_init ] --END-- [ RunTime:0.001091s ]

[ 2016-06-10T13:39:48+08:00 ] ::1 /thinkphp/exbook.php/Home/Index/upload
INFO: [ app_init ] --START--
INFO: Run Behavior\BuildLiteBehavior [ RunTime:0.000042s ]
INFO: [ app_init ] --END-- [ RunTime:0.001461s ]

[ 2016-06-10T13:40:45+08:00 ] ::1 /thinkphp/exbook.php/Home/Index/upload
INFO: [ app_init ] --START--
INFO: Run Behavior\BuildLiteBehavior [ RunTime:0.000036s ]
INFO: [ app_init ] --END-- [ RunTime:0.001077s ]

[ 2016-06-10T13:42:02+08:00 ] ::1 /thinkphp/exbook.php/Home/Index/upload
INFO: [ app_init ] --START--
INFO: Run Behavior\BuildLiteBehavior [ RunTime:0.000043s ]
INFO: [ app_init ] --END-- [ RunTime:0.001914s ]

[ 2016-06-10T13:54:11+08:00 ] ::1 /thinkphp/exbook.php/Home/Index/upload
INFO: [ app_init ] --START--
INFO: Run Behavior\BuildLiteBehavior [ RunTime:0.000040s ]
INFO: [ app_init ] --END-- [ RunTime:0.001166s ]

[ 2016-06-10T13:54:39+08:00 ] ::1 /thinkphp/exbook.php/Home/Index/upload
INFO: [ app_init ] --START--
INFO: Run Behavior\BuildLiteBehavior [ RunTime:0.000039s ]
INFO: [ app_init ] --END-- [ RunTime:0.001124s ]

[ 2016-06-10T13:55:20+08:00 ] ::1 /thinkphp/exbook.php/Home/Index/upload
INFO: [ app_init ] --START--
INFO: Run Behavior\BuildLiteBehavior [ RunTime:0.000060s ]
INFO: [ app_init ] --END-- [ RunTime:0.001593s ]

[ 2016-06-10T14:01:21+08:00 ] ::1 /thinkphp/exbook.php/Home/Index/upload
INFO: [ app_init ] --START--
INFO: Run Behavior\BuildLiteBehavior [ RunTime:0.000039s ]
INFO: [ app_init ] --END-- [ RunTime:0.001155s ]

[ 2016-06-10T14:01:24+08:00 ] ::1 /thinkphp/exbook.php/Home/Index/upload
INFO: [ app_init ] --START--
INFO: Run Behavior\BuildLiteBehavior [ RunTime:0.000038s ]
INFO: [ app_init ] --END-- [ RunTime:0.001173s ]

[ 2016-06-10T14:01:30+08:00 ] ::1 /thinkphp/exbook.php/Home/Index/upload
INFO: [ app_init ] --START--
INFO: Run Behavior\BuildLiteBehavior [ RunTime:0.000035s ]
INFO: [ app_init ] --END-- [ RunTime:0.001073s ]

[ 2016-06-10T14:18:12+08:00 ] ::1 /thinkphp/exbook.php/Home/Index/upload
INFO: [ app_init ] --START--
INFO: Run Behavior\BuildLiteBehavior [ RunTime:0.000039s ]
INFO: [ app_init ] --END-- [ RunTime:0.001314s ]

[ 2016-06-10T14:21:18+08:00 ] ::1 /thinkphp/exbook.php/Home/User/registerhtml
INFO: [ app_init ] --START--
INFO: Run Behavior\BuildLiteBehavior [ RunTime:0.000044s ]
INFO: [ app_init ] --END-- [ RunTime:0.001493s ]

[ 2016-06-10T14:21:42+08:00 ] ::1 /thinkphp/exbook.php/Home/User/registerhtml
INFO: [ app_init ] --START--
INFO: Run Behavior\BuildLiteBehavior [ RunTime:0.000046s ]
INFO: [ app_init ] --END-- [ RunTime:0.001601s ]

[ 2016-06-10T14:21:52+08:00 ] ::1 /thinkphp/exbook.php/Home/User/register
INFO: [ app_init ] --START--
INFO: Run Behavior\BuildLiteBehavior [ RunTime:0.000037s ]
INFO: [ app_init ] --END-- [ RunTime:0.001093s ]

[ 2016-06-10T14:22:58+08:00 ] ::1 /thinkphp/exbook.php/Home/User/register
INFO: [ app_init ] --START--
INFO: Run Behavior\BuildLiteBehavior [ RunTime:0.000041s ]
INFO: [ app_init ] --END-- [ RunTime:0.001255s ]

[ 2016-06-10T14:23:38+08:00 ] ::1 /thinkphp/exbook.php/Home/User/register
INFO: [ app_init ] --START--
INFO: Run Behavior\BuildLiteBehavior [ RunTime:0.000067s ]
INFO: [ app_init ] --END-- [ RunTime:0.001878s ]

[ 2016-06-10T14:28:42+08:00 ] ::1 /thinkphp/exbook.php/Home/User/register
INFO: [ app_init ] --START--
INFO: Run Behavior\BuildLiteBehavior [ RunTime:0.000040s ]
INFO: [ app_init ] --END-- [ RunTime:0.001390s ]

[ 2016-06-10T14:29:35+08:00 ] ::1 /thinkphp/exbook.php/Home/User/register
INFO: [ app_init ] --START--
INFO: Run Behavior\BuildLiteBehavior [ RunTime:0.000037s ]
INFO: [ app_init ] --END-- [ RunTime:0.001106s ]

[ 2016-06-10T14:30:14+08:00 ] ::1 /thinkphp/exbook.php/Home/User/register
INFO: [ app_init ] --START--
INFO: Run Behavior\BuildLiteBehavior [ RunTime:0.000037s ]
INFO: [ app_init ] --END-- [ RunTime:0.001067s ]

[ 2016-06-10T14:30:17+08:00 ] ::1 /thinkphp/exbook.php/Home/User/register
INFO: [ app_init ] --START--
INFO: Run Behavior\BuildLiteBehavior [ RunTime:0.000035s ]
INFO: [ app_init ] --END-- [ RunTime:0.001088s ]

[ 2016-06-10T14:31:35+08:00 ] ::1 /thinkphp/exbook.php/Home/User/register
INFO: [ app_init ] --START--
INFO: Run Behavior\BuildLiteBehavior [ RunTime:0.000046s ]
INFO: [ app_init ] --END-- [ RunTime:0.001996s ]

[ 2016-06-10T14:33:06+08:00 ] ::1 /thinkphp/exbook.php/Home/User/register
INFO: [ app_init ] --START--
INFO: Run Behavior\BuildLiteBehavior [ RunTime:0.000045s ]
INFO: [ app_init ] --END-- [ RunTime:0.001503s ]

[ 2016-06-10T14:39:21+08:00 ] ::1 /thinkphp/exbook.php/Home/User/register
INFO: [ app_init ] --START--
INFO: Run Behavior\BuildLiteBehavior [ RunTime:0.000041s ]
INFO: [ app_init ] --END-- [ RunTime:0.001417s ]

[ 2016-06-10T14:40:03+08:00 ] ::1 /thinkphp/exbook.php/Home/User/register
INFO: [ app_init ] --START--
INFO: Run Behavior\BuildLiteBehavior [ RunTime:0.000040s ]
INFO: [ app_init ] --END-- [ RunTime:0.001461s ]

[ 2016-06-10T14:40:59+08:00 ] ::1 /thinkphp/exbook.php/Home/User/register
INFO: [ app_init ] --START--
INFO: Run Behavior\BuildLiteBehavior [ RunTime:0.000039s ]
INFO: [ app_init ] --END-- [ RunTime:0.001199s ]

[ 2016-06-10T14:45:12+08:00 ] ::1 /thinkphp/exbook.php/Home/User/register
INFO: [ app_init ] --START--
INFO: Run Behavior\BuildLiteBehavior [ RunTime:0.000037s ]
INFO: [ app_init ] --END-- [ RunTime:0.001249s ]

[ 2016-06-10T14:45:15+08:00 ] ::1 /thinkphp/exbook.php/Home/User/register
INFO: [ app_init ] --START--
INFO: Run Behavior\BuildLiteBehavior [ RunTime:0.000066s ]
INFO: [ app_init ] --END-- [ RunTime:0.001845s ]

[ 2016-06-10T14:47:06+08:00 ] ::1 /thinkphp/exbook.php/Home/User/register
INFO: [ app_init ] --START--
INFO: Run Behavior\BuildLiteBehavior [ RunTime:0.000039s ]
INFO: [ app_init ] --END-- [ RunTime:0.001204s ]

[ 2016-06-10T16:12:09+08:00 ] ::1 /thinkphp/exbook.php/Home/User/registerhtml
INFO: [ app_init ] --START--
INFO: Run Behavior\BuildLiteBehavior [ RunTime:0.000037s ]
INFO: [ app_init ] --END-- [ RunTime:0.001337s ]

[ 2016-06-10T16:12:25+08:00 ] ::1 /thinkphp/exbook.php/Home/User/register
INFO: [ app_init ] --START--
INFO: Run Behavior\BuildLiteBehavior [ RunTime:0.000048s ]
INFO: [ app_init ] --END-- [ RunTime:0.001284s ]

[ 2016-06-10T16:12:45+08:00 ] ::1 /thinkphp/exbook.php/Home/User/register
INFO: [ app_init ] --START--
INFO: Run Behavior\BuildLiteBehavior [ RunTime:0.000040s ]
INFO: [ app_init ] --END-- [ RunTime:0.001307s ]

[ 2016-06-10T16:13:08+08:00 ] ::1 /thinkphp/exbook.php/Home/User/register
INFO: [ app_init ] --START--
INFO: Run Behavior\BuildLiteBehavior [ RunTime:0.000040s ]
INFO: [ app_init ] --END-- [ RunTime:0.001309s ]

[ 2016-06-10T16:13:25+08:00 ] ::1 /thinkphp/exbook.php/Home/User/register
INFO: [ app_init ] --START--
INFO: Run Behavior\BuildLiteBehavior [ RunTime:0.000061s ]
INFO: [ app_init ] --END-- [ RunTime:0.002025s ]

[ 2016-06-10T16:18:47+08:00 ] ::1 /thinkphp/exbook.php/Home/User/login
INFO: [ app_init ] --START--
INFO: Run Behavior\BuildLiteBehavior [ RunTime:0.000050s ]
INFO: [ app_init ] --END-- [ RunTime:0.003001s ]

[ 2016-06-10T16:19:23+08:00 ] ::1 /thinkphp/exbook.php/Home/User/login
INFO: [ app_init ] --START--
INFO: Run Behavior\BuildLiteBehavior [ RunTime:0.000052s ]
INFO: [ app_init ] --END-- [ RunTime:0.002196s ]

[ 2016-06-10T16:24:12+08:00 ] ::1 /thinkphp/exbook.php/Home/User/register
INFO: [ app_init ] --START--
INFO: Run Behavior\BuildLiteBehavior [ RunTime:0.000037s ]
INFO: [ app_init ] --END-- [ RunTime:0.001245s ]

[ 2016-06-10T16:24:32+08:00 ] ::1 /thinkphp/exbook.php/Home/User/register
INFO: [ app_init ] --START--
INFO: Run Behavior\BuildLiteBehavior [ RunTime:0.000044s ]
INFO: [ app_init ] --END-- [ RunTime:0.001940s ]

[ 2016-06-10T16:25:34+08:00 ] ::1 /thinkphp/exbook.php/Home/User/register
INFO: [ app_init ] --START--
INFO: Run Behavior\BuildLiteBehavior [ RunTime:0.000038s ]
INFO: [ app_init ] --END-- [ RunTime:0.001234s ]

